#
# There is insufficient memory for the Java Runtime Environment to continue.
# Native memory allocation (malloc) failed to allocate 499456 bytes for Chunk::new
# Possible reasons:
#   The system is out of physical RAM or swap space
#   The process is running with CompressedOops enabled, and the Java Heap may be blocking the growth of the native heap
# Possible solutions:
#   Reduce memory load on the system
#   Increase physical memory or swap space
#   Check if swap backing store is full
#   Decrease Java heap size (-Xmx/-Xms)
#   Decrease number of Java threads
#   Decrease Java thread stack sizes (-Xss)
#   Set larger code cache with -XX:ReservedCodeCacheSize=
#   JVM is running with Unscaled Compressed Oops mode in which the Java heap is
#     placed in the first 4GB address space. The Java Heap base address is the
#     maximum limit for the native heap growth. Please use -XX:HeapBaseMinAddress
#     to set the Java Heap base and to place the Java Heap above 4GB virtual address.
# This output file may be truncated or incomplete.
#
#  Out of Memory Error (arena.cpp:189), pid=2972, tid=14464
#
# JRE version: OpenJDK Runtime Environment Temurin-17.0.2+8 (17.0.2+8) (build 17.0.2+8)
# Java VM: OpenJDK 64-Bit Server VM Temurin-17.0.2+8 (17.0.2+8, mixed mode, tiered, compressed oops, compressed class ptrs, parallel gc, windows-amd64)
# No core dump will be written. Minidumps are not enabled by default on client versions of Windows
#

---------------  S U M M A R Y ------------

Command Line: --add-modules=ALL-SYSTEM --add-opens=java.base/java.util=ALL-UNNAMED --add-opens=java.base/java.lang=ALL-UNNAMED --add-opens=java.base/sun.nio.fs=ALL-UNNAMED -Declipse.application=org.eclipse.jdt.ls.core.id1 -Dosgi.bundles.defaultStartLevel=4 -Declipse.product=org.eclipse.jdt.ls.core.product -Djava.import.generatesMetadataFilesAtProjectRoot=false -Dfile.encoding=utf8 -DwatchParentProcess=false -XX:+UseParallelGC -XX:GCTimeRatio=4 -XX:AdaptiveSizePolicyWeight=90 -Dsun.zip.disableMemoryMapping=true -Xmx1G -Xms100m -XX:+HeapDumpOnOutOfMemoryError -XX:HeapDumpPath=c:\Users\admin\AppData\Roaming\Code\User\workspaceStorage\5651c2bef7803a3c371000bd4bbd2ad0\redhat.java c:\Users\admin\.vscode\extensions\redhat.java-1.6.0-win32-x64\server\plugins\org.eclipse.equinox.launcher_1.6.400.v20210924-0641.jar -configuration c:\Users\admin\AppData\Roaming\Code\User\globalStorage\redhat.java\1.6.0\config_win -data c:\Users\admin\AppData\Roaming\Code\User\workspaceStorage\5651c2bef7803a3c371000bd4bbd2ad0\redhat.java\jdt_ws

Host: Intel(R) Core(TM) i5-6300U CPU @ 2.40GHz, 4 cores, 7G,  Windows 10 , 64 bit Build 19041 (10.0.19041.1706)
Time: Fri May 27 10:33:48 2022 Eastern Daylight Time elapsed time: 5.835304 seconds (0d 0h 0m 5s)

---------------  T H R E A D  ---------------

Current thread (0x000001bb19ad5020):  JavaThread "C2 CompilerThread0" daemon [_thread_in_native, id=14464, stack(0x00000097ddc00000,0x00000097ddd00000)]


Current CompileTask:
C2:   5835 2753       4       java.io.BufferedInputStream::read1 (108 bytes)

Stack: [0x00000097ddc00000,0x00000097ddd00000]
Native frames: (J=compiled Java code, j=interpreted, Vv=VM code, C=native code)
V  [jvm.dll+0x67564a]
V  [jvm.dll+0x82fc04]
V  [jvm.dll+0x8313ae]
V  [jvm.dll+0x831a13]
V  [jvm.dll+0x245235]
V  [jvm.dll+0xabd7b]
V  [jvm.dll+0xac30c]
V  [jvm.dll+0x2ac33f]
V  [jvm.dll+0x57c559]
V  [jvm.dll+0x2202ed]
V  [jvm.dll+0x21978f]
V  [jvm.dll+0x2173eb]
V  [jvm.dll+0x1a3a8d]
V  [jvm.dll+0x226ef8]
V  [jvm.dll+0x22503c]
V  [jvm.dll+0x7e596b]
V  [jvm.dll+0x7dff2a]
V  [jvm.dll+0x6744d5]
C  [ucrtbase.dll+0x21bb2]
C  [KERNEL32.DLL+0x17034]
C  [ntdll.dll+0x52651]


---------------  P R O C E S S  ---------------

Threads class SMR info:
_java_thread_list=0x000001bb1d57d3c0, length=23, elements={
0x000001bb05c7e1e0, 0x000001bb19a91b60, 0x000001bb19a92b60, 0x000001bb19acc020,
0x000001bb19accda0, 0x000001bb19acf930, 0x000001bb19ad1360, 0x000001bb19ad5020,
0x000001bb19ad6170, 0x000001bb1b53cdf0, 0x000001bb1b623e10, 0x000001bb1b7189f0,
0x000001bb1be59ef0, 0x000001bb1bf599e0, 0x000001bb1bba6290, 0x000001bb1bf56020,
0x000001bb1bfca660, 0x000001bb1d107780, 0x000001bb1d227030, 0x000001bb1d1ab540,
0x000001bb1d1ab070, 0x000001bb1d1ac3b0, 0x000001bb1d1aba10
}

Java Threads: ( => current thread )
  0x000001bb05c7e1e0 JavaThread "main" [_thread_blocked, id=2632, stack(0x00000097dd200000,0x00000097dd300000)]
  0x000001bb19a91b60 JavaThread "Reference Handler" daemon [_thread_blocked, id=8688, stack(0x00000097dd600000,0x00000097dd700000)]
  0x000001bb19a92b60 JavaThread "Finalizer" daemon [_thread_blocked, id=1664, stack(0x00000097dd700000,0x00000097dd800000)]
  0x000001bb19acc020 JavaThread "Signal Dispatcher" daemon [_thread_blocked, id=7140, stack(0x00000097dd800000,0x00000097dd900000)]
  0x000001bb19accda0 JavaThread "Attach Listener" daemon [_thread_blocked, id=15140, stack(0x00000097dd900000,0x00000097dda00000)]
  0x000001bb19acf930 JavaThread "Service Thread" daemon [_thread_blocked, id=16032, stack(0x00000097dda00000,0x00000097ddb00000)]
  0x000001bb19ad1360 JavaThread "Monitor Deflation Thread" daemon [_thread_blocked, id=10120, stack(0x00000097ddb00000,0x00000097ddc00000)]
=>0x000001bb19ad5020 JavaThread "C2 CompilerThread0" daemon [_thread_in_native, id=14464, stack(0x00000097ddc00000,0x00000097ddd00000)]
  0x000001bb19ad6170 JavaThread "C1 CompilerThread0" daemon [_thread_blocked, id=10716, stack(0x00000097ddd00000,0x00000097dde00000)]
  0x000001bb1b53cdf0 JavaThread "Sweeper thread" daemon [_thread_blocked, id=14160, stack(0x00000097dde00000,0x00000097ddf00000)]
  0x000001bb1b623e10 JavaThread "Common-Cleaner" daemon [_thread_blocked, id=10900, stack(0x00000097ddf00000,0x00000097de000000)]
  0x000001bb1b7189f0 JavaThread "Notification Thread" daemon [_thread_blocked, id=1180, stack(0x00000097de000000,0x00000097de100000)]
  0x000001bb1be59ef0 JavaThread "Active Thread: Equinox Container: 01f62035-9022-49e9-80dc-2b40f8c6ee11" [_thread_blocked, id=13096, stack(0x00000097de300000,0x00000097de400000)]
  0x000001bb1bf599e0 JavaThread "Framework Event Dispatcher: Equinox Container: 01f62035-9022-49e9-80dc-2b40f8c6ee11" daemon [_thread_blocked, id=5184, stack(0x00000097de400000,0x00000097de500000)]
  0x000001bb1bba6290 JavaThread "Start Level: Equinox Container: 01f62035-9022-49e9-80dc-2b40f8c6ee11" daemon [_thread_in_vm, id=6840, stack(0x00000097de800000,0x00000097de900000)]
  0x000001bb1bf56020 JavaThread "SCR Component Actor" daemon [_thread_blocked, id=11568, stack(0x00000097de900000,0x00000097dea00000)]
  0x000001bb1bfca660 JavaThread "Timer-0" [_thread_blocked, id=6736, stack(0x00000097de200000,0x00000097de300000)]
  0x000001bb1d107780 JavaThread "Bundle File Closer" daemon [_thread_blocked, id=11416, stack(0x00000097dea00000,0x00000097deb00000)]
  0x000001bb1d227030 JavaThread "Worker-JM" [_thread_blocked, id=9388, stack(0x00000097deb00000,0x00000097dec00000)]
  0x000001bb1d1ab540 JavaThread "Worker-0" [_thread_blocked, id=6856, stack(0x00000097dec00000,0x00000097ded00000)]
  0x000001bb1d1ab070 JavaThread "Worker-1" [_thread_blocked, id=15992, stack(0x00000097ded00000,0x00000097dee00000)]
  0x000001bb1d1ac3b0 JavaThread "Worker-2" [_thread_blocked, id=17132, stack(0x00000097dee00000,0x00000097def00000)]
  0x000001bb1d1aba10 JavaThread "Java indexing" daemon [_thread_blocked, id=8, stack(0x00000097df000000,0x00000097df100000)]

Other Threads:
  0x000001bb19a787d0 VMThread "VM Thread" [stack: 0x00000097dd500000,0x00000097dd600000] [id=15972]
  0x000001bb1b718ec0 WatcherThread [stack: 0x00000097de100000,0x00000097de200000] [id=9084]
  0x000001bb05c95da0 GCTaskThread "GC Thread#0" [stack: 0x00000097dd400000,0x00000097dd500000] [id=3068]
  0x000001bb1b781380 GCTaskThread "GC Thread#1" [stack: 0x00000097de500000,0x00000097de600000] [id=14016]
  0x000001bb1bf5a360 GCTaskThread "GC Thread#2" [stack: 0x00000097de600000,0x00000097de700000] [id=8136]
  0x000001bb1bf5a610 GCTaskThread "GC Thread#3" [stack: 0x00000097de700000,0x00000097de800000] [id=7404]

Threads with active compile tasks:
C2 CompilerThread0     5877 2753       4       java.io.BufferedInputStream::read1 (108 bytes)

VM state: not at safepoint (normal execution)

VM Mutex/Monitor currently owned by a thread:  ([mutex/lock_event])
[0x000001bb05c785d0] Metaspace_lock - owner thread: 0x000001bb1bba6290

Heap address: 0x00000000c0000000, size: 1024 MB, Compressed Oops mode: 32-bit

CDS archive(s) not mapped
Compressed class space mapped at: 0x0000000100000000-0x0000000140000000, reserved size: 1073741824
Narrow klass base: 0x0000000000000000, Narrow klass shift: 3, Narrow klass range: 0x140000000

GC Precious Log:
 CPUs: 4 total, 4 available
 Memory: 7856M
 Large Page Support: Disabled
 NUMA Support: Disabled
 Compressed Oops: Enabled (32-bit)
 Alignments: Space 512K, Generation 512K, Heap 2M
 Heap Min Capacity: 100M
 Heap Initial Capacity: 100M
 Heap Max Capacity: 1G
 Pre-touch: Disabled
 Parallel Workers: 4

Heap:
 PSYoungGen      total 29696K, used 8004K [0x00000000eab00000, 0x00000000ecc00000, 0x0000000100000000)
  eden space 25600K, 25% used [0x00000000eab00000,0x00000000eb16a3e0,0x00000000ec400000)
  from space 4096K, 35% used [0x00000000ec800000,0x00000000ec966f38,0x00000000ecc00000)
  to   space 4096K, 0% used [0x00000000ec400000,0x00000000ec400000,0x00000000ec800000)
 ParOldGen       total 68608K, used 9795K [0x00000000c0000000, 0x00000000c4300000, 0x00000000eab00000)
  object space 68608K, 14% used [0x00000000c0000000,0x00000000c0990f60,0x00000000c4300000)
 Metaspace       used 29510K, committed 30016K, reserved 1081344K
  class space    used 2920K, committed 3200K, reserved 1048576K

Card table byte_map: [0x000001bb05640000,0x000001bb05850000] _byte_map_base: 0x000001bb05040000

Marking Bits: (ParMarkBitMap*) 0x00007fffa81c3af0
 Begin Bits: [0x000001bb17910000, 0x000001bb18910000)
 End Bits:   [0x000001bb18910000, 0x000001bb19910000)

Polling page: 0x000001bb03ad0000

Metaspace:

Usage:
  Non-class:     25.97 MB used.
      Class:      2.85 MB used.
       Both:     28.82 MB used.

Virtual space:
  Non-class space:       32.00 MB reserved,      26.19 MB ( 82%) committed,  4 nodes.
      Class space:        1.00 GB reserved,       3.12 MB ( <1%) committed,  1 nodes.
             Both:        1.03 GB reserved,      29.31 MB (  3%) committed. 

Chunk freelists:
   Non-Class:  1.67 MB
       Class:  820.00 KB
        Both:  2.47 MB

MaxMetaspaceSize: unlimited
CompressedClassSpaceSize: 1.00 GB
Initial GC threshold: 21.00 MB
Current GC threshold: 35.00 MB
CDS: off
MetaspaceReclaimPolicy: balanced
 - commit_granule_bytes: 65536.
 - commit_granule_words: 8192.
 - virtual_space_node_default_size: 1048576.
 - enlarge_chunks_in_place: 1.
 - new_chunks_are_fully_committed: 0.
 - uncommit_free_chunks: 1.
 - use_allocation_guard: 0.
 - handle_deallocations: 1.


Internal statistics:

num_allocs_failed_limit: 3.
num_arena_births: 216.
num_arena_deaths: 0.
num_vsnodes_births: 5.
num_vsnodes_deaths: 0.
num_space_committed: 469.
num_space_uncommitted: 0.
num_chunks_returned_to_freelist: 3.
num_chunks_taken_from_freelist: 1016.
num_chunk_merges: 3.
num_chunk_splits: 681.
num_chunks_enlarged: 464.
num_purges: 0.
num_inconsistent_stats: 0.

CodeHeap 'non-profiled nmethods': size=120000Kb used=1022Kb max_used=1022Kb free=118977Kb
 bounds [0x000001bb103e0000, 0x000001bb10650000, 0x000001bb17910000]
CodeHeap 'profiled nmethods': size=120000Kb used=5765Kb max_used=5765Kb free=114234Kb
 bounds [0x000001bb08eb0000, 0x000001bb09460000, 0x000001bb103e0000]
CodeHeap 'non-nmethods': size=5760Kb used=1231Kb max_used=1276Kb free=4528Kb
 bounds [0x000001bb08910000, 0x000001bb08b80000, 0x000001bb08eb0000]
 total_blobs=3310 nmethods=2769 adapters=455
 compilation: enabled
              stopped_count=0, restarted_count=0
 full_count=0

Compilation events (20 events):
Event: 5.801 Thread 0x000001bb19ad6170 2762       3       java.io.ObjectInputStream$BlockDataInputStream::getBytesRead (8 bytes)
Event: 5.801 Thread 0x000001bb19ad6170 nmethod 2762 0x000001bb0944ba10 code [0x000001bb0944bba0, 0x000001bb0944bcd8]
Event: 5.801 Thread 0x000001bb19ad6170 2763       3       jdk.internal.event.DeserializationEvent::<init> (5 bytes)
Event: 5.801 Thread 0x000001bb19ad6170 nmethod 2763 0x000001bb0944bd90 code [0x000001bb0944bf40, 0x000001bb0944c0f8]
Event: 5.801 Thread 0x000001bb19ad6170 2760       3       java.io.ObjectInputStream$HandleTable::lookupObject (26 bytes)
Event: 5.802 Thread 0x000001bb19ad6170 nmethod 2760 0x000001bb0944c210 code [0x000001bb0944c3c0, 0x000001bb0944c5d8]
Event: 5.802 Thread 0x000001bb19ad6170 2765       3       java.io.ObjectStreamClass::hasWriteObjectData (9 bytes)
Event: 5.802 Thread 0x000001bb19ad6170 nmethod 2765 0x000001bb0944c710 code [0x000001bb0944c8c0, 0x000001bb0944cb48]
Event: 5.802 Thread 0x000001bb19ad6170 2744       1       java.io.ObjectStreamClass::getNumObjFields (5 bytes)
Event: 5.802 Thread 0x000001bb19ad6170 nmethod 2744 0x000001bb104dec10 code [0x000001bb104deda0, 0x000001bb104dee78]
Event: 5.802 Thread 0x000001bb19ad6170 2751       3       java.io.ObjectInputStream$HandleTable::assign (48 bytes)
Event: 5.802 Thread 0x000001bb19ad6170 nmethod 2751 0x000001bb0944cc90 code [0x000001bb0944ce40, 0x000001bb0944d168]
Event: 5.802 Thread 0x000001bb19ad6170 2748       1       java.io.ObjectStreamClass::getResolveException (5 bytes)
Event: 5.803 Thread 0x000001bb19ad6170 nmethod 2748 0x000001bb104def10 code [0x000001bb104df0a0, 0x000001bb104df178]
Event: 5.803 Thread 0x000001bb19ad6170 2766       1       java.io.SerialCallbackContext::getDesc (5 bytes)
Event: 5.803 Thread 0x000001bb19ad6170 nmethod 2766 0x000001bb104df210 code [0x000001bb104df3a0, 0x000001bb104df478]
Event: 5.803 Thread 0x000001bb19ad6170 2764       1       org.eclipse.m2e.core.internal.project.registry.RequiredCapability::getVersionlessKey (5 bytes)
Event: 5.803 Thread 0x000001bb19ad6170 nmethod 2764 0x000001bb104df510 code [0x000001bb104df6a0, 0x000001bb104df778]
Event: 5.803 Thread 0x000001bb19ad6170 2767       1       java.io.ObjectStreamField::getOffset (5 bytes)
Event: 5.803 Thread 0x000001bb19ad6170 nmethod 2767 0x000001bb104df810 code [0x000001bb104df9a0, 0x000001bb104dfa78]

GC Heap History (10 events):
Event: 2.258 GC heap before
{Heap before GC invocations=1 (full 0):
 PSYoungGen      total 29696K, used 25600K [0x00000000eab00000, 0x00000000ecc00000, 0x0000000100000000)
  eden space 25600K, 100% used [0x00000000eab00000,0x00000000ec400000,0x00000000ec400000)
  from space 4096K, 0% used [0x00000000ec800000,0x00000000ec800000,0x00000000ecc00000)
  to   space 4096K, 0% used [0x00000000ec400000,0x00000000ec400000,0x00000000ec800000)
 ParOldGen       total 68608K, used 0K [0x00000000c0000000, 0x00000000c4300000, 0x00000000eab00000)
  object space 68608K, 0% used [0x00000000c0000000,0x00000000c0000000,0x00000000c4300000)
 Metaspace       used 12862K, committed 13056K, reserved 1064960K
  class space    used 1298K, committed 1408K, reserved 1048576K
}
Event: 2.272 GC heap after
{Heap after GC invocations=1 (full 0):
 PSYoungGen      total 29696K, used 4087K [0x00000000eab00000, 0x00000000ecc00000, 0x0000000100000000)
  eden space 25600K, 0% used [0x00000000eab00000,0x00000000eab00000,0x00000000ec400000)
  from space 4096K, 99% used [0x00000000ec400000,0x00000000ec7fdf98,0x00000000ec800000)
  to   space 4096K, 0% used [0x00000000ec800000,0x00000000ec800000,0x00000000ecc00000)
 ParOldGen       total 68608K, used 730K [0x00000000c0000000, 0x00000000c4300000, 0x00000000eab00000)
  object space 68608K, 1% used [0x00000000c0000000,0x00000000c00b6b60,0x00000000c4300000)
 Metaspace       used 12862K, committed 13056K, reserved 1064960K
  class space    used 1298K, committed 1408K, reserved 1048576K
}
Event: 4.357 GC heap before
{Heap before GC invocations=2 (full 0):
 PSYoungGen      total 29696K, used 29687K [0x00000000eab00000, 0x00000000ecc00000, 0x0000000100000000)
  eden space 25600K, 100% used [0x00000000eab00000,0x00000000ec400000,0x00000000ec400000)
  from space 4096K, 99% used [0x00000000ec400000,0x00000000ec7fdf98,0x00000000ec800000)
  to   space 4096K, 0% used [0x00000000ec800000,0x00000000ec800000,0x00000000ecc00000)
 ParOldGen       total 68608K, used 730K [0x00000000c0000000, 0x00000000c4300000, 0x00000000eab00000)
  object space 68608K, 1% used [0x00000000c0000000,0x00000000c00b6b60,0x00000000c4300000)
 Metaspace       used 20106K, committed 20480K, reserved 1073152K
  class space    used 2039K, committed 2240K, reserved 1048576K
}
Event: 4.369 GC heap after
{Heap after GC invocations=2 (full 0):
 PSYoungGen      total 29696K, used 4079K [0x00000000eab00000, 0x00000000ecc00000, 0x0000000100000000)
  eden space 25600K, 0% used [0x00000000eab00000,0x00000000eab00000,0x00000000ec400000)
  from space 4096K, 99% used [0x00000000ec800000,0x00000000ecbfbe38,0x00000000ecc00000)
  to   space 4096K, 0% used [0x00000000ec400000,0x00000000ec400000,0x00000000ec800000)
 ParOldGen       total 68608K, used 5755K [0x00000000c0000000, 0x00000000c4300000, 0x00000000eab00000)
  object space 68608K, 8% used [0x00000000c0000000,0x00000000c059ef60,0x00000000c4300000)
 Metaspace       used 20106K, committed 20480K, reserved 1073152K
  class space    used 2039K, committed 2240K, reserved 1048576K
}
Event: 4.497 GC heap before
{Heap before GC invocations=3 (full 0):
 PSYoungGen      total 29696K, used 7192K [0x00000000eab00000, 0x00000000ecc00000, 0x0000000100000000)
  eden space 25600K, 12% used [0x00000000eab00000,0x00000000eae0a458,0x00000000ec400000)
  from space 4096K, 99% used [0x00000000ec800000,0x00000000ecbfbe38,0x00000000ecc00000)
  to   space 4096K, 0% used [0x00000000ec400000,0x00000000ec400000,0x00000000ec800000)
 ParOldGen       total 68608K, used 5755K [0x00000000c0000000, 0x00000000c4300000, 0x00000000eab00000)
  object space 68608K, 8% used [0x00000000c0000000,0x00000000c059ef60,0x00000000c4300000)
 Metaspace       used 21073K, committed 21504K, reserved 1073152K
  class space    used 2130K, committed 2368K, reserved 1048576K
}
Event: 4.503 GC heap after
{Heap after GC invocations=3 (full 0):
 PSYoungGen      total 29696K, used 4091K [0x00000000eab00000, 0x00000000ecc00000, 0x0000000100000000)
  eden space 25600K, 0% used [0x00000000eab00000,0x00000000eab00000,0x00000000ec400000)
  from space 4096K, 99% used [0x00000000ec400000,0x00000000ec7fedf8,0x00000000ec800000)
  to   space 4096K, 0% used [0x00000000ec800000,0x00000000ec800000,0x00000000ecc00000)
 ParOldGen       total 68608K, used 5991K [0x00000000c0000000, 0x00000000c4300000, 0x00000000eab00000)
  object space 68608K, 8% used [0x00000000c0000000,0x00000000c05d9f70,0x00000000c4300000)
 Metaspace       used 21073K, committed 21504K, reserved 1073152K
  class space    used 2130K, committed 2368K, reserved 1048576K
}
Event: 4.503 GC heap before
{Heap before GC invocations=4 (full 1):
 PSYoungGen      total 29696K, used 4091K [0x00000000eab00000, 0x00000000ecc00000, 0x0000000100000000)
  eden space 25600K, 0% used [0x00000000eab00000,0x00000000eab00000,0x00000000ec400000)
  from space 4096K, 99% used [0x00000000ec400000,0x00000000ec7fedf8,0x00000000ec800000)
  to   space 4096K, 0% used [0x00000000ec800000,0x00000000ec800000,0x00000000ecc00000)
 ParOldGen       total 68608K, used 5991K [0x00000000c0000000, 0x00000000c4300000, 0x00000000eab00000)
  object space 68608K, 8% used [0x00000000c0000000,0x00000000c05d9f70,0x00000000c4300000)
 Metaspace       used 21073K, committed 21504K, reserved 1073152K
  class space    used 2130K, committed 2368K, reserved 1048576K
}
Event: 4.539 GC heap after
{Heap after GC invocations=4 (full 1):
 PSYoungGen      total 29696K, used 0K [0x00000000eab00000, 0x00000000ecc00000, 0x0000000100000000)
  eden space 25600K, 0% used [0x00000000eab00000,0x00000000eab00000,0x00000000ec400000)
  from space 4096K, 0% used [0x00000000ec400000,0x00000000ec400000,0x00000000ec800000)
  to   space 4096K, 0% used [0x00000000ec800000,0x00000000ec800000,0x00000000ecc00000)
 ParOldGen       total 68608K, used 9787K [0x00000000c0000000, 0x00000000c4300000, 0x00000000eab00000)
  object space 68608K, 14% used [0x00000000c0000000,0x00000000c098ef60,0x00000000c4300000)
 Metaspace       used 21073K, committed 21504K, reserved 1073152K
  class space    used 2130K, committed 2368K, reserved 1048576K
}
Event: 5.346 GC heap before
{Heap before GC invocations=5 (full 1):
 PSYoungGen      total 29696K, used 25600K [0x00000000eab00000, 0x00000000ecc00000, 0x0000000100000000)
  eden space 25600K, 100% used [0x00000000eab00000,0x00000000ec400000,0x00000000ec400000)
  from space 4096K, 0% used [0x00000000ec400000,0x00000000ec400000,0x00000000ec800000)
  to   space 4096K, 0% used [0x00000000ec800000,0x00000000ec800000,0x00000000ecc00000)
 ParOldGen       total 68608K, used 9787K [0x00000000c0000000, 0x00000000c4300000, 0x00000000eab00000)
  object space 68608K, 14% used [0x00000000c0000000,0x00000000c098ef60,0x00000000c4300000)
 Metaspace       used 27942K, committed 28416K, reserved 1081344K
  class space    used 2717K, committed 2944K, reserved 1048576K
}
Event: 5.348 GC heap after
{Heap after GC invocations=5 (full 1):
 PSYoungGen      total 29696K, used 1435K [0x00000000eab00000, 0x00000000ecc00000, 0x0000000100000000)
  eden space 25600K, 0% used [0x00000000eab00000,0x00000000eab00000,0x00000000ec400000)
  from space 4096K, 35% used [0x00000000ec800000,0x00000000ec966f38,0x00000000ecc00000)
  to   space 4096K, 0% used [0x00000000ec400000,0x00000000ec400000,0x00000000ec800000)
 ParOldGen       total 68608K, used 9795K [0x00000000c0000000, 0x00000000c4300000, 0x00000000eab00000)
  object space 68608K, 14% used [0x00000000c0000000,0x00000000c0990f60,0x00000000c4300000)
 Metaspace       used 27942K, committed 28416K, reserved 1081344K
  class space    used 2717K, committed 2944K, reserved 1048576K
}

Deoptimization events (20 events):
Event: 5.397 Thread 0x000001bb1bba6290 Uncommon trap: trap_request=0xffffff45 fr.pc=0x000001bb10402b9c relative=0x000000000000011c
Event: 5.397 Thread 0x000001bb1bba6290 Uncommon trap: reason=unstable_if action=reinterpret pc=0x000001bb10402b9c method=java.lang.StringCoding.hasNegatives([BII)Z @ 12 c2
Event: 5.397 Thread 0x000001bb1bba6290 DEOPT PACKING pc=0x000001bb10402b9c sp=0x00000097de8f8200
Event: 5.398 Thread 0x000001bb1bba6290 DEOPT UNPACKING pc=0x000001bb089620a3 sp=0x00000097de8f8190 mode 2
Event: 5.402 Thread 0x000001bb1bba6290 DEOPT PACKING pc=0x000001bb094197d6 sp=0x00000097de8f8200
Event: 5.402 Thread 0x000001bb1bba6290 DEOPT UNPACKING pc=0x000001bb08962843 sp=0x00000097de8f7688 mode 0
Event: 5.410 Thread 0x000001bb1bba6290 DEOPT PACKING pc=0x000001bb094197d6 sp=0x00000097de8f8200
Event: 5.410 Thread 0x000001bb1bba6290 DEOPT UNPACKING pc=0x000001bb08962843 sp=0x00000097de8f7688 mode 0
Event: 5.424 Thread 0x000001bb1bba6290 Uncommon trap: trap_request=0xffffff45 fr.pc=0x000001bb10413a78 relative=0x0000000000002278
Event: 5.424 Thread 0x000001bb1bba6290 Uncommon trap: reason=unstable_if action=reinterpret pc=0x000001bb10413a78 method=java.util.jar.Manifest$FastInputStream.peek()B @ 8 c2
Event: 5.424 Thread 0x000001bb1bba6290 DEOPT PACKING pc=0x000001bb10413a78 sp=0x00000097de8f8330
Event: 5.424 Thread 0x000001bb1bba6290 DEOPT UNPACKING pc=0x000001bb089620a3 sp=0x00000097de8f82c8 mode 2
Event: 5.439 Thread 0x000001bb1bba6290 DEOPT PACKING pc=0x000001bb094197d6 sp=0x00000097de8f8130
Event: 5.439 Thread 0x000001bb1bba6290 DEOPT UNPACKING pc=0x000001bb08962843 sp=0x00000097de8f75b8 mode 0
Event: 5.448 Thread 0x000001bb1bba6290 Uncommon trap: trap_request=0xffffff45 fr.pc=0x000001bb10474808 relative=0x0000000000000088
Event: 5.448 Thread 0x000001bb1bba6290 Uncommon trap: reason=unstable_if action=reinterpret pc=0x000001bb10474808 method=java.util.jar.Manifest$FastInputStream.peek()B @ 8 c2
Event: 5.448 Thread 0x000001bb1bba6290 DEOPT PACKING pc=0x000001bb10474808 sp=0x00000097de8f8230
Event: 5.448 Thread 0x000001bb1bba6290 DEOPT UNPACKING pc=0x000001bb089620a3 sp=0x00000097de8f81c0 mode 2
Event: 5.479 Thread 0x000001bb1bba6290 DEOPT PACKING pc=0x000001bb094197d6 sp=0x00000097de8f80c0
Event: 5.479 Thread 0x000001bb1bba6290 DEOPT UNPACKING pc=0x000001bb08962843 sp=0x00000097de8f7548 mode 0

Classes unloaded (0 events):
No events

Classes redefined (0 events):
No events

Internal exceptions (20 events):
Event: 1.553 Thread 0x000001bb05c7e1e0 Exception <a 'java/lang/NoSuchMethodError'{0x00000000eb8f1af0}: 'java.lang.Object java.lang.invoke.DirectMethodHandle$Holder.invokeStaticInit(java.lang.Object, java.lang.Object, int, int, int, int)'> (0x00000000eb8f1af0) 
thrown [e:\jenkins\tmp\workspace\build\src\src\hotspot\share\interpreter\linkResolver.cpp, line 766]
Event: 1.587 Thread 0x000001bb05c7e1e0 Exception <a 'java/lang/NoSuchMethodError'{0x00000000eb986138}: 'void java.lang.invoke.DirectMethodHandle$Holder.invokeSpecial(java.lang.Object, java.lang.Object, java.lang.Object)'> (0x00000000eb986138) 
thrown [e:\jenkins\tmp\workspace\build\src\src\hotspot\share\interpreter\linkResolver.cpp, line 766]
Event: 1.946 Thread 0x000001bb05c7e1e0 Exception <a 'java/lang/NoSuchMethodError'{0x00000000ec067a40}: 'java.lang.Object java.lang.invoke.DirectMethodHandle$Holder.newInvokeSpecial(java.lang.Object, int, java.lang.Object)'> (0x00000000ec067a40) 
thrown [e:\jenkins\tmp\workspace\build\src\src\hotspot\share\interpreter\linkResolver.cpp, line 766]
Event: 2.273 Thread 0x000001bb05c7e1e0 Exception <a 'java/lang/UnsatisfiedLinkError'{0x00000000eab013a8}: 'void org.eclipse.equinox.launcher.JNIBridge._update_splash()'> (0x00000000eab013a8) 
thrown [e:\jenkins\tmp\workspace\build\src\src\hotspot\share\prims\nativeLookup.cpp, line 543]
Event: 2.378 Thread 0x000001bb1bba6290 Exception <a 'java/lang/NoSuchMethodError'{0x00000000ead229e0}: 'java.lang.Object java.lang.invoke.DirectMethodHandle$Holder.invokeStaticInit(java.lang.Object)'> (0x00000000ead229e0) 
thrown [e:\jenkins\tmp\workspace\build\src\src\hotspot\share\interpreter\linkResolver.cpp, line 766]
Event: 2.660 Thread 0x000001bb1bba6290 Exception <a 'java/io/FileNotFoundException'{0x00000000eb031da8}> (0x00000000eb031da8) 
thrown [e:\jenkins\tmp\workspace\build\src\src\hotspot\share\prims\jni.cpp, line 516]
Event: 3.616 Thread 0x000001bb1bba6290 Exception <a 'java/lang/NoSuchMethodError'{0x00000000ebebed28}: 'void java.lang.invoke.DirectMethodHandle$Holder.invokeInterface(java.lang.Object, java.lang.Object, java.lang.Object)'> (0x00000000ebebed28) 
thrown [e:\jenkins\tmp\workspace\build\src\src\hotspot\share\interpreter\linkResolver.cpp, line 766]
Event: 3.719 Thread 0x000001bb1bba6290 Exception <a 'java/lang/NoSuchMethodError'{0x00000000ec054890}: 'java.lang.Object java.lang.invoke.Invokers$Holder.invokeExact_MT(java.lang.Object, java.lang.Object, java.lang.Object, java.lang.Object, java.lang.Object, java.lang.Object)'> (0x00000000ec054890) 
thrown [e:\jenkins\tmp\workspace\build\src\src\hotspot\share\interpreter\linkResolver.cpp, line 766]
Event: 3.737 Thread 0x000001bb1bba6290 Exception <a 'java/io/FileNotFoundException'{0x00000000ec099b00}> (0x00000000ec099b00) 
thrown [e:\jenkins\tmp\workspace\build\src\src\hotspot\share\prims\jni.cpp, line 516]
Event: 4.373 Thread 0x000001bb1bba6290 Exception <a 'java/lang/NoSuchMethodError'{0x00000000eab04738}: 'int java.lang.invoke.DirectMethodHandle$Holder.invokeStaticInit(java.lang.Object, java.lang.Object, java.lang.Object)'> (0x00000000eab04738) 
thrown [e:\jenkins\tmp\workspace\build\src\src\hotspot\share\interpreter\linkResolver.cpp, line 766]
Event: 4.388 Thread 0x000001bb1bba6290 Exception <a 'java/lang/IncompatibleClassChangeError'{0x00000000eab459e8}: Found class java.lang.Object, but interface was expected> (0x00000000eab459e8) 
thrown [e:\jenkins\tmp\workspace\build\src\src\hotspot\share\interpreter\linkResolver.cpp, line 833]
Event: 4.589 Thread 0x000001bb1bba6290 Exception <a 'java/io/FileNotFoundException'{0x00000000eacb7308}> (0x00000000eacb7308) 
thrown [e:\jenkins\tmp\workspace\build\src\src\hotspot\share\prims\jni.cpp, line 516]
Event: 4.589 Thread 0x000001bb1bba6290 Exception <a 'java/io/FileNotFoundException'{0x00000000eacb8448}> (0x00000000eacb8448) 
thrown [e:\jenkins\tmp\workspace\build\src\src\hotspot\share\prims\jni.cpp, line 516]
Event: 4.589 Thread 0x000001bb1bba6290 Exception <a 'java/io/FileNotFoundException'{0x00000000eacb9598}> (0x00000000eacb9598) 
thrown [e:\jenkins\tmp\workspace\build\src\src\hotspot\share\prims\jni.cpp, line 516]
Event: 5.027 Thread 0x000001bb1bba6290 Exception <a 'java/lang/ClassNotFoundException'{0x00000000ebeeb768}: com/sun/org/apache/xerces/internal/impl/msg/spi/DOMMessagesProvider> (0x00000000ebeeb768) 
thrown [e:\jenkins\tmp\workspace\build\src\src\hotspot\share\classfile\systemDictionary.cpp, line 256]
Event: 5.036 Thread 0x000001bb1bba6290 Exception <a 'java/lang/ClassNotFoundException'{0x00000000ebf04950}: com/sun/org/apache/xerces/internal/impl/msg/spi/XMLSerializerMessagesProvider> (0x00000000ebf04950) 
thrown [e:\jenkins\tmp\workspace\build\src\src\hotspot\share\classfile\systemDictionary.cpp, line 256]
Event: 5.038 Thread 0x000001bb1bba6290 Exception <a 'java/lang/ClassNotFoundException'{0x00000000ebf11c28}: com/sun/org/apache/xerces/internal/impl/msg/spi/XMLMessagesProvider> (0x00000000ebf11c28) 
thrown [e:\jenkins\tmp\workspace\build\src\src\hotspot\share\classfile\systemDictionary.cpp, line 256]
Event: 5.128 Thread 0x000001bb1bba6290 Exception <a 'sun/nio/fs/WindowsException'{0x00000000ec0f9138}> (0x00000000ec0f9138) 
thrown [e:\jenkins\tmp\workspace\build\src\src\hotspot\share\prims\jni.cpp, line 516]
Event: 5.244 Thread 0x000001bb1bba6290 Exception <a 'java/lang/ClassNotFoundException'{0x00000000ec24bf40}: com/sun/org/apache/xml/internal/serializer/spi/XMLEntitiesProvider> (0x00000000ec24bf40) 
thrown [e:\jenkins\tmp\workspace\build\src\src\hotspot\share\classfile\systemDictionary.cpp, line 256]
Event: 5.641 Thread 0x000001bb1bba6290 Exception <a 'java/lang/NoSuchMethodError'{0x00000000eb003788}: 'void java.lang.invoke.DirectMethodHandle$Holder.invokeSpecial(java.lang.Object, java.lang.Object, java.lang.Object, int)'> (0x00000000eb003788) 
thrown [e:\jenkins\tmp\workspace\build\src\src\hotspot\share\interpreter\linkResolver.cpp, line 766]

VM Operations (20 events):
Event: 3.476 Executing VM operation: HandshakeAllThreads
Event: 3.476 Executing VM operation: HandshakeAllThreads done
Event: 3.589 Executing VM operation: HandshakeAllThreads
Event: 3.589 Executing VM operation: HandshakeAllThreads done
Event: 3.593 Executing VM operation: HandshakeAllThreads
Event: 3.593 Executing VM operation: HandshakeAllThreads done
Event: 4.357 Executing VM operation: ParallelGCFailedAllocation
Event: 4.370 Executing VM operation: ParallelGCFailedAllocation done
Event: 4.497 Executing VM operation: CollectForMetadataAllocation
Event: 4.539 Executing VM operation: CollectForMetadataAllocation done
Event: 5.142 Executing VM operation: HandshakeAllThreads
Event: 5.144 Executing VM operation: HandshakeAllThreads done
Event: 5.242 Executing VM operation: HandshakeAllThreads
Event: 5.242 Executing VM operation: HandshakeAllThreads done
Event: 5.245 Executing VM operation: HandshakeAllThreads
Event: 5.245 Executing VM operation: HandshakeAllThreads done
Event: 5.294 Executing VM operation: HandshakeAllThreads
Event: 5.294 Executing VM operation: HandshakeAllThreads done
Event: 5.346 Executing VM operation: ParallelGCFailedAllocation
Event: 5.348 Executing VM operation: ParallelGCFailedAllocation done

Events (20 events):
Event: 5.693 loading class java/io/ObjectStreamClass$2 done
Event: 5.693 loading class jdk/internal/reflect/UnsafeQualifiedStaticLongFieldAccessorImpl
Event: 5.693 loading class jdk/internal/reflect/UnsafeQualifiedStaticLongFieldAccessorImpl done
Event: 5.694 loading class jdk/internal/reflect/SerializationConstructorAccessorImpl
Event: 5.694 loading class jdk/internal/reflect/SerializationConstructorAccessorImpl done
Event: 5.719 loading class java/io/ObjectStreamClass$FieldReflectorKey
Event: 5.719 loading class java/io/ObjectStreamClass$FieldReflectorKey done
Event: 5.720 loading class java/io/ObjectStreamClass$FieldReflector
Event: 5.720 loading class java/io/ObjectStreamClass$FieldReflector done
Event: 5.723 loading class java/io/ObjectStreamClass$ClassDataSlot
Event: 5.723 loading class java/io/ObjectStreamClass$ClassDataSlot done
Event: 5.724 loading class java/io/ObjectInputStream$FieldValues
Event: 5.724 loading class java/io/ObjectInputStream$GetField
Event: 5.724 loading class java/io/ObjectInputStream$GetField done
Event: 5.724 loading class java/io/ObjectInputStream$FieldValues done
Event: 5.744 loading class java/io/SerialCallbackContext
Event: 5.744 loading class java/io/SerialCallbackContext done
Event: 5.744 loading class java/util/HashMap$UnsafeHolder
Event: 5.744 loading class java/util/HashMap$UnsafeHolder done
Event: 5.775 Thread 0x000001bb1d4a7080 Thread exited: 0x000001bb1d4a7080


Dynamic libraries:
0x00007ff694b40000 - 0x00007ff694b4e000 	c:\Users\admin\.vscode\extensions\redhat.java-1.6.0-win32-x64\jre\17.0.2-win32-x86_64\bin\java.exe
0x00007fffdd6d0000 - 0x00007fffdd8c5000 	C:\WINDOWS\SYSTEM32\ntdll.dll
0x00007fffdb9f0000 - 0x00007fffdbaad000 	C:\WINDOWS\System32\KERNEL32.DLL
0x00007fffdb240000 - 0x00007fffdb50d000 	C:\WINDOWS\System32\KERNELBASE.dll
0x00007fffdb140000 - 0x00007fffdb240000 	C:\WINDOWS\System32\ucrtbase.dll
0x00007fffd85e0000 - 0x00007fffd85f8000 	c:\Users\admin\.vscode\extensions\redhat.java-1.6.0-win32-x64\jre\17.0.2-win32-x86_64\bin\jli.dll
0x00007fffdcb30000 - 0x00007fffdccd0000 	C:\WINDOWS\System32\USER32.dll
0x00007fffdade0000 - 0x00007fffdae02000 	C:\WINDOWS\System32\win32u.dll
0x00007fffdc880000 - 0x00007fffdc8aa000 	C:\WINDOWS\System32\GDI32.dll
0x00007fffdb510000 - 0x00007fffdb61b000 	C:\WINDOWS\System32\gdi32full.dll
0x00007fffdae10000 - 0x00007fffdaead000 	C:\WINDOWS\System32\msvcp_win.dll
0x00007fffd85c0000 - 0x00007fffd85d9000 	c:\Users\admin\.vscode\extensions\redhat.java-1.6.0-win32-x64\jre\17.0.2-win32-x86_64\bin\VCRUNTIME140.dll
0x00007fffcf8e0000 - 0x00007fffcfb7a000 	C:\WINDOWS\WinSxS\amd64_microsoft.windows.common-controls_6595b64144ccf1df_6.0.19041.1110_none_60b5254171f9507e\COMCTL32.dll
0x00007fffdb810000 - 0x00007fffdb8ae000 	C:\WINDOWS\System32\msvcrt.dll
0x00007fffdcb00000 - 0x00007fffdcb30000 	C:\WINDOWS\System32\IMM32.DLL
0x00007fffd85b0000 - 0x00007fffd85bc000 	c:\Users\admin\.vscode\extensions\redhat.java-1.6.0-win32-x64\jre\17.0.2-win32-x86_64\bin\vcruntime140_1.dll
0x00007fffc7ae0000 - 0x00007fffc7b71000 	c:\Users\admin\.vscode\extensions\redhat.java-1.6.0-win32-x64\jre\17.0.2-win32-x86_64\bin\msvcp140.dll
0x00007fffa7640000 - 0x00007fffa8287000 	c:\Users\admin\.vscode\extensions\redhat.java-1.6.0-win32-x64\jre\17.0.2-win32-x86_64\bin\server\jvm.dll
0x00007fffdbbe0000 - 0x00007fffdbc8e000 	C:\WINDOWS\System32\ADVAPI32.dll
0x00007fffdcda0000 - 0x00007fffdce3c000 	C:\WINDOWS\System32\sechost.dll
0x00007fffdbab0000 - 0x00007fffdbbd5000 	C:\WINDOWS\System32\RPCRT4.dll
0x00007fffdb720000 - 0x00007fffdb728000 	C:\WINDOWS\System32\PSAPI.DLL
0x00007fffcd050000 - 0x00007fffcd059000 	C:\WINDOWS\SYSTEM32\WSOCK32.dll
0x00007fffdc340000 - 0x00007fffdc3ab000 	C:\WINDOWS\System32\WS2_32.dll
0x00007fffd11a0000 - 0x00007fffd11c7000 	C:\WINDOWS\SYSTEM32\WINMM.dll
0x00007fffd3390000 - 0x00007fffd339a000 	C:\WINDOWS\SYSTEM32\VERSION.dll
0x00007fffd9670000 - 0x00007fffd9682000 	C:\WINDOWS\SYSTEM32\kernel.appcore.dll
0x00007fffd85a0000 - 0x00007fffd85aa000 	c:\Users\admin\.vscode\extensions\redhat.java-1.6.0-win32-x64\jre\17.0.2-win32-x86_64\bin\jimage.dll
0x00007fffd3e00000 - 0x00007fffd3fe4000 	C:\WINDOWS\SYSTEM32\DBGHELP.DLL
0x00007fffd36a0000 - 0x00007fffd36cc000 	C:\WINDOWS\SYSTEM32\dbgcore.DLL
0x00007fffdaf50000 - 0x00007fffdafd2000 	C:\WINDOWS\System32\bcryptPrimitives.dll
0x00007fffd7d10000 - 0x00007fffd7d35000 	c:\Users\admin\.vscode\extensions\redhat.java-1.6.0-win32-x64\jre\17.0.2-win32-x86_64\bin\java.dll
0x00007fffd7cf0000 - 0x00007fffd7d08000 	c:\Users\admin\.vscode\extensions\redhat.java-1.6.0-win32-x64\jre\17.0.2-win32-x86_64\bin\zip.dll
0x00007fffdcf40000 - 0x00007fffdd684000 	C:\WINDOWS\System32\SHELL32.dll
0x00007fffd8ec0000 - 0x00007fffd9654000 	C:\WINDOWS\SYSTEM32\windows.storage.dll
0x00007fffdc460000 - 0x00007fffdc7b4000 	C:\WINDOWS\System32\combase.dll
0x00007fffda770000 - 0x00007fffda79c000 	C:\WINDOWS\SYSTEM32\Wldp.dll
0x00007fffdc7d0000 - 0x00007fffdc87d000 	C:\WINDOWS\System32\SHCORE.dll
0x00007fffdca40000 - 0x00007fffdca95000 	C:\WINDOWS\System32\shlwapi.dll
0x00007fffdad20000 - 0x00007fffdad3f000 	C:\WINDOWS\SYSTEM32\profapi.dll
0x00007fffd5420000 - 0x00007fffd5439000 	C:\Users\admin\.vscode\extensions\redhat.java-1.6.0-win32-x64\jre\17.0.2-win32-x86_64\bin\net.dll
0x00007fffd15a0000 - 0x00007fffd16aa000 	C:\WINDOWS\SYSTEM32\WINHTTP.dll
0x00007fffda4d0000 - 0x00007fffda53a000 	C:\WINDOWS\system32\mswsock.dll
0x00007fffd52d0000 - 0x00007fffd52e5000 	C:\Users\admin\.vscode\extensions\redhat.java-1.6.0-win32-x64\jre\17.0.2-win32-x86_64\bin\nio.dll
0x00007fffda6c0000 - 0x00007fffda6d8000 	C:\WINDOWS\SYSTEM32\CRYPTSP.dll
0x00007fffd9e50000 - 0x00007fffd9e84000 	C:\WINDOWS\system32\rsaenh.dll
0x00007fffdaeb0000 - 0x00007fffdaed7000 	C:\WINDOWS\System32\bcrypt.dll
0x00007fffdace0000 - 0x00007fffdad0e000 	C:\WINDOWS\SYSTEM32\USERENV.dll
0x00007fffda6e0000 - 0x00007fffda6ec000 	C:\WINDOWS\SYSTEM32\CRYPTBASE.dll
0x00007fffda1c0000 - 0x00007fffda1fb000 	C:\WINDOWS\SYSTEM32\IPHLPAPI.DLL
0x00007fffdcf30000 - 0x00007fffdcf38000 	C:\WINDOWS\System32\NSI.dll
0x00007fffd2700000 - 0x00007fffd2717000 	C:\WINDOWS\SYSTEM32\dhcpcsvc6.DLL
0x00007fffd3030000 - 0x00007fffd304d000 	C:\WINDOWS\SYSTEM32\dhcpcsvc.DLL
0x00007fffda200000 - 0x00007fffda2cb000 	C:\WINDOWS\SYSTEM32\DNSAPI.dll
0x00007fffd4a70000 - 0x00007fffd4aae000 	C:\Users\admin\AppData\Roaming\Code\User\globalStorage\redhat.java\1.6.0\config_win\org.eclipse.equinox.launcher\org.eclipse.equinox.launcher.win32.win32.x86_64_1.2.400.v20211117-0650\eclipse_11602.dll
0x00007fffdc910000 - 0x00007fffdca3a000 	C:\WINDOWS\System32\ole32.dll
0x00007fffd61a0000 - 0x00007fffd61b0000 	c:\Users\admin\.vscode\extensions\redhat.java-1.6.0-win32-x64\jre\17.0.2-win32-x86_64\bin\verify.dll

dbghelp: loaded successfully - version: 4.0.5 - missing functions: none
symbol engine: initialized successfully - sym options: 0x614 - pdb path: .;c:\Users\admin\.vscode\extensions\redhat.java-1.6.0-win32-x64\jre\17.0.2-win32-x86_64\bin;C:\WINDOWS\SYSTEM32;C:\WINDOWS\WinSxS\amd64_microsoft.windows.common-controls_6595b64144ccf1df_6.0.19041.1110_none_60b5254171f9507e;c:\Users\admin\.vscode\extensions\redhat.java-1.6.0-win32-x64\jre\17.0.2-win32-x86_64\bin\server;C:\Users\admin\AppData\Roaming\Code\User\globalStorage\redhat.java\1.6.0\config_win\org.eclipse.equinox.launcher\org.eclipse.equinox.launcher.win32.win32.x86_64_1.2.400.v20211117-0650

VM Arguments:
jvm_args: --add-modules=ALL-SYSTEM --add-opens=java.base/java.util=ALL-UNNAMED --add-opens=java.base/java.lang=ALL-UNNAMED --add-opens=java.base/sun.nio.fs=ALL-UNNAMED -Declipse.application=org.eclipse.jdt.ls.core.id1 -Dosgi.bundles.defaultStartLevel=4 -Declipse.product=org.eclipse.jdt.ls.core.product -Djava.import.generatesMetadataFilesAtProjectRoot=false -Dfile.encoding=utf8 -DwatchParentProcess=false -XX:+UseParallelGC -XX:GCTimeRatio=4 -XX:AdaptiveSizePolicyWeight=90 -Dsun.zip.disableMemoryMapping=true -Xmx1G -Xms100m -XX:+HeapDumpOnOutOfMemoryError -XX:HeapDumpPath=c:\Users\admin\AppData\Roaming\Code\User\workspaceStorage\5651c2bef7803a3c371000bd4bbd2ad0\redhat.java 
java_command: c:\Users\admin\.vscode\extensions\redhat.java-1.6.0-win32-x64\server\plugins\org.eclipse.equinox.launcher_1.6.400.v20210924-0641.jar -configuration c:\Users\admin\AppData\Roaming\Code\User\globalStorage\redhat.java\1.6.0\config_win -data c:\Users\admin\AppData\Roaming\Code\User\workspaceStorage\5651c2bef7803a3c371000bd4bbd2ad0\redhat.java\jdt_ws
java_class_path (initial): c:\Users\admin\.vscode\extensions\redhat.java-1.6.0-win32-x64\server\plugins\org.eclipse.equinox.launcher_1.6.400.v20210924-0641.jar
Launcher Type: SUN_STANDARD

[Global flags]
    uintx AdaptiveSizePolicyWeight                 = 90                                        {product} {command line}
     intx CICompilerCount                          = 3                                         {product} {ergonomic}
    uintx GCTimeRatio                              = 4                                         {product} {command line}
     bool HeapDumpOnOutOfMemoryError               = true                                   {manageable} {command line}
    ccstr HeapDumpPath                             = c:\Users\admin\AppData\Roaming\Code\User\workspaceStorage\5651c2bef7803a3c371000bd4bbd2ad0\redhat.java         {manageable} {command line}
   size_t InitialHeapSize                          = 104857600                                 {product} {command line}
   size_t MaxHeapSize                              = 1073741824                                {product} {command line}
   size_t MaxNewSize                               = 357564416                                 {product} {ergonomic}
   size_t MinHeapDeltaBytes                        = 524288                                    {product} {ergonomic}
   size_t MinHeapSize                              = 104857600                                 {product} {command line}
   size_t NewSize                                  = 34603008                                  {product} {ergonomic}
    uintx NonNMethodCodeHeapSize                   = 5832780                                {pd product} {ergonomic}
    uintx NonProfiledCodeHeapSize                  = 122912730                              {pd product} {ergonomic}
   size_t OldSize                                  = 70254592                                  {product} {ergonomic}
    uintx ProfiledCodeHeapSize                     = 122912730                              {pd product} {ergonomic}
    uintx ReservedCodeCacheSize                    = 251658240                              {pd product} {ergonomic}
     bool SegmentedCodeCache                       = true                                      {product} {ergonomic}
   size_t SoftMaxHeapSize                          = 1073741824                             {manageable} {ergonomic}
     bool UseCompressedClassPointers               = true                           {product lp64_product} {ergonomic}
     bool UseCompressedOops                        = true                           {product lp64_product} {ergonomic}
     bool UseLargePagesIndividualAllocation        = false                                  {pd product} {ergonomic}
     bool UseParallelGC                            = true                                      {product} {command line}

Logging:
Log output configuration:
 #0: stdout all=warning uptime,level,tags
 #1: stderr all=off uptime,level,tags

Environment Variables:
JAVA_HOME=C:\Program Files\Java\jdk-18.0.1
PATH=C:\Program Files\Common Files\Oracle\Java\javapath;C:\Program Files (x86)\Common Files\Oracle\Java\javapath;C:\Program Files (x86)\NVIDIA Corporation\PhysX\Common;C:\ProgramData\Oracle\Java\javapath;C:\WINDOWS\system32;C:\WINDOWS;C:\WINDOWS\System32\Wbem;C:\WINDOWS\System32\WindowsPowerShell\v1.0\;C:\Program Files (x86)\Skype\Phone\;C:\Program Files\WIDCOMM\Bluetooth Software\;C:\Program Files\WIDCOMM\Bluetooth Software\syswow64;C:\WINDOWS\System32\OpenSSH\;C:\Program Files\Git\cmd;C:\Program Files (x86)\nodejs\;C:\Program Files\apache-maven-3.8.5\bin;C:\Users\admin\AppData\Local\Microsoft\WindowsApps;C:\Program Files\Intel\WiFi\bin\;C:\Program Files\Common Files\Intel\WirelessCommon\;C:\Users\admin\AppData\Local\Programs\Microsoft VS Code\bin;C:\Users\admin\AppData\Roaming\npm;;C:\Program Files\apache-maven-3.8.5\bin;
USERNAME=admin
OS=Windows_NT
PROCESSOR_IDENTIFIER=Intel64 Family 6 Model 78 Stepping 3, GenuineIntel



---------------  S Y S T E M  ---------------

OS:
 Windows 10 , 64 bit Build 19041 (10.0.19041.1706)
OS uptime: 15 days 10:31 hours

CPU: total 4 (initial active 4) (2 cores per cpu, 2 threads per core) family 6 model 78 stepping 3 microcode 0xec, cx8, cmov, fxsr, ht, mmx, 3dnowpref, sse, sse2, sse3, ssse3, sse4.1, sse4.2, popcnt, lzcnt, tsc, tscinvbit, avx, avx2, aes, erms, clmul, bmi1, bmi2, rtm, adx, fma, vzeroupper, clflush, clflushopt

Memory: 4k page, system-wide physical 7856M (1125M free)
TotalPageFile size 11856M (AvailPageFile size 3M)
current process WorkingSet (physical memory assigned to process): 128M, peak: 128M
current process commit charge ("private bytes"): 220M, peak: 220M

vm_info: OpenJDK 64-Bit Server VM (17.0.2+8) for windows-amd64 JRE (17.0.2+8), built on Jan 20 2022 04:52:34 by "" with MS VC++ 16.7 (VS2019)

END.
