#
# There is insufficient memory for the Java Runtime Environment to continue.
# Native memory allocation (malloc) failed to allocate 277376 bytes for Chunk::new
# Possible reasons:
#   The system is out of physical RAM or swap space
#   The process is running with CompressedOops enabled, and the Java Heap may be blocking the growth of the native heap
# Possible solutions:
#   Reduce memory load on the system
#   Increase physical memory or swap space
#   Check if swap backing store is full
#   Decrease Java heap size (-Xmx/-Xms)
#   Decrease number of Java threads
#   Decrease Java thread stack sizes (-Xss)
#   Set larger code cache with -XX:ReservedCodeCacheSize=
#   JVM is running with Unscaled Compressed Oops mode in which the Java heap is
#     placed in the first 4GB address space. The Java Heap base address is the
#     maximum limit for the native heap growth. Please use -XX:HeapBaseMinAddress
#     to set the Java Heap base and to place the Java Heap above 4GB virtual address.
# This output file may be truncated or incomplete.
#
#  Out of Memory Error (arena.cpp:189), pid=13140, tid=16696
#
# JRE version: OpenJDK Runtime Environment Temurin-17.0.2+8 (17.0.2+8) (build 17.0.2+8)
# Java VM: OpenJDK 64-Bit Server VM Temurin-17.0.2+8 (17.0.2+8, mixed mode, tiered, compressed oops, compressed class ptrs, parallel gc, windows-amd64)
# No core dump will be written. Minidumps are not enabled by default on client versions of Windows
#

---------------  S U M M A R Y ------------

Command Line: --add-modules=ALL-SYSTEM --add-opens=java.base/java.util=ALL-UNNAMED --add-opens=java.base/java.lang=ALL-UNNAMED --add-opens=java.base/sun.nio.fs=ALL-UNNAMED -Declipse.application=org.eclipse.jdt.ls.core.id1 -Dosgi.bundles.defaultStartLevel=4 -Declipse.product=org.eclipse.jdt.ls.core.product -Djava.import.generatesMetadataFilesAtProjectRoot=false -Dfile.encoding=utf8 -DwatchParentProcess=false -XX:+UseParallelGC -XX:GCTimeRatio=4 -XX:AdaptiveSizePolicyWeight=90 -Dsun.zip.disableMemoryMapping=true -Xmx1G -Xms100m c:\Users\admin\.vscode\extensions\redhat.java-1.6.0-win32-x64\server\plugins\org.eclipse.equinox.launcher_1.6.400.v20210924-0641.jar -configuration c:\Users\admin\AppData\Roaming\Code\User\globalStorage\redhat.java\1.6.0\config_ss_win -data c:\Users\admin\AppData\Roaming\Code\User\workspaceStorage\5651c2bef7803a3c371000bd4bbd2ad0\redhat.java\ss_ws

Host: Intel(R) Core(TM) i5-6300U CPU @ 2.40GHz, 4 cores, 7G,  Windows 10 , 64 bit Build 19041 (10.0.19041.1706)
Time: Fri May 27 10:33:25 2022 Eastern Daylight Time elapsed time: 12.391618 seconds (0d 0h 0m 12s)

---------------  T H R E A D  ---------------

Current thread (0x000001b51d078540):  JavaThread "C2 CompilerThread1" daemon [_thread_in_native, id=16696, stack(0x00000053f7200000,0x00000053f7300000)]


Current CompileTask:
C2:  12391 2848       4       jdk.internal.jrtfs.SystemImage$1::findNode (9 bytes)

Stack: [0x00000053f7200000,0x00000053f7300000]
Native frames: (J=compiled Java code, j=interpreted, Vv=VM code, C=native code)
V  [jvm.dll+0x67564a]
V  [jvm.dll+0x82fc04]
V  [jvm.dll+0x8313ae]
V  [jvm.dll+0x831a13]
V  [jvm.dll+0x245235]
V  [jvm.dll+0xabd7b]
V  [jvm.dll+0xac30c]
V  [jvm.dll+0x2ac33f]
V  [jvm.dll+0x57c559]
V  [jvm.dll+0x2202ed]
V  [jvm.dll+0x2206cf]
V  [jvm.dll+0x219f25]
V  [jvm.dll+0x2173eb]
V  [jvm.dll+0x1a3a8d]
V  [jvm.dll+0x226ef8]
V  [jvm.dll+0x22503c]
V  [jvm.dll+0x7e596b]
V  [jvm.dll+0x7dff2a]
V  [jvm.dll+0x6744d5]
C  [ucrtbase.dll+0x21bb2]
C  [KERNEL32.DLL+0x17034]
C  [ntdll.dll+0x52651]


---------------  P R O C E S S  ---------------

Threads class SMR info:
_java_thread_list=0x000001b51cee7030, length=22, elements={
0x000001b503b5d600, 0x000001b5198c0b70, 0x000001b5198c18f0, 0x000001b5198fb020,
0x000001b5198fbda0, 0x000001b5198fcb20, 0x000001b519900560, 0x000001b519902210,
0x000001b519905370, 0x000001b51b308030, 0x000001b51b342800, 0x000001b51b4a2490,
0x000001b51ba84640, 0x000001b51ba89b90, 0x000001b51bc05f70, 0x000001b51bc185a0,
0x000001b51bdae920, 0x000001b51bdd9330, 0x000001b51bae2f20, 0x000001b51bae2a50,
0x000001b51bae5f40, 0x000001b51d078540
}

Java Threads: ( => current thread )
  0x000001b503b5d600 JavaThread "main" [_thread_blocked, id=564, stack(0x00000053f5500000,0x00000053f5600000)]
  0x000001b5198c0b70 JavaThread "Reference Handler" daemon [_thread_blocked, id=14920, stack(0x00000053f5800000,0x00000053f5900000)]
  0x000001b5198c18f0 JavaThread "Finalizer" daemon [_thread_blocked, id=9236, stack(0x00000053f5900000,0x00000053f5a00000)]
  0x000001b5198fb020 JavaThread "Signal Dispatcher" daemon [_thread_blocked, id=4812, stack(0x00000053f5a00000,0x00000053f5b00000)]
  0x000001b5198fbda0 JavaThread "Attach Listener" daemon [_thread_blocked, id=12888, stack(0x00000053f5b00000,0x00000053f5c00000)]
  0x000001b5198fcb20 JavaThread "Service Thread" daemon [_thread_blocked, id=14768, stack(0x00000053f5c00000,0x00000053f5d00000)]
  0x000001b519900560 JavaThread "Monitor Deflation Thread" daemon [_thread_blocked, id=7396, stack(0x00000053f5d00000,0x00000053f5e00000)]
  0x000001b519902210 JavaThread "C2 CompilerThread0" daemon [_thread_in_native, id=6724, stack(0x00000053f5e00000,0x00000053f5f00000)]
  0x000001b519905370 JavaThread "C1 CompilerThread0" daemon [_thread_in_native, id=12376, stack(0x00000053f5f00000,0x00000053f6000000)]
  0x000001b51b308030 JavaThread "Sweeper thread" daemon [_thread_blocked, id=13888, stack(0x00000053f6000000,0x00000053f6100000)]
  0x000001b51b342800 JavaThread "Common-Cleaner" daemon [_thread_blocked, id=16164, stack(0x00000053f6100000,0x00000053f6200000)]
  0x000001b51b4a2490 JavaThread "Notification Thread" daemon [_thread_blocked, id=4692, stack(0x00000053f6200000,0x00000053f6300000)]
  0x000001b51ba84640 JavaThread "Active Thread: Equinox Container: 45a18234-d657-41e6-89e8-ca6fc0817831" [_thread_blocked, id=5512, stack(0x00000053f6400000,0x00000053f6500000)]
  0x000001b51ba89b90 JavaThread "Framework Event Dispatcher: Equinox Container: 45a18234-d657-41e6-89e8-ca6fc0817831" daemon [_thread_blocked, id=11452, stack(0x00000053f6500000,0x00000053f6600000)]
  0x000001b51bc05f70 JavaThread "Start Level: Equinox Container: 45a18234-d657-41e6-89e8-ca6fc0817831" daemon [_thread_blocked, id=15708, stack(0x00000053f6600000,0x00000053f6700000)]
  0x000001b51bc185a0 JavaThread "SCR Component Actor" daemon [_thread_blocked, id=15040, stack(0x00000053f6700000,0x00000053f6800000)]
  0x000001b51bdae920 JavaThread "Worker-JM" [_thread_blocked, id=3944, stack(0x00000053f6c00000,0x00000053f6d00000)]
  0x000001b51bdd9330 JavaThread "Worker-0: Initialize Workspace" [_thread_in_Java, id=2392, stack(0x00000053f6d00000,0x00000053f6e00000)]
  0x000001b51bae2f20 JavaThread "Worker-1" [_thread_blocked, id=8544, stack(0x00000053f6e00000,0x00000053f6f00000)]
  0x000001b51bae2a50 JavaThread "Worker-2" [_thread_blocked, id=13968, stack(0x00000053f7000000,0x00000053f7100000)]
  0x000001b51bae5f40 JavaThread "pool-1-thread-1" [_thread_blocked, id=16120, stack(0x00000053f6b00000,0x00000053f6c00000)]
=>0x000001b51d078540 JavaThread "C2 CompilerThread1" daemon [_thread_in_native, id=16696, stack(0x00000053f7200000,0x00000053f7300000)]

Other Threads:
  0x000001b5198a60e0 VMThread "VM Thread" [stack: 0x00000053f5700000,0x00000053f5800000] [id=800]
  0x000001b51b4a2960 WatcherThread [stack: 0x00000053f6300000,0x00000053f6400000] [id=14264]
  0x000001b503b75460 GCTaskThread "GC Thread#0" [stack: 0x00000053f5600000,0x00000053f5700000] [id=4400]
  0x000001b51b79fea0 GCTaskThread "GC Thread#1" [stack: 0x00000053f6800000,0x00000053f6900000] [id=4508]
  0x000001b51baf1ac0 GCTaskThread "GC Thread#2" [stack: 0x00000053f6900000,0x00000053f6a00000] [id=13948]
  0x000001b51bbeabd0 GCTaskThread "GC Thread#3" [stack: 0x00000053f6a00000,0x00000053f6b00000] [id=14180]

Threads with active compile tasks:
C2 CompilerThread0    12439 2835       4       jdk.internal.jrtfs.JrtFileSystem::checkNode (40 bytes)
C1 CompilerThread0    12439 2856       3       org.eclipse.jdt.internal.compiler.util.JRTUtil::sanitizedFileName (49 bytes)
C2 CompilerThread1    12439 2848       4       jdk.internal.jrtfs.SystemImage$1::findNode (9 bytes)

VM state: not at safepoint (normal execution)

VM Mutex/Monitor currently owned by a thread: None

Heap address: 0x00000000c0000000, size: 1024 MB, Compressed Oops mode: 32-bit

CDS archive(s) not mapped
Compressed class space mapped at: 0x0000000100000000-0x0000000140000000, reserved size: 1073741824
Narrow klass base: 0x0000000000000000, Narrow klass shift: 3, Narrow klass range: 0x140000000

GC Precious Log:
 CPUs: 4 total, 4 available
 Memory: 7856M
 Large Page Support: Disabled
 NUMA Support: Disabled
 Compressed Oops: Enabled (32-bit)
 Alignments: Space 512K, Generation 512K, Heap 2M
 Heap Min Capacity: 100M
 Heap Initial Capacity: 100M
 Heap Max Capacity: 1G
 Pre-touch: Disabled
 Parallel Workers: 4

Heap:
 PSYoungGen      total 29696K, used 10268K [0x00000000eab00000, 0x00000000ecc00000, 0x0000000100000000)
  eden space 25600K, 24% used [0x00000000eab00000,0x00000000eb1076b8,0x00000000ec400000)
  from space 4096K, 99% used [0x00000000ec800000,0x00000000ecbffbc8,0x00000000ecc00000)
  to   space 4096K, 0% used [0x00000000ec400000,0x00000000ec400000,0x00000000ec800000)
 ParOldGen       total 68608K, used 6813K [0x00000000c0000000, 0x00000000c4300000, 0x00000000eab00000)
  object space 68608K, 9% used [0x00000000c0000000,0x00000000c06a74b8,0x00000000c4300000)
 Metaspace       used 33217K, committed 33792K, reserved 1081344K
  class space    used 3382K, committed 3712K, reserved 1048576K

Card table byte_map: [0x000001b5171d0000,0x000001b5173e0000] _byte_map_base: 0x000001b516bd0000

Marking Bits: (ParMarkBitMap*) 0x00007fffa81c3af0
 Begin Bits: [0x000001b517540000, 0x000001b518540000)
 End Bits:   [0x000001b518540000, 0x000001b519540000)

Polling page: 0x000001b503a30000

Metaspace:

Usage:
  Non-class:     29.14 MB used.
      Class:      3.30 MB used.
       Both:     32.44 MB used.

Virtual space:
  Non-class space:       32.00 MB reserved,      29.38 MB ( 92%) committed,  4 nodes.
      Class space:        1.00 GB reserved,       3.62 MB ( <1%) committed,  1 nodes.
             Both:        1.03 GB reserved,      33.00 MB (  3%) committed. 

Chunk freelists:
   Non-Class:  1.89 MB
       Class:  359.00 KB
        Both:  2.24 MB

MaxMetaspaceSize: unlimited
CompressedClassSpaceSize: 1.00 GB
Initial GC threshold: 21.00 MB
Current GC threshold: 35.00 MB
CDS: off
MetaspaceReclaimPolicy: balanced
 - commit_granule_bytes: 65536.
 - commit_granule_words: 8192.
 - virtual_space_node_default_size: 1048576.
 - enlarge_chunks_in_place: 1.
 - new_chunks_are_fully_committed: 0.
 - uncommit_free_chunks: 1.
 - use_allocation_guard: 0.
 - handle_deallocations: 1.


Internal statistics:

num_allocs_failed_limit: 3.
num_arena_births: 208.
num_arena_deaths: 0.
num_vsnodes_births: 5.
num_vsnodes_deaths: 0.
num_space_committed: 528.
num_space_uncommitted: 0.
num_chunks_returned_to_freelist: 3.
num_chunks_taken_from_freelist: 1158.
num_chunk_merges: 3.
num_chunk_splits: 783.
num_chunks_enlarged: 563.
num_purges: 0.
num_inconsistent_stats: 0.

CodeHeap 'non-profiled nmethods': size=120000Kb used=986Kb max_used=986Kb free=119013Kb
 bounds [0x000001b50fac0000, 0x000001b50fd30000, 0x000001b516ff0000]
CodeHeap 'profiled nmethods': size=120000Kb used=5797Kb max_used=5797Kb free=114202Kb
 bounds [0x000001b508590000, 0x000001b508b40000, 0x000001b50fac0000]
CodeHeap 'non-nmethods': size=5760Kb used=1250Kb max_used=1268Kb free=4509Kb
 bounds [0x000001b507ff0000, 0x000001b508260000, 0x000001b508590000]
 total_blobs=3415 nmethods=2849 adapters=479
 compilation: enabled
              stopped_count=0, restarted_count=0
 full_count=0

Compilation events (20 events):
Event: 12.339 Thread 0x000001b519905370 nmethod 2841 0x000001b508b36610 code [0x000001b508b367c0, 0x000001b508b36a38]
Event: 12.340 Thread 0x000001b519905370 2842   !   3       java.nio.file.FileTreeWalker::pop (35 bytes)
Event: 12.341 Thread 0x000001b519905370 nmethod 2842 0x000001b508b36b90 code [0x000001b508b36da0, 0x000001b508b373e8]
Event: 12.342 Thread 0x000001b519905370 2843       3       org.eclipse.core.runtime.PlatformObject::<init> (5 bytes)
Event: 12.342 Thread 0x000001b519905370 nmethod 2843 0x000001b508b37690 code [0x000001b508b37820, 0x000001b508b37978]
Event: 12.342 Thread 0x000001b519905370 2844       1       org.eclipse.jdt.internal.core.JavaElement::getParent (5 bytes)
Event: 12.342 Thread 0x000001b519905370 nmethod 2844 0x000001b50fbb3390 code [0x000001b50fbb3520, 0x000001b50fbb35f8]
Event: 12.343 Thread 0x000001b519905370 2845       3       org.eclipse.jdt.internal.compiler.classfmt.ClassFileStruct::u2At (35 bytes)
Event: 12.343 Thread 0x000001b519905370 nmethod 2845 0x000001b508b37a10 code [0x000001b508b37ba0, 0x000001b508b37d18]
Event: 12.352 Thread 0x000001b519902210 nmethod 2837 0x000001b50fbb3690 code [0x000001b50fbb3880, 0x000001b50fbb47f8]
Event: 12.353 Thread 0x000001b519902210 2840       4       org.eclipse.jdt.internal.core.util.HashtableOfArrayToObject::hashCode (35 bytes)
Event: 12.364 Thread 0x000001b519902210 nmethod 2840 0x000001b50fbb5090 code [0x000001b50fbb5220, 0x000001b50fbb54b8]
Event: 12.364 Thread 0x000001b519902210 2846       4       jdk.internal.jimage.ImageLocation::decompress (116 bytes)
Event: 12.371 Thread 0x000001b519905370 2850       1       org.eclipse.core.runtime.Status::getSeverity (5 bytes)
Event: 12.372 Thread 0x000001b519905370 nmethod 2850 0x000001b50fbb5690 code [0x000001b50fbb5820, 0x000001b50fbb58f8]
Event: 12.374 Thread 0x000001b51d078540 2848       4       jdk.internal.jrtfs.SystemImage$1::findNode (9 bytes)
Event: 12.377 Thread 0x000001b519902210 nmethod 2846 0x000001b50fbb5990 code [0x000001b50fbb5b20, 0x000001b50fbb60f8]
Event: 12.377 Thread 0x000001b519902210 2835       4       jdk.internal.jrtfs.JrtFileSystem::checkNode (40 bytes)
Event: 12.382 Thread 0x000001b519905370 2853       3       org.eclipse.jdt.internal.core.util.HashtableOfArrayToObject::put (114 bytes)
Event: 12.383 Thread 0x000001b519905370 nmethod 2853 0x000001b508b37e10 code [0x000001b508b38020, 0x000001b508b388a8]

GC Heap History (10 events):
Event: 3.506 GC heap before
{Heap before GC invocations=1 (full 0):
 PSYoungGen      total 29696K, used 25600K [0x00000000eab00000, 0x00000000ecc00000, 0x0000000100000000)
  eden space 25600K, 100% used [0x00000000eab00000,0x00000000ec400000,0x00000000ec400000)
  from space 4096K, 0% used [0x00000000ec800000,0x00000000ec800000,0x00000000ecc00000)
  to   space 4096K, 0% used [0x00000000ec400000,0x00000000ec400000,0x00000000ec800000)
 ParOldGen       total 68608K, used 0K [0x00000000c0000000, 0x00000000c4300000, 0x00000000eab00000)
  object space 68608K, 0% used [0x00000000c0000000,0x00000000c0000000,0x00000000c4300000)
 Metaspace       used 13197K, committed 13440K, reserved 1064960K
  class space    used 1340K, committed 1472K, reserved 1048576K
}
Event: 3.521 GC heap after
{Heap after GC invocations=1 (full 0):
 PSYoungGen      total 29696K, used 3967K [0x00000000eab00000, 0x00000000ecc00000, 0x0000000100000000)
  eden space 25600K, 0% used [0x00000000eab00000,0x00000000eab00000,0x00000000ec400000)
  from space 4096K, 96% used [0x00000000ec400000,0x00000000ec7dfd48,0x00000000ec800000)
  to   space 4096K, 0% used [0x00000000ec800000,0x00000000ec800000,0x00000000ecc00000)
 ParOldGen       total 68608K, used 24K [0x00000000c0000000, 0x00000000c4300000, 0x00000000eab00000)
  object space 68608K, 0% used [0x00000000c0000000,0x00000000c0006000,0x00000000c4300000)
 Metaspace       used 13197K, committed 13440K, reserved 1064960K
  class space    used 1340K, committed 1472K, reserved 1048576K
}
Event: 5.731 GC heap before
{Heap before GC invocations=2 (full 0):
 PSYoungGen      total 29696K, used 21108K [0x00000000eab00000, 0x00000000ecc00000, 0x0000000100000000)
  eden space 25600K, 66% used [0x00000000eab00000,0x00000000ebbbd440,0x00000000ec400000)
  from space 4096K, 96% used [0x00000000ec400000,0x00000000ec7dfd48,0x00000000ec800000)
  to   space 4096K, 0% used [0x00000000ec800000,0x00000000ec800000,0x00000000ecc00000)
 ParOldGen       total 68608K, used 24K [0x00000000c0000000, 0x00000000c4300000, 0x00000000eab00000)
  object space 68608K, 0% used [0x00000000c0000000,0x00000000c0006000,0x00000000c4300000)
 Metaspace       used 21053K, committed 21504K, reserved 1073152K
  class space    used 2126K, committed 2368K, reserved 1048576K
}
Event: 5.744 GC heap after
{Heap after GC invocations=2 (full 0):
 PSYoungGen      total 29696K, used 4093K [0x00000000eab00000, 0x00000000ecc00000, 0x0000000100000000)
  eden space 25600K, 0% used [0x00000000eab00000,0x00000000eab00000,0x00000000ec400000)
  from space 4096K, 99% used [0x00000000ec800000,0x00000000ecbff5d8,0x00000000ecc00000)
  to   space 4096K, 0% used [0x00000000ec400000,0x00000000ec400000,0x00000000ec800000)
 ParOldGen       total 68608K, used 2986K [0x00000000c0000000, 0x00000000c4300000, 0x00000000eab00000)
  object space 68608K, 4% used [0x00000000c0000000,0x00000000c02eabc0,0x00000000c4300000)
 Metaspace       used 21053K, committed 21504K, reserved 1073152K
  class space    used 2126K, committed 2368K, reserved 1048576K
}
Event: 5.744 GC heap before
{Heap before GC invocations=3 (full 1):
 PSYoungGen      total 29696K, used 4093K [0x00000000eab00000, 0x00000000ecc00000, 0x0000000100000000)
  eden space 25600K, 0% used [0x00000000eab00000,0x00000000eab00000,0x00000000ec400000)
  from space 4096K, 99% used [0x00000000ec800000,0x00000000ecbff5d8,0x00000000ecc00000)
  to   space 4096K, 0% used [0x00000000ec400000,0x00000000ec400000,0x00000000ec800000)
 ParOldGen       total 68608K, used 2986K [0x00000000c0000000, 0x00000000c4300000, 0x00000000eab00000)
  object space 68608K, 4% used [0x00000000c0000000,0x00000000c02eabc0,0x00000000c4300000)
 Metaspace       used 21053K, committed 21504K, reserved 1073152K
  class space    used 2126K, committed 2368K, reserved 1048576K
}
Event: 5.778 GC heap after
{Heap after GC invocations=3 (full 1):
 PSYoungGen      total 29696K, used 0K [0x00000000eab00000, 0x00000000ecc00000, 0x0000000100000000)
  eden space 25600K, 0% used [0x00000000eab00000,0x00000000eab00000,0x00000000ec400000)
  from space 4096K, 0% used [0x00000000ec800000,0x00000000ec800000,0x00000000ecc00000)
  to   space 4096K, 0% used [0x00000000ec400000,0x00000000ec400000,0x00000000ec800000)
 ParOldGen       total 68608K, used 6733K [0x00000000c0000000, 0x00000000c4300000, 0x00000000eab00000)
  object space 68608K, 9% used [0x00000000c0000000,0x00000000c06934b8,0x00000000c4300000)
 Metaspace       used 21053K, committed 21504K, reserved 1073152K
  class space    used 2126K, committed 2368K, reserved 1048576K
}
Event: 10.362 GC heap before
{Heap before GC invocations=4 (full 1):
 PSYoungGen      total 29696K, used 25600K [0x00000000eab00000, 0x00000000ecc00000, 0x0000000100000000)
  eden space 25600K, 100% used [0x00000000eab00000,0x00000000ec400000,0x00000000ec400000)
  from space 4096K, 0% used [0x00000000ec800000,0x00000000ec800000,0x00000000ecc00000)
  to   space 4096K, 0% used [0x00000000ec400000,0x00000000ec400000,0x00000000ec800000)
 ParOldGen       total 68608K, used 6733K [0x00000000c0000000, 0x00000000c4300000, 0x00000000eab00000)
  object space 68608K, 9% used [0x00000000c0000000,0x00000000c06934b8,0x00000000c4300000)
 Metaspace       used 28393K, committed 28864K, reserved 1081344K
  class space    used 2813K, committed 3008K, reserved 1048576K
}
Event: 10.365 GC heap after
{Heap after GC invocations=4 (full 1):
 PSYoungGen      total 29696K, used 1535K [0x00000000eab00000, 0x00000000ecc00000, 0x0000000100000000)
  eden space 25600K, 0% used [0x00000000eab00000,0x00000000eab00000,0x00000000ec400000)
  from space 4096K, 37% used [0x00000000ec400000,0x00000000ec57fe00,0x00000000ec800000)
  to   space 4096K, 0% used [0x00000000ec800000,0x00000000ec800000,0x00000000ecc00000)
 ParOldGen       total 68608K, used 6741K [0x00000000c0000000, 0x00000000c4300000, 0x00000000eab00000)
  object space 68608K, 9% used [0x00000000c0000000,0x00000000c06954b8,0x00000000c4300000)
 Metaspace       used 28393K, committed 28864K, reserved 1081344K
  class space    used 2813K, committed 3008K, reserved 1048576K
}
Event: 12.354 GC heap before
{Heap before GC invocations=5 (full 1):
 PSYoungGen      total 29696K, used 27135K [0x00000000eab00000, 0x00000000ecc00000, 0x0000000100000000)
  eden space 25600K, 100% used [0x00000000eab00000,0x00000000ec400000,0x00000000ec400000)
  from space 4096K, 37% used [0x00000000ec400000,0x00000000ec57fe00,0x00000000ec800000)
  to   space 4096K, 0% used [0x00000000ec800000,0x00000000ec800000,0x00000000ecc00000)
 ParOldGen       total 68608K, used 6741K [0x00000000c0000000, 0x00000000c4300000, 0x00000000eab00000)
  object space 68608K, 9% used [0x00000000c0000000,0x00000000c06954b8,0x00000000c4300000)
 Metaspace       used 33103K, committed 33664K, reserved 1081344K
  class space    used 3365K, committed 3648K, reserved 1048576K
}
Event: 12.358 GC heap after
{Heap after GC invocations=5 (full 1):
 PSYoungGen      total 29696K, used 4094K [0x00000000eab00000, 0x00000000ecc00000, 0x0000000100000000)
  eden space 25600K, 0% used [0x00000000eab00000,0x00000000eab00000,0x00000000ec400000)
  from space 4096K, 99% used [0x00000000ec800000,0x00000000ecbffbc8,0x00000000ecc00000)
  to   space 4096K, 0% used [0x00000000ec400000,0x00000000ec400000,0x00000000ec800000)
 ParOldGen       total 68608K, used 6813K [0x00000000c0000000, 0x00000000c4300000, 0x00000000eab00000)
  object space 68608K, 9% used [0x00000000c0000000,0x00000000c06a74b8,0x00000000c4300000)
 Metaspace       used 33103K, committed 33664K, reserved 1081344K
  class space    used 3365K, committed 3648K, reserved 1048576K
}

Deoptimization events (20 events):
Event: 12.138 Thread 0x000001b51bdd9330 Uncommon trap: trap_request=0xffffff45 fr.pc=0x000001b50fbaa9fc relative=0x000000000000015c
Event: 12.138 Thread 0x000001b51bdd9330 Uncommon trap: reason=unstable_if action=reinterpret pc=0x000001b50fbaa9fc method=jdk.internal.jrtfs.JrtPath.normalize(Ljava/lang/String;)Ljava/lang/String; @ 78 c2
Event: 12.139 Thread 0x000001b51bdd9330 DEOPT PACKING pc=0x000001b50fbaa9fc sp=0x00000053f6dfde70
Event: 12.139 Thread 0x000001b51bdd9330 DEOPT UNPACKING pc=0x000001b5080420a3 sp=0x00000053f6dfddf0 mode 2
Event: 12.209 Thread 0x000001b51bdd9330 Uncommon trap: trap_request=0xffffff45 fr.pc=0x000001b50fbacc20 relative=0x0000000000000700
Event: 12.209 Thread 0x000001b51bdd9330 Uncommon trap: reason=unstable_if action=reinterpret pc=0x000001b50fbacc20 method=jdk.internal.jimage.ImageReader$SharedImageReader.findNode(Ljava/lang/String;)Ljdk/internal/jimage/ImageReader$Node; @ 25 c2
Event: 12.209 Thread 0x000001b51bdd9330 DEOPT PACKING pc=0x000001b50fbacc20 sp=0x00000053f6dfdb70
Event: 12.209 Thread 0x000001b51bdd9330 DEOPT UNPACKING pc=0x000001b5080420a3 sp=0x00000053f6dfdb48 mode 2
Event: 12.244 Thread 0x000001b51bdd9330 Uncommon trap: trap_request=0xffffff45 fr.pc=0x000001b50fb0d6d0 relative=0x00000000000002b0
Event: 12.244 Thread 0x000001b51bdd9330 Uncommon trap: reason=unstable_if action=reinterpret pc=0x000001b50fb0d6d0 method=java.util.HashMap.getNode(Ljava/lang/Object;)Ljava/util/HashMap$Node; @ 66 c2
Event: 12.244 Thread 0x000001b51bdd9330 DEOPT PACKING pc=0x000001b50fb0d6d0 sp=0x00000053f6dfe150
Event: 12.244 Thread 0x000001b51bdd9330 DEOPT UNPACKING pc=0x000001b5080420a3 sp=0x00000053f6dfe060 mode 2
Event: 12.246 Thread 0x000001b51bdd9330 Uncommon trap: trap_request=0xffffffc6 fr.pc=0x000001b50fb69ce8 relative=0x00000000000008c8
Event: 12.246 Thread 0x000001b51bdd9330 Uncommon trap: reason=bimorphic_or_optimized_type_check action=maybe_recompile pc=0x000001b50fb69ce8 method=java.util.HashMap.putVal(ILjava/lang/Object;Ljava/lang/Object;ZZ)Ljava/lang/Object; @ 91 c2
Event: 12.246 Thread 0x000001b51bdd9330 DEOPT PACKING pc=0x000001b50fb69ce8 sp=0x00000053f6dfe170
Event: 12.246 Thread 0x000001b51bdd9330 DEOPT UNPACKING pc=0x000001b5080420a3 sp=0x00000053f6dfe078 mode 2
Event: 12.284 Thread 0x000001b51bdd9330 Uncommon trap: trap_request=0xffffff45 fr.pc=0x000001b50fb68d5c relative=0x000000000000031c
Event: 12.284 Thread 0x000001b51bdd9330 Uncommon trap: reason=unstable_if action=reinterpret pc=0x000001b50fb68d5c method=java.util.HashMap.getNode(Ljava/lang/Object;)Ljava/util/HashMap$Node; @ 66 c2
Event: 12.284 Thread 0x000001b51bdd9330 DEOPT PACKING pc=0x000001b50fb68d5c sp=0x00000053f6dfe100
Event: 12.284 Thread 0x000001b51bdd9330 DEOPT UNPACKING pc=0x000001b5080420a3 sp=0x00000053f6dfe080 mode 2

Classes unloaded (0 events):
No events

Classes redefined (0 events):
No events

Internal exceptions (20 events):
Event: 4.526 Thread 0x000001b51bc05f70 Exception <a 'java/lang/NoSuchMethodError'{0x00000000eb3232f8}: 'void java.lang.invoke.DirectMethodHandle$Holder.invokeInterface(java.lang.Object, java.lang.Object, java.lang.Object)'> (0x00000000eb3232f8) 
thrown [e:\jenkins\tmp\workspace\build\src\src\hotspot\share\interpreter\linkResolver.cpp, line 766]
Event: 4.767 Thread 0x000001b51bc05f70 Exception <a 'java/lang/NoSuchMethodError'{0x00000000eb49b418}: 'java.lang.Object java.lang.invoke.Invokers$Holder.invokeExact_MT(java.lang.Object, java.lang.Object, java.lang.Object, java.lang.Object, java.lang.Object, java.lang.Object)'> (0x00000000eb49b418) 
thrown [e:\jenkins\tmp\workspace\build\src\src\hotspot\share\interpreter\linkResolver.cpp, line 766]
Event: 4.798 Thread 0x000001b51bc05f70 Exception <a 'java/io/FileNotFoundException'{0x00000000eb500978}> (0x00000000eb500978) 
thrown [e:\jenkins\tmp\workspace\build\src\src\hotspot\share\prims\jni.cpp, line 516]
Event: 5.328 Thread 0x000001b51bc05f70 Exception <a 'java/lang/NoSuchMethodError'{0x00000000eb85baa0}: 'int java.lang.invoke.DirectMethodHandle$Holder.invokeStaticInit(java.lang.Object, java.lang.Object, java.lang.Object)'> (0x00000000eb85baa0) 
thrown [e:\jenkins\tmp\workspace\build\src\src\hotspot\share\interpreter\linkResolver.cpp, line 766]
Event: 5.421 Thread 0x000001b51bc05f70 Exception <a 'java/lang/IncompatibleClassChangeError'{0x00000000eb8af3f8}: Found class java.lang.Object, but interface was expected> (0x00000000eb8af3f8) 
thrown [e:\jenkins\tmp\workspace\build\src\src\hotspot\share\interpreter\linkResolver.cpp, line 833]
Event: 7.022 Thread 0x000001b51bc05f70 Exception <a 'java/lang/ClassNotFoundException'{0x00000000ebc4a1e8}: com/sun/org/apache/xerces/internal/impl/msg/spi/DOMMessagesProvider> (0x00000000ebc4a1e8) 
thrown [e:\jenkins\tmp\workspace\build\src\src\hotspot\share\classfile\systemDictionary.cpp, line 256]
Event: 7.030 Thread 0x000001b51bc05f70 Implicit null exception at 0x000001b50fb5db8d to 0x000001b50fb5e898
Event: 7.042 Thread 0x000001b51bc05f70 Exception <a 'java/lang/ClassNotFoundException'{0x00000000ebc63458}: com/sun/org/apache/xerces/internal/impl/msg/spi/XMLSerializerMessagesProvider> (0x00000000ebc63458) 
thrown [e:\jenkins\tmp\workspace\build\src\src\hotspot\share\classfile\systemDictionary.cpp, line 256]
Event: 7.044 Thread 0x000001b51bc05f70 Exception <a 'java/lang/ClassNotFoundException'{0x00000000ebc70730}: com/sun/org/apache/xerces/internal/impl/msg/spi/XMLMessagesProvider> (0x00000000ebc70730) 
thrown [e:\jenkins\tmp\workspace\build\src\src\hotspot\share\classfile\systemDictionary.cpp, line 256]
Event: 9.682 Thread 0x000001b51bc05f70 Exception <a 'java/lang/ClassNotFoundException'{0x00000000ebf246d0}: com/sun/org/apache/xml/internal/serializer/spi/XMLEntitiesProvider> (0x00000000ebf246d0) 
thrown [e:\jenkins\tmp\workspace\build\src\src\hotspot\share\classfile\systemDictionary.cpp, line 256]
Event: 9.888 Thread 0x000001b51bc05f70 Exception <a 'java/io/FileNotFoundException'{0x00000000ec1301f0}> (0x00000000ec1301f0) 
thrown [e:\jenkins\tmp\workspace\build\src\src\hotspot\share\prims\jni.cpp, line 516]
Event: 10.095 Thread 0x000001b51bc05f70 Exception <a 'java/lang/UnsatisfiedLinkError'{0x00000000ec27ccd0}: The specified procedure could not be found.
> (0x00000000ec27ccd0) 
thrown [e:\jenkins\tmp\workspace\build\src\src\hotspot\share\prims\jni.cpp, line 535]
Event: 10.102 Thread 0x000001b51bc05f70 Exception <a 'java/io/FileNotFoundException'{0x00000000ec288dc8}> (0x00000000ec288dc8) 
thrown [e:\jenkins\tmp\workspace\build\src\src\hotspot\share\prims\jni.cpp, line 516]
Event: 10.120 Thread 0x000001b51bc05f70 Exception <a 'java/io/FileNotFoundException'{0x00000000ec2b3318}> (0x00000000ec2b3318) 
thrown [e:\jenkins\tmp\workspace\build\src\src\hotspot\share\prims\jni.cpp, line 516]
Event: 10.169 Thread 0x000001b51bc05f70 Exception <a 'java/lang/UnsatisfiedLinkError'{0x00000000ec3b9458}: The specified procedure could not be found.
> (0x00000000ec3b9458) 
thrown [e:\jenkins\tmp\workspace\build\src\src\hotspot\share\prims\jni.cpp, line 535]
Event: 10.595 Thread 0x000001b503b5d600 Exception <a 'java/lang/NoSuchMethodError'{0x00000000eabc0e18}: 'void java.lang.invoke.DirectMethodHandle$Holder.invokeStatic(java.lang.Object, java.lang.Object, java.lang.Object, java.lang.Object)'> (0x00000000eabc0e18) 
thrown [e:\jenkins\tmp\workspace\build\src\src\hotspot\share\interpreter\linkResolver.cpp, line 766]
Event: 10.850 Thread 0x000001b503b5d600 Exception <a 'java/lang/NoSuchMethodError'{0x00000000eaeeee68}: 'java.lang.Object java.lang.invoke.DirectMethodHandle$Holder.newInvokeSpecial(java.lang.Object, java.lang.Object, java.lang.Object, java.lang.Object, java.lang.Object)'> (0x00000000eaeeee68) 
thrown [e:\jenkins\tmp\workspace\build\src\src\hotspot\share\interpreter\linkResolver.cpp, line 766]
Event: 11.075 Thread 0x000001b51bae5f40 Exception <a 'java/io/FileNotFoundException'{0x00000000eb11abf8}> (0x00000000eb11abf8) 
thrown [e:\jenkins\tmp\workspace\build\src\src\hotspot\share\prims\jni.cpp, line 516]
Event: 11.449 Thread 0x000001b51bae5f40 Exception <a 'java/lang/NoSuchMethodError'{0x00000000eb38c090}: 'int java.lang.invoke.DirectMethodHandle$Holder.invokeVirtual(java.lang.Object, java.lang.Object)'> (0x00000000eb38c090) 
thrown [e:\jenkins\tmp\workspace\build\src\src\hotspot\share\interpreter\linkResolver.cpp, line 766]
Event: 11.785 Thread 0x000001b51bdd9330 Exception <a 'java/lang/NoSuchMethodError'{0x00000000eb596b48}: 'java.lang.Object java.lang.invoke.Invokers$Holder.invoke_MT(java.lang.Object, java.lang.Object, java.lang.Object)'> (0x00000000eb596b48) 
thrown [e:\jenkins\tmp\workspace\build\src\src\hotspot\share\interpreter\linkResolver.cpp, line 766]

VM Operations (20 events):
Event: 9.752 Executing VM operation: HandshakeAllThreads
Event: 9.752 Executing VM operation: HandshakeAllThreads done
Event: 10.057 Executing VM operation: HandshakeAllThreads
Event: 10.057 Executing VM operation: HandshakeAllThreads done
Event: 10.057 Executing VM operation: Cleanup
Event: 10.057 Executing VM operation: Cleanup done
Event: 10.064 Executing VM operation: HandshakeAllThreads
Event: 10.065 Executing VM operation: HandshakeAllThreads done
Event: 10.361 Executing VM operation: ParallelGCFailedAllocation
Event: 10.365 Executing VM operation: ParallelGCFailedAllocation done
Event: 11.060 Executing VM operation: HandshakeAllThreads
Event: 11.060 Executing VM operation: HandshakeAllThreads done
Event: 11.644 Executing VM operation: HandshakeAllThreads
Event: 11.644 Executing VM operation: HandshakeAllThreads done
Event: 11.644 Executing VM operation: Cleanup
Event: 11.644 Executing VM operation: Cleanup done
Event: 11.831 Executing VM operation: HandshakeAllThreads
Event: 11.831 Executing VM operation: HandshakeAllThreads done
Event: 12.354 Executing VM operation: ParallelGCFailedAllocation
Event: 12.358 Executing VM operation: ParallelGCFailedAllocation done

Events (20 events):
Event: 12.141 loading class java/util/regex/Pattern$BackRef done
Event: 12.141 loading class java/util/regex/Pattern$Curly
Event: 12.141 loading class java/util/regex/Pattern$Curly done
Event: 12.141 loading class java/util/regex/Pattern$GroupCurly
Event: 12.141 loading class java/util/regex/Pattern$GroupCurly done
Event: 12.190 loading class java/util/regex/Pattern$Dollar
Event: 12.191 loading class java/util/regex/Pattern$Dollar done
Event: 12.204 loading class java/lang/ThreadLocal$SuppliedThreadLocal
Event: 12.204 loading class java/lang/ThreadLocal$SuppliedThreadLocal done
Event: 12.264 loading class java/nio/channels/Channels
Event: 12.265 loading class java/nio/channels/Channels done
Event: 12.265 loading class java/nio/channels/Channels$ReadableByteChannelImpl
Event: 12.265 loading class java/nio/channels/Channels$ReadableByteChannelImpl done
Event: 12.266 loading class java/nio/channels/NonWritableChannelException
Event: 12.266 loading class java/nio/channels/NonWritableChannelException done
Event: 12.266 loading class sun/nio/ch/ChannelInputStream
Event: 12.266 loading class sun/nio/ch/ChannelInputStream done
Event: 12.267 loading class java/nio/channels/SelectableChannel
Event: 12.267 loading class java/nio/channels/SelectableChannel done
Event: 12.372 Thread 0x000001b51d078540 Thread added: 0x000001b51d078540


Dynamic libraries:
0x00007ff694b40000 - 0x00007ff694b4e000 	c:\Users\admin\.vscode\extensions\redhat.java-1.6.0-win32-x64\jre\17.0.2-win32-x86_64\bin\java.exe
0x00007fffdd6d0000 - 0x00007fffdd8c5000 	C:\WINDOWS\SYSTEM32\ntdll.dll
0x00007fffdb9f0000 - 0x00007fffdbaad000 	C:\WINDOWS\System32\KERNEL32.DLL
0x00007fffdb240000 - 0x00007fffdb50d000 	C:\WINDOWS\System32\KERNELBASE.dll
0x00007fffdb140000 - 0x00007fffdb240000 	C:\WINDOWS\System32\ucrtbase.dll
0x00007fffd52d0000 - 0x00007fffd52e8000 	c:\Users\admin\.vscode\extensions\redhat.java-1.6.0-win32-x64\jre\17.0.2-win32-x86_64\bin\jli.dll
0x00007fffdcb30000 - 0x00007fffdccd0000 	C:\WINDOWS\System32\USER32.dll
0x00007fffdade0000 - 0x00007fffdae02000 	C:\WINDOWS\System32\win32u.dll
0x00007fffdc880000 - 0x00007fffdc8aa000 	C:\WINDOWS\System32\GDI32.dll
0x00007fffdb510000 - 0x00007fffdb61b000 	C:\WINDOWS\System32\gdi32full.dll
0x00007fffdae10000 - 0x00007fffdaead000 	C:\WINDOWS\System32\msvcp_win.dll
0x00007fffd4f00000 - 0x00007fffd4f19000 	c:\Users\admin\.vscode\extensions\redhat.java-1.6.0-win32-x64\jre\17.0.2-win32-x86_64\bin\VCRUNTIME140.dll
0x00007fffcf8e0000 - 0x00007fffcfb7a000 	C:\WINDOWS\WinSxS\amd64_microsoft.windows.common-controls_6595b64144ccf1df_6.0.19041.1110_none_60b5254171f9507e\COMCTL32.dll
0x00007fffdb810000 - 0x00007fffdb8ae000 	C:\WINDOWS\System32\msvcrt.dll
0x00007fffdcb00000 - 0x00007fffdcb30000 	C:\WINDOWS\System32\IMM32.DLL
0x00007fffd61a0000 - 0x00007fffd61ac000 	c:\Users\admin\.vscode\extensions\redhat.java-1.6.0-win32-x64\jre\17.0.2-win32-x86_64\bin\vcruntime140_1.dll
0x00007fffbc8b0000 - 0x00007fffbc941000 	c:\Users\admin\.vscode\extensions\redhat.java-1.6.0-win32-x64\jre\17.0.2-win32-x86_64\bin\msvcp140.dll
0x00007fffa7640000 - 0x00007fffa8287000 	c:\Users\admin\.vscode\extensions\redhat.java-1.6.0-win32-x64\jre\17.0.2-win32-x86_64\bin\server\jvm.dll
0x00007fffdbbe0000 - 0x00007fffdbc8e000 	C:\WINDOWS\System32\ADVAPI32.dll
0x00007fffdcda0000 - 0x00007fffdce3c000 	C:\WINDOWS\System32\sechost.dll
0x00007fffdbab0000 - 0x00007fffdbbd5000 	C:\WINDOWS\System32\RPCRT4.dll
0x00007fffdb720000 - 0x00007fffdb728000 	C:\WINDOWS\System32\PSAPI.DLL
0x00007fffcd050000 - 0x00007fffcd059000 	C:\WINDOWS\SYSTEM32\WSOCK32.dll
0x00007fffdc340000 - 0x00007fffdc3ab000 	C:\WINDOWS\System32\WS2_32.dll
0x00007fffd11a0000 - 0x00007fffd11c7000 	C:\WINDOWS\SYSTEM32\WINMM.dll
0x00007fffd3390000 - 0x00007fffd339a000 	C:\WINDOWS\SYSTEM32\VERSION.dll
0x00007fffd9670000 - 0x00007fffd9682000 	C:\WINDOWS\SYSTEM32\kernel.appcore.dll
0x00007fffd6170000 - 0x00007fffd617a000 	c:\Users\admin\.vscode\extensions\redhat.java-1.6.0-win32-x64\jre\17.0.2-win32-x86_64\bin\jimage.dll
0x00007fffd3e00000 - 0x00007fffd3fe4000 	C:\WINDOWS\SYSTEM32\DBGHELP.DLL
0x00007fffd36a0000 - 0x00007fffd36cc000 	C:\WINDOWS\SYSTEM32\dbgcore.DLL
0x00007fffdaf50000 - 0x00007fffdafd2000 	C:\WINDOWS\System32\bcryptPrimitives.dll
0x00007fffc0600000 - 0x00007fffc0625000 	c:\Users\admin\.vscode\extensions\redhat.java-1.6.0-win32-x64\jre\17.0.2-win32-x86_64\bin\java.dll
0x00007fffd5410000 - 0x00007fffd5428000 	c:\Users\admin\.vscode\extensions\redhat.java-1.6.0-win32-x64\jre\17.0.2-win32-x86_64\bin\zip.dll
0x00007fffdcf40000 - 0x00007fffdd684000 	C:\WINDOWS\System32\SHELL32.dll
0x00007fffd8ec0000 - 0x00007fffd9654000 	C:\WINDOWS\SYSTEM32\windows.storage.dll
0x00007fffdc460000 - 0x00007fffdc7b4000 	C:\WINDOWS\System32\combase.dll
0x00007fffda770000 - 0x00007fffda79c000 	C:\WINDOWS\SYSTEM32\Wldp.dll
0x00007fffdc7d0000 - 0x00007fffdc87d000 	C:\WINDOWS\System32\SHCORE.dll
0x00007fffdca40000 - 0x00007fffdca95000 	C:\WINDOWS\System32\shlwapi.dll
0x00007fffdad20000 - 0x00007fffdad3f000 	C:\WINDOWS\SYSTEM32\profapi.dll
0x00007fffd4a70000 - 0x00007fffd4a89000 	C:\Users\admin\.vscode\extensions\redhat.java-1.6.0-win32-x64\jre\17.0.2-win32-x86_64\bin\net.dll
0x00007fffd15a0000 - 0x00007fffd16aa000 	C:\WINDOWS\SYSTEM32\WINHTTP.dll
0x00007fffda4d0000 - 0x00007fffda53a000 	C:\WINDOWS\system32\mswsock.dll
0x00007fffd4060000 - 0x00007fffd4075000 	C:\Users\admin\.vscode\extensions\redhat.java-1.6.0-win32-x64\jre\17.0.2-win32-x86_64\bin\nio.dll
0x00007fffda6c0000 - 0x00007fffda6d8000 	C:\WINDOWS\SYSTEM32\CRYPTSP.dll
0x00007fffd9e50000 - 0x00007fffd9e84000 	C:\WINDOWS\system32\rsaenh.dll
0x00007fffdaeb0000 - 0x00007fffdaed7000 	C:\WINDOWS\System32\bcrypt.dll
0x00007fffdace0000 - 0x00007fffdad0e000 	C:\WINDOWS\SYSTEM32\USERENV.dll
0x00007fffda6e0000 - 0x00007fffda6ec000 	C:\WINDOWS\SYSTEM32\CRYPTBASE.dll
0x00007fffda1c0000 - 0x00007fffda1fb000 	C:\WINDOWS\SYSTEM32\IPHLPAPI.DLL
0x00007fffdcf30000 - 0x00007fffdcf38000 	C:\WINDOWS\System32\NSI.dll
0x00007fffd2700000 - 0x00007fffd2717000 	C:\WINDOWS\SYSTEM32\dhcpcsvc6.DLL
0x00007fffd3030000 - 0x00007fffd304d000 	C:\WINDOWS\SYSTEM32\dhcpcsvc.DLL
0x00007fffda200000 - 0x00007fffda2cb000 	C:\WINDOWS\SYSTEM32\DNSAPI.dll
0x00007fffbf4b0000 - 0x00007fffbf4ee000 	C:\Users\admin\AppData\Roaming\Code\User\globalStorage\redhat.java\1.6.0\config_ss_win\org.eclipse.equinox.launcher\org.eclipse.equinox.launcher.win32.win32.x86_64_1.2.400.v20211117-0650\eclipse_11602.dll
0x00007fffdc910000 - 0x00007fffdca3a000 	C:\WINDOWS\System32\ole32.dll
0x00007fffd6120000 - 0x00007fffd6130000 	c:\Users\admin\.vscode\extensions\redhat.java-1.6.0-win32-x64\jre\17.0.2-win32-x86_64\bin\verify.dll
0x00007fffbe380000 - 0x00007fffbe3c4000 	C:\Users\admin\AppData\Local\Temp\jna-92668751\jna16705360709370557359.dll

dbghelp: loaded successfully - version: 4.0.5 - missing functions: none
symbol engine: initialized successfully - sym options: 0x614 - pdb path: .;c:\Users\admin\.vscode\extensions\redhat.java-1.6.0-win32-x64\jre\17.0.2-win32-x86_64\bin;C:\WINDOWS\SYSTEM32;C:\WINDOWS\WinSxS\amd64_microsoft.windows.common-controls_6595b64144ccf1df_6.0.19041.1110_none_60b5254171f9507e;c:\Users\admin\.vscode\extensions\redhat.java-1.6.0-win32-x64\jre\17.0.2-win32-x86_64\bin\server;C:\Users\admin\AppData\Roaming\Code\User\globalStorage\redhat.java\1.6.0\config_ss_win\org.eclipse.equinox.launcher\org.eclipse.equinox.launcher.win32.win32.x86_64_1.2.400.v20211117-0650;C:\Users\admin\AppData\Local\Temp\jna-92668751

VM Arguments:
jvm_args: --add-modules=ALL-SYSTEM --add-opens=java.base/java.util=ALL-UNNAMED --add-opens=java.base/java.lang=ALL-UNNAMED --add-opens=java.base/sun.nio.fs=ALL-UNNAMED -Declipse.application=org.eclipse.jdt.ls.core.id1 -Dosgi.bundles.defaultStartLevel=4 -Declipse.product=org.eclipse.jdt.ls.core.product -Djava.import.generatesMetadataFilesAtProjectRoot=false -Dfile.encoding=utf8 -DwatchParentProcess=false -XX:+UseParallelGC -XX:GCTimeRatio=4 -XX:AdaptiveSizePolicyWeight=90 -Dsun.zip.disableMemoryMapping=true -Xmx1G -Xms100m 
java_command: c:\Users\admin\.vscode\extensions\redhat.java-1.6.0-win32-x64\server\plugins\org.eclipse.equinox.launcher_1.6.400.v20210924-0641.jar -configuration c:\Users\admin\AppData\Roaming\Code\User\globalStorage\redhat.java\1.6.0\config_ss_win -data c:\Users\admin\AppData\Roaming\Code\User\workspaceStorage\5651c2bef7803a3c371000bd4bbd2ad0\redhat.java\ss_ws
java_class_path (initial): c:\Users\admin\.vscode\extensions\redhat.java-1.6.0-win32-x64\server\plugins\org.eclipse.equinox.launcher_1.6.400.v20210924-0641.jar
Launcher Type: SUN_STANDARD

[Global flags]
    uintx AdaptiveSizePolicyWeight                 = 90                                        {product} {command line}
     intx CICompilerCount                          = 3                                         {product} {ergonomic}
    uintx GCTimeRatio                              = 4                                         {product} {command line}
   size_t InitialHeapSize                          = 104857600                                 {product} {command line}
   size_t MaxHeapSize                              = 1073741824                                {product} {command line}
   size_t MaxNewSize                               = 357564416                                 {product} {ergonomic}
   size_t MinHeapDeltaBytes                        = 524288                                    {product} {ergonomic}
   size_t MinHeapSize                              = 104857600                                 {product} {command line}
   size_t NewSize                                  = 34603008                                  {product} {ergonomic}
    uintx NonNMethodCodeHeapSize                   = 5832780                                {pd product} {ergonomic}
    uintx NonProfiledCodeHeapSize                  = 122912730                              {pd product} {ergonomic}
   size_t OldSize                                  = 70254592                                  {product} {ergonomic}
    uintx ProfiledCodeHeapSize                     = 122912730                              {pd product} {ergonomic}
    uintx ReservedCodeCacheSize                    = 251658240                              {pd product} {ergonomic}
     bool SegmentedCodeCache                       = true                                      {product} {ergonomic}
   size_t SoftMaxHeapSize                          = 1073741824                             {manageable} {ergonomic}
     bool UseCompressedClassPointers               = true                           {product lp64_product} {ergonomic}
     bool UseCompressedOops                        = true                           {product lp64_product} {ergonomic}
     bool UseLargePagesIndividualAllocation        = false                                  {pd product} {ergonomic}
     bool UseParallelGC                            = true                                      {product} {command line}

Logging:
Log output configuration:
 #0: stdout all=warning uptime,level,tags
 #1: stderr all=off uptime,level,tags

Environment Variables:
JAVA_HOME=C:\Program Files\Java\jdk-18.0.1
PATH=C:\Program Files\Common Files\Oracle\Java\javapath;C:\Program Files (x86)\Common Files\Oracle\Java\javapath;C:\Program Files (x86)\NVIDIA Corporation\PhysX\Common;C:\ProgramData\Oracle\Java\javapath;C:\WINDOWS\system32;C:\WINDOWS;C:\WINDOWS\System32\Wbem;C:\WINDOWS\System32\WindowsPowerShell\v1.0\;C:\Program Files (x86)\Skype\Phone\;C:\Program Files\WIDCOMM\Bluetooth Software\;C:\Program Files\WIDCOMM\Bluetooth Software\syswow64;C:\WINDOWS\System32\OpenSSH\;C:\Program Files\Git\cmd;C:\Program Files (x86)\nodejs\;C:\Program Files\apache-maven-3.8.5\bin;C:\Users\admin\AppData\Local\Microsoft\WindowsApps;C:\Program Files\Intel\WiFi\bin\;C:\Program Files\Common Files\Intel\WirelessCommon\;C:\Users\admin\AppData\Local\Programs\Microsoft VS Code\bin;C:\Users\admin\AppData\Roaming\npm;;C:\Program Files\apache-maven-3.8.5\bin;
USERNAME=admin
OS=Windows_NT
PROCESSOR_IDENTIFIER=Intel64 Family 6 Model 78 Stepping 3, GenuineIntel



---------------  S Y S T E M  ---------------

OS:
 Windows 10 , 64 bit Build 19041 (10.0.19041.1706)
OS uptime: 15 days 10:30 hours

CPU: total 4 (initial active 4) (2 cores per cpu, 2 threads per core) family 6 model 78 stepping 3 microcode 0xec, cx8, cmov, fxsr, ht, mmx, 3dnowpref, sse, sse2, sse3, ssse3, sse4.1, sse4.2, popcnt, lzcnt, tsc, tscinvbit, avx, avx2, aes, erms, clmul, bmi1, bmi2, rtm, adx, fma, vzeroupper, clflush, clflushopt

Memory: 4k page, system-wide physical 7856M (938M free)
TotalPageFile size 11856M (AvailPageFile size 0M)
current process WorkingSet (physical memory assigned to process): 127M, peak: 127M
current process commit charge ("private bytes"): 219M, peak: 219M

vm_info: OpenJDK 64-Bit Server VM (17.0.2+8) for windows-amd64 JRE (17.0.2+8), built on Jan 20 2022 04:52:34 by "" with MS VC++ 16.7 (VS2019)

END.
