#
# There is insufficient memory for the Java Runtime Environment to continue.
# Native memory allocation (malloc) failed to allocate 32744 bytes for ChunkPool::allocate
# Possible reasons:
#   The system is out of physical RAM or swap space
#   The process is running with CompressedOops enabled, and the Java Heap may be blocking the growth of the native heap
# Possible solutions:
#   Reduce memory load on the system
#   Increase physical memory or swap space
#   Check if swap backing store is full
#   Decrease Java heap size (-Xmx/-Xms)
#   Decrease number of Java threads
#   Decrease Java thread stack sizes (-Xss)
#   Set larger code cache with -XX:ReservedCodeCacheSize=
#   JVM is running with Unscaled Compressed Oops mode in which the Java heap is
#     placed in the first 4GB address space. The Java Heap base address is the
#     maximum limit for the native heap growth. Please use -XX:HeapBaseMinAddress
#     to set the Java Heap base and to place the Java Heap above 4GB virtual address.
# This output file may be truncated or incomplete.
#
#  Out of Memory Error (arena.cpp:78), pid=14380, tid=14944
#
# JRE version: OpenJDK Runtime Environment Temurin-17.0.2+8 (17.0.2+8) (build 17.0.2+8)
# Java VM: OpenJDK 64-Bit Server VM Temurin-17.0.2+8 (17.0.2+8, mixed mode, tiered, compressed oops, compressed class ptrs, parallel gc, windows-amd64)
# No core dump will be written. Minidumps are not enabled by default on client versions of Windows
#

---------------  S U M M A R Y ------------

Command Line: --add-modules=ALL-SYSTEM --add-opens=java.base/java.util=ALL-UNNAMED --add-opens=java.base/java.lang=ALL-UNNAMED --add-opens=java.base/sun.nio.fs=ALL-UNNAMED -Declipse.application=org.eclipse.jdt.ls.core.id1 -Dosgi.bundles.defaultStartLevel=4 -Declipse.product=org.eclipse.jdt.ls.core.product -Djava.import.generatesMetadataFilesAtProjectRoot=false -Dfile.encoding=utf8 -DwatchParentProcess=false -XX:+UseParallelGC -XX:GCTimeRatio=4 -XX:AdaptiveSizePolicyWeight=90 -Dsun.zip.disableMemoryMapping=true -Xmx1G -Xms100m c:\Users\admin\.vscode\extensions\redhat.java-1.6.0-win32-x64\server\plugins\org.eclipse.equinox.launcher_1.6.400.v20210924-0641.jar -configuration c:\Users\admin\AppData\Roaming\Code\User\globalStorage\redhat.java\1.6.0\config_ss_win -data c:\Users\admin\AppData\Roaming\Code\User\workspaceStorage\5651c2bef7803a3c371000bd4bbd2ad0\redhat.java\ss_ws

Host: Intel(R) Core(TM) i5-6300U CPU @ 2.40GHz, 4 cores, 7G,  Windows 10 , 64 bit Build 19041 (10.0.19041.1706)
Time: Fri May 27 10:33:41 2022 Eastern Daylight Time elapsed time: 13.791765 seconds (0d 0h 0m 13s)

---------------  T H R E A D  ---------------

Current thread (0x000001a7ab452210):  JavaThread "C2 CompilerThread0" daemon [_thread_in_native, id=14944, stack(0x00000085d1800000,0x00000085d1900000)]


Current CompileTask:
C2:  13791 3309   !   4       org.eclipse.osgi.internal.loader.classpath.ClasspathManager::findLocalClass (210 bytes)

Stack: [0x00000085d1800000,0x00000085d1900000]
Native frames: (J=compiled Java code, j=interpreted, Vv=VM code, C=native code)
V  [jvm.dll+0x67564a]
V  [jvm.dll+0x82fc04]
V  [jvm.dll+0x8313ae]
V  [jvm.dll+0x831a13]
V  [jvm.dll+0x245235]
V  [jvm.dll+0xabfc0]
V  [jvm.dll+0xac30c]
V  [jvm.dll+0x36847c]
V  [jvm.dll+0x55f038]
V  [jvm.dll+0x55e050]
V  [jvm.dll+0x55e943]
V  [jvm.dll+0x1bb8fd]
V  [jvm.dll+0x218229]
V  [jvm.dll+0x2174f1]
V  [jvm.dll+0x1a3a8d]
V  [jvm.dll+0x226ef8]
V  [jvm.dll+0x22503c]
V  [jvm.dll+0x7e596b]
V  [jvm.dll+0x7dff2a]
V  [jvm.dll+0x6744d5]
C  [ucrtbase.dll+0x21bb2]
C  [KERNEL32.DLL+0x17034]
C  [ntdll.dll+0x52651]


---------------  P R O C E S S  ---------------

Threads class SMR info:
_java_thread_list=0x000001a7af69a760, length=24, elements={
0x000001a79569d4d0, 0x000001a7ab410b60, 0x000001a7ab4118e0, 0x000001a7ab44b020,
0x000001a7ab44bda0, 0x000001a7ab44cb20, 0x000001a7ab450560, 0x000001a7ab452210,
0x000001a7ab454bd0, 0x000001a7ab48ea40, 0x000001a79575e240, 0x000001a7acf98480,
0x000001a7ad437fa0, 0x000001a7ad6c4ec0, 0x000001a7ad6c5640, 0x000001a7ad6bb500,
0x000001a7ad77a000, 0x000001a7ad8fe440, 0x000001a7ad486fd0, 0x000001a7ad4874a0,
0x000001a7ad4857c0, 0x000001a7ad485c90, 0x000001a7ad486630, 0x000001a7ad4852f0
}

Java Threads: ( => current thread )
  0x000001a79569d4d0 JavaThread "main" [_thread_blocked, id=14720, stack(0x00000085d0f00000,0x00000085d1000000)]
  0x000001a7ab410b60 JavaThread "Reference Handler" daemon [_thread_blocked, id=8884, stack(0x00000085d1200000,0x00000085d1300000)]
  0x000001a7ab4118e0 JavaThread "Finalizer" daemon [_thread_blocked, id=8644, stack(0x00000085d1300000,0x00000085d1400000)]
  0x000001a7ab44b020 JavaThread "Signal Dispatcher" daemon [_thread_blocked, id=516, stack(0x00000085d1400000,0x00000085d1500000)]
  0x000001a7ab44bda0 JavaThread "Attach Listener" daemon [_thread_blocked, id=10588, stack(0x00000085d1500000,0x00000085d1600000)]
  0x000001a7ab44cb20 JavaThread "Service Thread" daemon [_thread_blocked, id=11136, stack(0x00000085d1600000,0x00000085d1700000)]
  0x000001a7ab450560 JavaThread "Monitor Deflation Thread" daemon [_thread_blocked, id=11204, stack(0x00000085d1700000,0x00000085d1800000)]
=>0x000001a7ab452210 JavaThread "C2 CompilerThread0" daemon [_thread_in_native, id=14944, stack(0x00000085d1800000,0x00000085d1900000)]
  0x000001a7ab454bd0 JavaThread "C1 CompilerThread0" daemon [_thread_blocked, id=12160, stack(0x00000085d1900000,0x00000085d1a00000)]
  0x000001a7ab48ea40 JavaThread "Sweeper thread" daemon [_thread_blocked, id=16924, stack(0x00000085d1a00000,0x00000085d1b00000)]
  0x000001a79575e240 JavaThread "Common-Cleaner" daemon [_thread_blocked, id=14424, stack(0x00000085d1b00000,0x00000085d1c00000)]
  0x000001a7acf98480 JavaThread "Notification Thread" daemon [_thread_blocked, id=14724, stack(0x00000085d1c00000,0x00000085d1d00000)]
  0x000001a7ad437fa0 JavaThread "Active Thread: Equinox Container: fb6b9400-259c-4593-924b-71122efdddb0" [_thread_blocked, id=17176, stack(0x00000085d1f00000,0x00000085d2000000)]
  0x000001a7ad6c4ec0 JavaThread "Framework Event Dispatcher: Equinox Container: fb6b9400-259c-4593-924b-71122efdddb0" daemon [_thread_blocked, id=16940, stack(0x00000085d1e00000,0x00000085d1f00000)]
  0x000001a7ad6c5640 JavaThread "Start Level: Equinox Container: fb6b9400-259c-4593-924b-71122efdddb0" daemon [_thread_blocked, id=7408, stack(0x00000085d2000000,0x00000085d2100000)]
  0x000001a7ad6bb500 JavaThread "SCR Component Actor" daemon [_thread_blocked, id=12628, stack(0x00000085d2100000,0x00000085d2200000)]
  0x000001a7ad77a000 JavaThread "Worker-JM" [_thread_blocked, id=10452, stack(0x00000085d2600000,0x00000085d2700000)]
  0x000001a7ad8fe440 JavaThread "Worker-0" [_thread_blocked, id=1836, stack(0x00000085d2700000,0x00000085d2800000)]
  0x000001a7ad486fd0 JavaThread "Worker-1" [_thread_blocked, id=1972, stack(0x00000085d2800000,0x00000085d2900000)]
  0x000001a7ad4874a0 JavaThread "pool-1-thread-1" [_thread_in_native, id=6376, stack(0x00000085d2b00000,0x00000085d2c00000)]
  0x000001a7ad4857c0 JavaThread "Worker-2" [_thread_blocked, id=8804, stack(0x00000085d2500000,0x00000085d2600000)]
  0x000001a7ad485c90 JavaThread "ForkJoinPool.commonPool-worker-1" daemon [_thread_blocked, id=12444, stack(0x00000085d2c00000,0x00000085d2d00000)]
  0x000001a7ad486630 JavaThread "ForkJoinPool.commonPool-worker-2" daemon [_thread_blocked, id=15896, stack(0x00000085d2d00000,0x00000085d2e00000)]
  0x000001a7ad4852f0 JavaThread "ForkJoinPool.commonPool-worker-3" daemon [_thread_blocked, id=5188, stack(0x00000085d2e00000,0x00000085d2f00000)]

Other Threads:
  0x000001a7ab3f7860 VMThread "VM Thread" [stack: 0x00000085d1100000,0x00000085d1200000] [id=7048]
  0x000001a7acf98950 WatcherThread [stack: 0x00000085d1d00000,0x00000085d1e00000] [id=3248]
  0x000001a7956b5330 GCTaskThread "GC Thread#0" [stack: 0x00000085d1000000,0x00000085d1100000] [id=9432]
  0x000001a7ad6bfdb0 GCTaskThread "GC Thread#1" [stack: 0x00000085d2200000,0x00000085d2300000] [id=9796]
  0x000001a7ad41bde0 GCTaskThread "GC Thread#2" [stack: 0x00000085d2300000,0x00000085d2400000] [id=16688]
  0x000001a7ad491fa0 GCTaskThread "GC Thread#3" [stack: 0x00000085d2400000,0x00000085d2500000] [id=11320]

Threads with active compile tasks:
C2 CompilerThread0    13838 3309   !   4       org.eclipse.osgi.internal.loader.classpath.ClasspathManager::findLocalClass (210 bytes)

VM state: not at safepoint (normal execution)

VM Mutex/Monitor currently owned by a thread: None

Heap address: 0x00000000c0000000, size: 1024 MB, Compressed Oops mode: 32-bit

CDS archive(s) not mapped
Compressed class space mapped at: 0x0000000100000000-0x0000000140000000, reserved size: 1073741824
Narrow klass base: 0x0000000000000000, Narrow klass shift: 3, Narrow klass range: 0x140000000

GC Precious Log:
 CPUs: 4 total, 4 available
 Memory: 7856M
 Large Page Support: Disabled
 NUMA Support: Disabled
 Compressed Oops: Enabled (32-bit)
 Alignments: Space 512K, Generation 512K, Heap 2M
 Heap Min Capacity: 100M
 Heap Initial Capacity: 100M
 Heap Max Capacity: 1G
 Pre-touch: Disabled
 Parallel Workers: 4

Heap:
 PSYoungGen      total 29696K, used 12393K [0x00000000eab00000, 0x00000000ed000000, 0x0000000100000000)
  eden space 23552K, 52% used [0x00000000eab00000,0x00000000eb71a6e0,0x00000000ec200000)
  from space 6144K, 0% used [0x00000000ec300000,0x00000000ec300000,0x00000000ec900000)
  to   space 7168K, 0% used [0x00000000ec900000,0x00000000ec900000,0x00000000ed000000)
 ParOldGen       total 68608K, used 22147K [0x00000000c0000000, 0x00000000c4300000, 0x00000000eab00000)
  object space 68608K, 32% used [0x00000000c0000000,0x00000000c15a0e60,0x00000000c4300000)
 Metaspace       used 39511K, committed 40192K, reserved 1089536K
  class space    used 3992K, committed 4288K, reserved 1048576K

Card table byte_map: [0x000001a7a8d20000,0x000001a7a8f30000] _byte_map_base: 0x000001a7a8720000

Marking Bits: (ParMarkBitMap*) 0x00007fffa81c3af0
 Begin Bits: [0x000001a7a9090000, 0x000001a7aa090000)
 End Bits:   [0x000001a7aa090000, 0x000001a7ab090000)

Polling page: 0x000001a795480000

Metaspace:

Usage:
  Non-class:     34.69 MB used.
      Class:      3.90 MB used.
       Both:     38.59 MB used.

Virtual space:
  Non-class space:       40.00 MB reserved,      35.06 MB ( 88%) committed,  5 nodes.
      Class space:        1.00 GB reserved,       4.19 MB ( <1%) committed,  1 nodes.
             Both:        1.04 GB reserved,      39.25 MB (  4%) committed. 

Chunk freelists:
   Non-Class:  416.00 KB
       Class:  3.78 MB
        Both:  4.19 MB

MaxMetaspaceSize: unlimited
CompressedClassSpaceSize: 1.00 GB
Initial GC threshold: 21.00 MB
Current GC threshold: 58.38 MB
CDS: off
MetaspaceReclaimPolicy: balanced
 - commit_granule_bytes: 65536.
 - commit_granule_words: 8192.
 - virtual_space_node_default_size: 1048576.
 - enlarge_chunks_in_place: 1.
 - new_chunks_are_fully_committed: 0.
 - uncommit_free_chunks: 1.
 - use_allocation_guard: 0.
 - handle_deallocations: 1.


Internal statistics:

num_allocs_failed_limit: 6.
num_arena_births: 220.
num_arena_deaths: 0.
num_vsnodes_births: 6.
num_vsnodes_deaths: 0.
num_space_committed: 628.
num_space_uncommitted: 0.
num_chunks_returned_to_freelist: 6.
num_chunks_taken_from_freelist: 1379.
num_chunk_merges: 6.
num_chunk_splits: 983.
num_chunks_enlarged: 739.
num_purges: 0.
num_inconsistent_stats: 0.

CodeHeap 'non-profiled nmethods': size=120000Kb used=1571Kb max_used=1571Kb free=118428Kb
 bounds [0x000001a7a1610000, 0x000001a7a1880000, 0x000001a7a8b40000]
CodeHeap 'profiled nmethods': size=120000Kb used=7238Kb max_used=7238Kb free=112762Kb
 bounds [0x000001a79a0e0000, 0x000001a79a800000, 0x000001a7a1610000]
CodeHeap 'non-nmethods': size=5760Kb used=1276Kb max_used=1313Kb free=4483Kb
 bounds [0x000001a799b40000, 0x000001a799db0000, 0x000001a79a0e0000]
 total_blobs=3947 nmethods=3346 adapters=514
 compilation: enabled
              stopped_count=0, restarted_count=0
 full_count=0

Compilation events (20 events):
Event: 13.203 Thread 0x000001a7ab454bd0 3354       3       jdk.internal.reflect.UnsafeObjectFieldAccessorImpl::get (17 bytes)
Event: 13.204 Thread 0x000001a7ab454bd0 nmethod 3354 0x000001a79a7ecc10 code [0x000001a79a7ece00, 0x000001a79a7ed3c8]
Event: 13.204 Thread 0x000001a7ab454bd0 3355       3       com.google.gson.stream.JsonWriter::value (94 bytes)
Event: 13.205 Thread 0x000001a7ab454bd0 nmethod 3355 0x000001a79a7ed590 code [0x000001a79a7ed880, 0x000001a79a7ee638]
Event: 13.211 Thread 0x000001a7ab454bd0 3356       3       org.eclipse.core.internal.resources.Resource::exists (24 bytes)
Event: 13.211 Thread 0x000001a7ab454bd0 nmethod 3356 0x000001a79a7eea90 code [0x000001a79a7eec40, 0x000001a79a7eefa8]
Event: 13.211 Thread 0x000001a7ab454bd0 3357       3       org.eclipse.core.internal.resources.Resource::checkExists (38 bytes)
Event: 13.212 Thread 0x000001a7ab454bd0 nmethod 3357 0x000001a79a7ef090 code [0x000001a79a7ef280, 0x000001a79a7ef8d8]
Event: 13.212 Thread 0x000001a7ab454bd0 3358       3       org.osgi.util.tracker.ServiceTracker::getService (33 bytes)
Event: 13.212 Thread 0x000001a7ab454bd0 nmethod 3358 0x000001a79a7efb10 code [0x000001a79a7efd00, 0x000001a79a7f0378]
Event: 13.214 Thread 0x000001a7ab454bd0 3359       3       org.eclipse.core.internal.resources.Project::hasNature (36 bytes)
Event: 13.214 Thread 0x000001a7ab454bd0 nmethod 3359 0x000001a79a7f0590 code [0x000001a79a7f07c0, 0x000001a79a7f1148]
Event: 13.251 Thread 0x000001a7ab454bd0 3360       3       org.eclipse.core.internal.jobs.OrderedLock::isConflicting (9 bytes)
Event: 13.251 Thread 0x000001a7ab454bd0 nmethod 3360 0x000001a79a7f1490 code [0x000001a79a7f1620, 0x000001a79a7f1798]
Event: 13.386 Thread 0x000001a7ab454bd0 3361       1       org.eclipse.core.internal.jobs.InternalJob::getStartTime (5 bytes)
Event: 13.386 Thread 0x000001a7ab454bd0 nmethod 3361 0x000001a7a1798610 code [0x000001a7a17987a0, 0x000001a7a1798878]
Event: 13.386 Thread 0x000001a7ab454bd0 3362       1       org.eclipse.core.internal.jobs.InternalJob::next (5 bytes)
Event: 13.386 Thread 0x000001a7ab454bd0 nmethod 3362 0x000001a7a1798910 code [0x000001a7a1798aa0, 0x000001a7a1798b78]
Event: 13.386 Thread 0x000001a7ab454bd0 3363       1       org.eclipse.core.internal.dtree.DeltaDataTree::getParent (5 bytes)
Event: 13.386 Thread 0x000001a7ab454bd0 nmethod 3363 0x000001a7a1798c10 code [0x000001a7a1798da0, 0x000001a7a1798e78]

GC Heap History (20 events):
Event: 4.137 GC heap before
{Heap before GC invocations=2 (full 0):
 PSYoungGen      total 29696K, used 21170K [0x00000000eab00000, 0x00000000ecc00000, 0x0000000100000000)
  eden space 25600K, 67% used [0x00000000eab00000,0x00000000ebbc4d98,0x00000000ec400000)
  from space 4096K, 97% used [0x00000000ec400000,0x00000000ec7e7d68,0x00000000ec800000)
  to   space 4096K, 0% used [0x00000000ec800000,0x00000000ec800000,0x00000000ecc00000)
 ParOldGen       total 68608K, used 24K [0x00000000c0000000, 0x00000000c4300000, 0x00000000eab00000)
  object space 68608K, 0% used [0x00000000c0000000,0x00000000c0006000,0x00000000c4300000)
 Metaspace       used 21103K, committed 21504K, reserved 1073152K
  class space    used 2146K, committed 2368K, reserved 1048576K
}
Event: 4.147 GC heap after
{Heap after GC invocations=2 (full 0):
 PSYoungGen      total 29696K, used 4078K [0x00000000eab00000, 0x00000000ecc00000, 0x0000000100000000)
  eden space 25600K, 0% used [0x00000000eab00000,0x00000000eab00000,0x00000000ec400000)
  from space 4096K, 99% used [0x00000000ec800000,0x00000000ecbfb9c8,0x00000000ecc00000)
  to   space 4096K, 0% used [0x00000000ec400000,0x00000000ec400000,0x00000000ec800000)
 ParOldGen       total 68608K, used 2324K [0x00000000c0000000, 0x00000000c4300000, 0x00000000eab00000)
  object space 68608K, 3% used [0x00000000c0000000,0x00000000c0245098,0x00000000c4300000)
 Metaspace       used 21103K, committed 21504K, reserved 1073152K
  class space    used 2146K, committed 2368K, reserved 1048576K
}
Event: 4.147 GC heap before
{Heap before GC invocations=3 (full 1):
 PSYoungGen      total 29696K, used 4078K [0x00000000eab00000, 0x00000000ecc00000, 0x0000000100000000)
  eden space 25600K, 0% used [0x00000000eab00000,0x00000000eab00000,0x00000000ec400000)
  from space 4096K, 99% used [0x00000000ec800000,0x00000000ecbfb9c8,0x00000000ecc00000)
  to   space 4096K, 0% used [0x00000000ec400000,0x00000000ec400000,0x00000000ec800000)
 ParOldGen       total 68608K, used 2324K [0x00000000c0000000, 0x00000000c4300000, 0x00000000eab00000)
  object space 68608K, 3% used [0x00000000c0000000,0x00000000c0245098,0x00000000c4300000)
 Metaspace       used 21103K, committed 21504K, reserved 1073152K
  class space    used 2146K, committed 2368K, reserved 1048576K
}
Event: 4.173 GC heap after
{Heap after GC invocations=3 (full 1):
 PSYoungGen      total 29696K, used 0K [0x00000000eab00000, 0x00000000ecc00000, 0x0000000100000000)
  eden space 25600K, 0% used [0x00000000eab00000,0x00000000eab00000,0x00000000ec400000)
  from space 4096K, 0% used [0x00000000ec800000,0x00000000ec800000,0x00000000ecc00000)
  to   space 4096K, 0% used [0x00000000ec400000,0x00000000ec400000,0x00000000ec800000)
 ParOldGen       total 68608K, used 6335K [0x00000000c0000000, 0x00000000c4300000, 0x00000000eab00000)
  object space 68608K, 9% used [0x00000000c0000000,0x00000000c062ffd0,0x00000000c4300000)
 Metaspace       used 21103K, committed 21504K, reserved 1073152K
  class space    used 2146K, committed 2368K, reserved 1048576K
}
Event: 6.402 GC heap before
{Heap before GC invocations=4 (full 1):
 PSYoungGen      total 29696K, used 25600K [0x00000000eab00000, 0x00000000ecc00000, 0x0000000100000000)
  eden space 25600K, 100% used [0x00000000eab00000,0x00000000ec400000,0x00000000ec400000)
  from space 4096K, 0% used [0x00000000ec800000,0x00000000ec800000,0x00000000ecc00000)
  to   space 4096K, 0% used [0x00000000ec400000,0x00000000ec400000,0x00000000ec800000)
 ParOldGen       total 68608K, used 6335K [0x00000000c0000000, 0x00000000c4300000, 0x00000000eab00000)
  object space 68608K, 9% used [0x00000000c0000000,0x00000000c062ffd0,0x00000000c4300000)
 Metaspace       used 28495K, committed 28992K, reserved 1081344K
  class space    used 2826K, committed 3072K, reserved 1048576K
}
Event: 6.407 GC heap after
{Heap after GC invocations=4 (full 1):
 PSYoungGen      total 29696K, used 1737K [0x00000000eab00000, 0x00000000ecc00000, 0x0000000100000000)
  eden space 25600K, 0% used [0x00000000eab00000,0x00000000eab00000,0x00000000ec400000)
  from space 4096K, 42% used [0x00000000ec400000,0x00000000ec5b2570,0x00000000ec800000)
  to   space 4096K, 0% used [0x00000000ec800000,0x00000000ec800000,0x00000000ecc00000)
 ParOldGen       total 68608K, used 6343K [0x00000000c0000000, 0x00000000c4300000, 0x00000000eab00000)
  object space 68608K, 9% used [0x00000000c0000000,0x00000000c0631fd0,0x00000000c4300000)
 Metaspace       used 28495K, committed 28992K, reserved 1081344K
  class space    used 2826K, committed 3072K, reserved 1048576K
}
Event: 8.253 GC heap before
{Heap before GC invocations=5 (full 1):
 PSYoungGen      total 29696K, used 27337K [0x00000000eab00000, 0x00000000ecc00000, 0x0000000100000000)
  eden space 25600K, 100% used [0x00000000eab00000,0x00000000ec400000,0x00000000ec400000)
  from space 4096K, 42% used [0x00000000ec400000,0x00000000ec5b2570,0x00000000ec800000)
  to   space 4096K, 0% used [0x00000000ec800000,0x00000000ec800000,0x00000000ecc00000)
 ParOldGen       total 68608K, used 6343K [0x00000000c0000000, 0x00000000c4300000, 0x00000000eab00000)
  object space 68608K, 9% used [0x00000000c0000000,0x00000000c0631fd0,0x00000000c4300000)
 Metaspace       used 33110K, committed 33728K, reserved 1081344K
  class space    used 3367K, committed 3712K, reserved 1048576K
}
Event: 8.258 GC heap after
{Heap after GC invocations=5 (full 1):
 PSYoungGen      total 29696K, used 4064K [0x00000000eab00000, 0x00000000ecc00000, 0x0000000100000000)
  eden space 25600K, 0% used [0x00000000eab00000,0x00000000eab00000,0x00000000ec400000)
  from space 4096K, 99% used [0x00000000ec800000,0x00000000ecbf8290,0x00000000ecc00000)
  to   space 4096K, 0% used [0x00000000ec400000,0x00000000ec400000,0x00000000ec800000)
 ParOldGen       total 68608K, used 6583K [0x00000000c0000000, 0x00000000c4300000, 0x00000000eab00000)
  object space 68608K, 9% used [0x00000000c0000000,0x00000000c066dfd0,0x00000000c4300000)
 Metaspace       used 33110K, committed 33728K, reserved 1081344K
  class space    used 3367K, committed 3712K, reserved 1048576K
}
Event: 9.116 GC heap before
{Heap before GC invocations=6 (full 1):
 PSYoungGen      total 29696K, used 29664K [0x00000000eab00000, 0x00000000ecc00000, 0x0000000100000000)
  eden space 25600K, 100% used [0x00000000eab00000,0x00000000ec400000,0x00000000ec400000)
  from space 4096K, 99% used [0x00000000ec800000,0x00000000ecbf8290,0x00000000ecc00000)
  to   space 4096K, 0% used [0x00000000ec400000,0x00000000ec400000,0x00000000ec800000)
 ParOldGen       total 68608K, used 6583K [0x00000000c0000000, 0x00000000c4300000, 0x00000000eab00000)
  object space 68608K, 9% used [0x00000000c0000000,0x00000000c066dfd0,0x00000000c4300000)
 Metaspace       used 33295K, committed 33920K, reserved 1081344K
  class space    used 3385K, committed 3712K, reserved 1048576K
}
Event: 9.124 GC heap after
{Heap after GC invocations=6 (full 1):
 PSYoungGen      total 29184K, used 4067K [0x00000000eab00000, 0x00000000ed180000, 0x0000000100000000)
  eden space 25088K, 0% used [0x00000000eab00000,0x00000000eab00000,0x00000000ec380000)
  from space 4096K, 99% used [0x00000000ec400000,0x00000000ec7f8f78,0x00000000ec800000)
  to   space 7168K, 0% used [0x00000000eca80000,0x00000000eca80000,0x00000000ed180000)
 ParOldGen       total 68608K, used 8972K [0x00000000c0000000, 0x00000000c4300000, 0x00000000eab00000)
  object space 68608K, 13% used [0x00000000c0000000,0x00000000c08c3230,0x00000000c4300000)
 Metaspace       used 33295K, committed 33920K, reserved 1081344K
  class space    used 3385K, committed 3712K, reserved 1048576K
}
Event: 9.605 GC heap before
{Heap before GC invocations=7 (full 1):
 PSYoungGen      total 29184K, used 29155K [0x00000000eab00000, 0x00000000ed180000, 0x0000000100000000)
  eden space 25088K, 100% used [0x00000000eab00000,0x00000000ec380000,0x00000000ec380000)
  from space 4096K, 99% used [0x00000000ec400000,0x00000000ec7f8f78,0x00000000ec800000)
  to   space 7168K, 0% used [0x00000000eca80000,0x00000000eca80000,0x00000000ed180000)
 ParOldGen       total 68608K, used 8972K [0x00000000c0000000, 0x00000000c4300000, 0x00000000eab00000)
  object space 68608K, 13% used [0x00000000c0000000,0x00000000c08c3230,0x00000000c4300000)
 Metaspace       used 33352K, committed 33984K, reserved 1081344K
  class space    used 3397K, committed 3712K, reserved 1048576K
}
Event: 9.614 GC heap after
{Heap after GC invocations=7 (full 1):
 PSYoungGen      total 31744K, used 7100K [0x00000000eab00000, 0x00000000ed200000, 0x0000000100000000)
  eden space 24576K, 0% used [0x00000000eab00000,0x00000000eab00000,0x00000000ec300000)
  from space 7168K, 99% used [0x00000000eca80000,0x00000000ed16f3f0,0x00000000ed180000)
  to   space 7680K, 0% used [0x00000000ec300000,0x00000000ec300000,0x00000000eca80000)
 ParOldGen       total 68608K, used 8980K [0x00000000c0000000, 0x00000000c4300000, 0x00000000eab00000)
  object space 68608K, 13% used [0x00000000c0000000,0x00000000c08c5230,0x00000000c4300000)
 Metaspace       used 33352K, committed 33984K, reserved 1081344K
  class space    used 3397K, committed 3712K, reserved 1048576K
}
Event: 9.768 GC heap before
{Heap before GC invocations=8 (full 1):
 PSYoungGen      total 31744K, used 31676K [0x00000000eab00000, 0x00000000ed200000, 0x0000000100000000)
  eden space 24576K, 100% used [0x00000000eab00000,0x00000000ec300000,0x00000000ec300000)
  from space 7168K, 99% used [0x00000000eca80000,0x00000000ed16f3f0,0x00000000ed180000)
  to   space 7680K, 0% used [0x00000000ec300000,0x00000000ec300000,0x00000000eca80000)
 ParOldGen       total 68608K, used 8980K [0x00000000c0000000, 0x00000000c4300000, 0x00000000eab00000)
  object space 68608K, 13% used [0x00000000c0000000,0x00000000c08c5230,0x00000000c4300000)
 Metaspace       used 33352K, committed 33984K, reserved 1081344K
  class space    used 3397K, committed 3712K, reserved 1048576K
}
Event: 9.782 GC heap after
{Heap after GC invocations=8 (full 1):
 PSYoungGen      total 31744K, used 7676K [0x00000000eab00000, 0x00000000ed780000, 0x0000000100000000)
  eden space 24064K, 0% used [0x00000000eab00000,0x00000000eab00000,0x00000000ec280000)
  from space 7680K, 99% used [0x00000000ec300000,0x00000000eca7f3e0,0x00000000eca80000)
  to   space 10752K, 0% used [0x00000000ecd00000,0x00000000ecd00000,0x00000000ed780000)
 ParOldGen       total 68608K, used 11147K [0x00000000c0000000, 0x00000000c4300000, 0x00000000eab00000)
  object space 68608K, 16% used [0x00000000c0000000,0x00000000c0ae2e30,0x00000000c4300000)
 Metaspace       used 33352K, committed 33984K, reserved 1081344K
  class space    used 3397K, committed 3712K, reserved 1048576K
}
Event: 11.046 GC heap before
{Heap before GC invocations=9 (full 1):
 PSYoungGen      total 31744K, used 31731K [0x00000000eab00000, 0x00000000ed780000, 0x0000000100000000)
  eden space 24064K, 99% used [0x00000000eab00000,0x00000000ec27db98,0x00000000ec280000)
  from space 7680K, 99% used [0x00000000ec300000,0x00000000eca7f3e0,0x00000000eca80000)
  to   space 10752K, 0% used [0x00000000ecd00000,0x00000000ecd00000,0x00000000ed780000)
 ParOldGen       total 68608K, used 11147K [0x00000000c0000000, 0x00000000c4300000, 0x00000000eab00000)
  object space 68608K, 16% used [0x00000000c0000000,0x00000000c0ae2e30,0x00000000c4300000)
 Metaspace       used 34035K, committed 34688K, reserved 1081344K
  class space    used 3479K, committed 3776K, reserved 1048576K
}
Event: 11.061 GC heap after
{Heap after GC invocations=9 (full 1):
 PSYoungGen      total 32768K, used 9036K [0x00000000eab00000, 0x00000000ed600000, 0x0000000100000000)
  eden space 23552K, 0% used [0x00000000eab00000,0x00000000eab00000,0x00000000ec200000)
  from space 9216K, 98% used [0x00000000ecd00000,0x00000000ed5d32c8,0x00000000ed600000)
  to   space 9728K, 0% used [0x00000000ec300000,0x00000000ec300000,0x00000000ecc80000)
 ParOldGen       total 68608K, used 13157K [0x00000000c0000000, 0x00000000c4300000, 0x00000000eab00000)
  object space 68608K, 19% used [0x00000000c0000000,0x00000000c0cd9748,0x00000000c4300000)
 Metaspace       used 34035K, committed 34688K, reserved 1081344K
  class space    used 3479K, committed 3776K, reserved 1048576K
}
Event: 11.765 GC heap before
{Heap before GC invocations=10 (full 1):
 PSYoungGen      total 32768K, used 13181K [0x00000000eab00000, 0x00000000ed600000, 0x0000000100000000)
  eden space 23552K, 17% used [0x00000000eab00000,0x00000000eaf0c208,0x00000000ec200000)
  from space 9216K, 98% used [0x00000000ecd00000,0x00000000ed5d32c8,0x00000000ed600000)
  to   space 9728K, 0% used [0x00000000ec300000,0x00000000ec300000,0x00000000ecc80000)
 ParOldGen       total 68608K, used 13157K [0x00000000c0000000, 0x00000000c4300000, 0x00000000eab00000)
  object space 68608K, 19% used [0x00000000c0000000,0x00000000c0cd9748,0x00000000c4300000)
 Metaspace       used 35257K, committed 35840K, reserved 1081344K
  class space    used 3629K, committed 3904K, reserved 1048576K
}
Event: 11.774 GC heap after
{Heap after GC invocations=10 (full 1):
 PSYoungGen      total 29696K, used 5971K [0x00000000eab00000, 0x00000000ed000000, 0x0000000100000000)
  eden space 23552K, 0% used [0x00000000eab00000,0x00000000eab00000,0x00000000ec200000)
  from space 6144K, 97% used [0x00000000ec300000,0x00000000ec8d4ef8,0x00000000ec900000)
  to   space 7168K, 0% used [0x00000000ec900000,0x00000000ec900000,0x00000000ed000000)
 ParOldGen       total 68608K, used 16530K [0x00000000c0000000, 0x00000000c4300000, 0x00000000eab00000)
  object space 68608K, 24% used [0x00000000c0000000,0x00000000c1024aa0,0x00000000c4300000)
 Metaspace       used 35257K, committed 35840K, reserved 1081344K
  class space    used 3629K, committed 3904K, reserved 1048576K
}
Event: 11.774 GC heap before
{Heap before GC invocations=11 (full 2):
 PSYoungGen      total 29696K, used 5971K [0x00000000eab00000, 0x00000000ed000000, 0x0000000100000000)
  eden space 23552K, 0% used [0x00000000eab00000,0x00000000eab00000,0x00000000ec200000)
  from space 6144K, 97% used [0x00000000ec300000,0x00000000ec8d4ef8,0x00000000ec900000)
  to   space 7168K, 0% used [0x00000000ec900000,0x00000000ec900000,0x00000000ed000000)
 ParOldGen       total 68608K, used 16530K [0x00000000c0000000, 0x00000000c4300000, 0x00000000eab00000)
  object space 68608K, 24% used [0x00000000c0000000,0x00000000c1024aa0,0x00000000c4300000)
 Metaspace       used 35257K, committed 35840K, reserved 1081344K
  class space    used 3629K, committed 3904K, reserved 1048576K
}
Event: 11.860 GC heap after
{Heap after GC invocations=11 (full 2):
 PSYoungGen      total 29696K, used 0K [0x00000000eab00000, 0x00000000ed000000, 0x0000000100000000)
  eden space 23552K, 0% used [0x00000000eab00000,0x00000000eab00000,0x00000000ec200000)
  from space 6144K, 0% used [0x00000000ec300000,0x00000000ec300000,0x00000000ec900000)
  to   space 7168K, 0% used [0x00000000ec900000,0x00000000ec900000,0x00000000ed000000)
 ParOldGen       total 68608K, used 22147K [0x00000000c0000000, 0x00000000c4300000, 0x00000000eab00000)
  object space 68608K, 32% used [0x00000000c0000000,0x00000000c15a0e60,0x00000000c4300000)
 Metaspace       used 35257K, committed 35840K, reserved 1081344K
  class space    used 3629K, committed 3904K, reserved 1048576K
}

Deoptimization events (20 events):
Event: 12.332 Thread 0x000001a7ad486630 Uncommon trap: trap_request=0xffffffde fr.pc=0x000001a7a16fe1b0 relative=0x0000000000000250
Event: 12.332 Thread 0x000001a7ad486630 Uncommon trap: reason=class_check action=maybe_recompile pc=0x000001a7a16fe1b0 method=java.util.ArrayList$ArrayListSpliterator.tryAdvance(Ljava/util/function/Consumer;)Z @ 48 c2
Event: 12.332 Thread 0x000001a7ad486630 DEOPT PACKING pc=0x000001a7a16fe1b0 sp=0x00000085d2dfe6c0
Event: 12.332 Thread 0x000001a7ad486630 DEOPT UNPACKING pc=0x000001a799b920a3 sp=0x00000085d2dfe650 mode 2
Event: 12.366 Thread 0x000001a7ad4852f0 Uncommon trap: trap_request=0xffffffde fr.pc=0x000001a7a16fe1b0 relative=0x0000000000000250
Event: 12.366 Thread 0x000001a7ad4852f0 Uncommon trap: reason=class_check action=maybe_recompile pc=0x000001a7a16fe1b0 method=java.util.ArrayList$ArrayListSpliterator.tryAdvance(Ljava/util/function/Consumer;)Z @ 48 c2
Event: 12.366 Thread 0x000001a7ad4852f0 DEOPT PACKING pc=0x000001a7a16fe1b0 sp=0x00000085d2efec40
Event: 12.366 Thread 0x000001a7ad4852f0 DEOPT UNPACKING pc=0x000001a799b920a3 sp=0x00000085d2efebd0 mode 2
Event: 12.670 Thread 0x000001a7ad486630 DEOPT PACKING pc=0x000001a79a680e7a sp=0x00000085d2dfd980
Event: 12.670 Thread 0x000001a7ad486630 DEOPT UNPACKING pc=0x000001a799b92843 sp=0x00000085d2dfcdf0 mode 0
Event: 12.671 Thread 0x000001a7ad486630 DEOPT PACKING pc=0x000001a79a680e7a sp=0x00000085d2dfd9b0
Event: 12.671 Thread 0x000001a7ad486630 DEOPT UNPACKING pc=0x000001a799b92843 sp=0x00000085d2dfce20 mode 0
Event: 12.687 Thread 0x000001a7ad486630 Uncommon trap: trap_request=0xffffff45 fr.pc=0x000001a7a173f830 relative=0x0000000000000670
Event: 12.687 Thread 0x000001a7ad486630 Uncommon trap: reason=unstable_if action=reinterpret pc=0x000001a7a173f830 method=org.eclipse.jdt.internal.core.util.HashtableOfArrayToObject.get([Ljava/lang/Object;)Ljava/lang/Object; @ 64 c2
Event: 12.687 Thread 0x000001a7ad486630 DEOPT PACKING pc=0x000001a7a173f830 sp=0x00000085d2dfe3b0
Event: 12.687 Thread 0x000001a7ad486630 DEOPT UNPACKING pc=0x000001a799b920a3 sp=0x00000085d2dfe370 mode 2
Event: 13.151 Thread 0x000001a7ad485c90 Uncommon trap: trap_request=0xffffffde fr.pc=0x000001a7a16c88ec relative=0x0000000000000c4c
Event: 13.151 Thread 0x000001a7ad485c90 Uncommon trap: reason=class_check action=maybe_recompile pc=0x000001a7a16c88ec method=java.util.concurrent.ConcurrentHashMap.putVal(Ljava/lang/Object;Ljava/lang/Object;Z)Ljava/lang/Object; @ 242 c2
Event: 13.151 Thread 0x000001a7ad485c90 DEOPT PACKING pc=0x000001a7a16c88ec sp=0x00000085d2cfd8e0
Event: 13.151 Thread 0x000001a7ad485c90 DEOPT UNPACKING pc=0x000001a799b920a3 sp=0x00000085d2cfd850 mode 2

Classes unloaded (0 events):
No events

Classes redefined (0 events):
No events

Internal exceptions (20 events):
Event: 6.038 Thread 0x000001a7ad6c5640 Exception <a 'java/io/FileNotFoundException'{0x00000000ec1014a0}> (0x00000000ec1014a0) 
thrown [e:\jenkins\tmp\workspace\build\src\src\hotspot\share\prims\jni.cpp, line 516]
Event: 6.263 Thread 0x000001a7ad6c5640 Exception <a 'java/lang/UnsatisfiedLinkError'{0x00000000ec24c258}: The specified procedure could not be found.
> (0x00000000ec24c258) 
thrown [e:\jenkins\tmp\workspace\build\src\src\hotspot\share\prims\jni.cpp, line 535]
Event: 6.274 Thread 0x000001a7ad6c5640 Exception <a 'java/io/FileNotFoundException'{0x00000000ec2585a0}> (0x00000000ec2585a0) 
thrown [e:\jenkins\tmp\workspace\build\src\src\hotspot\share\prims\jni.cpp, line 516]
Event: 6.293 Thread 0x000001a7ad6c5640 Exception <a 'java/io/FileNotFoundException'{0x00000000ec282af0}> (0x00000000ec282af0) 
thrown [e:\jenkins\tmp\workspace\build\src\src\hotspot\share\prims\jni.cpp, line 516]
Event: 6.327 Thread 0x000001a7ad6c5640 Exception <a 'java/lang/UnsatisfiedLinkError'{0x00000000ec388090}: The specified procedure could not be found.
> (0x00000000ec388090) 
thrown [e:\jenkins\tmp\workspace\build\src\src\hotspot\share\prims\jni.cpp, line 535]
Event: 6.469 Thread 0x000001a79569d4d0 Exception <a 'java/lang/NoSuchMethodError'{0x00000000eab95a88}: 'void java.lang.invoke.DirectMethodHandle$Holder.invokeStatic(java.lang.Object, java.lang.Object, java.lang.Object, java.lang.Object)'> (0x00000000eab95a88) 
thrown [e:\jenkins\tmp\workspace\build\src\src\hotspot\share\interpreter\linkResolver.cpp, line 766]
Event: 6.798 Thread 0x000001a79569d4d0 Exception <a 'java/lang/NoSuchMethodError'{0x00000000eaec4428}: 'java.lang.Object java.lang.invoke.DirectMethodHandle$Holder.newInvokeSpecial(java.lang.Object, java.lang.Object, java.lang.Object, java.lang.Object, java.lang.Object)'> (0x00000000eaec4428) 
thrown [e:\jenkins\tmp\workspace\build\src\src\hotspot\share\interpreter\linkResolver.cpp, line 766]
Event: 7.054 Thread 0x000001a7ad4874a0 Exception <a 'java/io/FileNotFoundException'{0x00000000eb0f4900}> (0x00000000eb0f4900) 
thrown [e:\jenkins\tmp\workspace\build\src\src\hotspot\share\prims\jni.cpp, line 516]
Event: 7.191 Thread 0x000001a7ad4874a0 Exception <a 'java/lang/NoSuchMethodError'{0x00000000eb33d020}: 'int java.lang.invoke.DirectMethodHandle$Holder.invokeVirtual(java.lang.Object, java.lang.Object)'> (0x00000000eb33d020) 
thrown [e:\jenkins\tmp\workspace\build\src\src\hotspot\share\interpreter\linkResolver.cpp, line 766]
Event: 7.308 Thread 0x000001a7ad8fe440 Exception <a 'java/lang/NoSuchMethodError'{0x00000000eb55bee8}: 'java.lang.Object java.lang.invoke.Invokers$Holder.invoke_MT(java.lang.Object, java.lang.Object, java.lang.Object)'> (0x00000000eb55bee8) 
thrown [e:\jenkins\tmp\workspace\build\src\src\hotspot\share\interpreter\linkResolver.cpp, line 766]
Event: 8.466 Thread 0x000001a7ad8fe440 Exception <a 'java/io/FileNotFoundException'{0x00000000eb070060}> (0x00000000eb070060) 
thrown [e:\jenkins\tmp\workspace\build\src\src\hotspot\share\prims\jni.cpp, line 516]
Event: 8.467 Thread 0x000001a7ad8fe440 Exception <a 'java/io/FileNotFoundException'{0x00000000eb071e30}> (0x00000000eb071e30) 
thrown [e:\jenkins\tmp\workspace\build\src\src\hotspot\share\prims\jni.cpp, line 516]
Event: 8.471 Thread 0x000001a7ad8fe440 Exception <a 'java/lang/NoSuchMethodError'{0x00000000eb079848}: 'void java.lang.invoke.DirectMethodHandle$Holder.invokeStaticInit(java.lang.Object, java.lang.Object, java.lang.Object)'> (0x00000000eb079848) 
thrown [e:\jenkins\tmp\workspace\build\src\src\hotspot\share\interpreter\linkResolver.cpp, line 766]
Event: 10.274 Thread 0x000001a7ad8fe440 Exception <a 'java/lang/NoSuchMethodError'{0x00000000ebfa4818}: 'java.lang.Object java.lang.invoke.DirectMethodHandle$Holder.newInvokeSpecial(java.lang.Object, java.lang.Object, java.lang.Object, int, java.lang.Object)'> (0x00000000ebfa4818) 
thrown [e:\jenkins\tmp\workspace\build\src\src\hotspot\share\interpreter\linkResolver.cpp, line 766]
Event: 10.276 Thread 0x000001a7ad8fe440 Exception <a 'java/lang/NoSuchMethodError'{0x00000000ebfa89c8}: 'java.lang.Object java.lang.invoke.DirectMethodHandle$Holder.invokeSpecial(java.lang.Object, java.lang.Object, java.lang.Object, java.lang.Object, int, java.lang.Object)'> (0x00000000ebfa89c8) 
thrown [e:\jenkins\tmp\workspace\build\src\src\hotspot\share\interpreter\linkResolver.cpp, line 766]
Event: 10.837 Thread 0x000001a7ad4874a0 Exception <a 'java/lang/NoSuchMethodError'{0x00000000ec17ae60}: 'java.lang.Object java.lang.invoke.DirectMethodHandle$Holder.invokeInterface(java.lang.Object, java.lang.Object, java.lang.Object)'> (0x00000000ec17ae60) 
thrown [e:\jenkins\tmp\workspace\build\src\src\hotspot\share\interpreter\linkResolver.cpp, line 766]
Event: 12.071 Thread 0x000001a7ad4874a0 Exception <a 'java/io/FileNotFoundException'{0x00000000ead4a220}> (0x00000000ead4a220) 
thrown [e:\jenkins\tmp\workspace\build\src\src\hotspot\share\prims\jni.cpp, line 516]
Event: 12.079 Thread 0x000001a7ad4874a0 Exception <a 'java/io/FileNotFoundException'{0x00000000ead5b388}> (0x00000000ead5b388) 
thrown [e:\jenkins\tmp\workspace\build\src\src\hotspot\share\prims\jni.cpp, line 516]
Event: 12.079 Thread 0x000001a7ad4874a0 Exception <a 'java/io/FileNotFoundException'{0x00000000ead5c7e0}> (0x00000000ead5c7e0) 
thrown [e:\jenkins\tmp\workspace\build\src\src\hotspot\share\prims\jni.cpp, line 516]
Event: 12.500 Thread 0x000001a7ad4852f0 Exception <a 'java/lang/ArrayIndexOutOfBoundsException'{0x00000000eae89330}: Index 682 out of bounds for length 681> (0x00000000eae89330) 
thrown [e:\jenkins\tmp\workspace\build\src\src\hotspot\share\interpreter\interpreterRuntime.cpp, line 428]

VM Operations (20 events):
Event: 8.253 Executing VM operation: ParallelGCFailedAllocation
Event: 8.258 Executing VM operation: ParallelGCFailedAllocation done
Event: 9.037 Executing VM operation: ParallelGCFailedAllocation
Event: 9.129 Executing VM operation: ParallelGCFailedAllocation done
Event: 9.605 Executing VM operation: ParallelGCFailedAllocation
Event: 9.614 Executing VM operation: ParallelGCFailedAllocation done
Event: 9.768 Executing VM operation: ParallelGCFailedAllocation
Event: 9.782 Executing VM operation: ParallelGCFailedAllocation done
Event: 10.786 Executing VM operation: Cleanup
Event: 10.802 Executing VM operation: Cleanup done
Event: 11.046 Executing VM operation: ParallelGCFailedAllocation
Event: 11.061 Executing VM operation: ParallelGCFailedAllocation done
Event: 11.714 Executing VM operation: HandshakeAllThreads
Event: 11.714 Executing VM operation: HandshakeAllThreads done
Event: 11.765 Executing VM operation: CollectForMetadataAllocation
Event: 11.860 Executing VM operation: CollectForMetadataAllocation done
Event: 12.043 Executing VM operation: HandshakeAllThreads
Event: 12.043 Executing VM operation: HandshakeAllThreads done
Event: 13.049 Executing VM operation: Cleanup
Event: 13.063 Executing VM operation: Cleanup done

Events (20 events):
Event: 12.136 loading class java/util/concurrent/CompletableFuture$UniAccept
Event: 12.136 loading class java/util/concurrent/CompletableFuture$UniAccept done
Event: 12.136 loading class java/util/concurrent/CompletableFuture$UniExceptionally
Event: 12.136 loading class java/util/concurrent/CompletableFuture$UniExceptionally done
Event: 12.197 Thread 0x000001a7ad486630 Thread added: 0x000001a7ad486630
Event: 12.309 Thread 0x000001a7ad4852f0 Thread added: 0x000001a7ad4852f0
Event: 12.543 loading class java/lang/UnsupportedClassVersionError
Event: 12.543 loading class java/lang/UnsupportedClassVersionError done
Event: 12.601 loading class jdk/internal/reflect/UnsafeQualifiedStaticIntegerFieldAccessorImpl
Event: 12.601 loading class jdk/internal/reflect/UnsafeQualifiedStaticIntegerFieldAccessorImpl done
Event: 12.698 loading class java/util/stream/MatchOps$MatchKind
Event: 12.698 loading class java/util/stream/MatchOps$MatchKind done
Event: 12.698 loading class java/util/stream/MatchOps
Event: 12.698 loading class java/util/stream/MatchOps done
Event: 12.698 loading class java/util/stream/MatchOps$MatchOp
Event: 12.698 loading class java/util/stream/MatchOps$MatchOp done
Event: 12.698 loading class java/util/stream/MatchOps$BooleanTerminalSink
Event: 12.698 loading class java/util/stream/MatchOps$BooleanTerminalSink done
Event: 12.702 loading class java/util/stream/MatchOps$1MatchSink
Event: 12.703 loading class java/util/stream/MatchOps$1MatchSink done


Dynamic libraries:
0x00007ff694b40000 - 0x00007ff694b4e000 	c:\Users\admin\.vscode\extensions\redhat.java-1.6.0-win32-x64\jre\17.0.2-win32-x86_64\bin\java.exe
0x00007fffdd6d0000 - 0x00007fffdd8c5000 	C:\WINDOWS\SYSTEM32\ntdll.dll
0x00007fffdb9f0000 - 0x00007fffdbaad000 	C:\WINDOWS\System32\KERNEL32.DLL
0x00007fffdb240000 - 0x00007fffdb50d000 	C:\WINDOWS\System32\KERNELBASE.dll
0x00007fffdb140000 - 0x00007fffdb240000 	C:\WINDOWS\System32\ucrtbase.dll
0x00007fffd52d0000 - 0x00007fffd52e8000 	c:\Users\admin\.vscode\extensions\redhat.java-1.6.0-win32-x64\jre\17.0.2-win32-x86_64\bin\jli.dll
0x00007fffdcb30000 - 0x00007fffdccd0000 	C:\WINDOWS\System32\USER32.dll
0x00007fffdade0000 - 0x00007fffdae02000 	C:\WINDOWS\System32\win32u.dll
0x00007fffdc880000 - 0x00007fffdc8aa000 	C:\WINDOWS\System32\GDI32.dll
0x00007fffdb510000 - 0x00007fffdb61b000 	C:\WINDOWS\System32\gdi32full.dll
0x00007fffdae10000 - 0x00007fffdaead000 	C:\WINDOWS\System32\msvcp_win.dll
0x00007fffd4f00000 - 0x00007fffd4f19000 	c:\Users\admin\.vscode\extensions\redhat.java-1.6.0-win32-x64\jre\17.0.2-win32-x86_64\bin\VCRUNTIME140.dll
0x00007fffcf8e0000 - 0x00007fffcfb7a000 	C:\WINDOWS\WinSxS\amd64_microsoft.windows.common-controls_6595b64144ccf1df_6.0.19041.1110_none_60b5254171f9507e\COMCTL32.dll
0x00007fffdb810000 - 0x00007fffdb8ae000 	C:\WINDOWS\System32\msvcrt.dll
0x00007fffdcb00000 - 0x00007fffdcb30000 	C:\WINDOWS\System32\IMM32.DLL
0x00007fffd61a0000 - 0x00007fffd61ac000 	c:\Users\admin\.vscode\extensions\redhat.java-1.6.0-win32-x64\jre\17.0.2-win32-x86_64\bin\vcruntime140_1.dll
0x00007fffbc8b0000 - 0x00007fffbc941000 	c:\Users\admin\.vscode\extensions\redhat.java-1.6.0-win32-x64\jre\17.0.2-win32-x86_64\bin\msvcp140.dll
0x00007fffa7640000 - 0x00007fffa8287000 	c:\Users\admin\.vscode\extensions\redhat.java-1.6.0-win32-x64\jre\17.0.2-win32-x86_64\bin\server\jvm.dll
0x00007fffdbbe0000 - 0x00007fffdbc8e000 	C:\WINDOWS\System32\ADVAPI32.dll
0x00007fffdcda0000 - 0x00007fffdce3c000 	C:\WINDOWS\System32\sechost.dll
0x00007fffdbab0000 - 0x00007fffdbbd5000 	C:\WINDOWS\System32\RPCRT4.dll
0x00007fffdb720000 - 0x00007fffdb728000 	C:\WINDOWS\System32\PSAPI.DLL
0x00007fffcd050000 - 0x00007fffcd059000 	C:\WINDOWS\SYSTEM32\WSOCK32.dll
0x00007fffdc340000 - 0x00007fffdc3ab000 	C:\WINDOWS\System32\WS2_32.dll
0x00007fffd11a0000 - 0x00007fffd11c7000 	C:\WINDOWS\SYSTEM32\WINMM.dll
0x00007fffd3390000 - 0x00007fffd339a000 	C:\WINDOWS\SYSTEM32\VERSION.dll
0x00007fffd9670000 - 0x00007fffd9682000 	C:\WINDOWS\SYSTEM32\kernel.appcore.dll
0x00007fffd85f0000 - 0x00007fffd85fa000 	c:\Users\admin\.vscode\extensions\redhat.java-1.6.0-win32-x64\jre\17.0.2-win32-x86_64\bin\jimage.dll
0x00007fffd3e00000 - 0x00007fffd3fe4000 	C:\WINDOWS\SYSTEM32\DBGHELP.DLL
0x00007fffd36a0000 - 0x00007fffd36cc000 	C:\WINDOWS\SYSTEM32\dbgcore.DLL
0x00007fffdaf50000 - 0x00007fffdafd2000 	C:\WINDOWS\System32\bcryptPrimitives.dll
0x00007fffd85c0000 - 0x00007fffd85e5000 	c:\Users\admin\.vscode\extensions\redhat.java-1.6.0-win32-x64\jre\17.0.2-win32-x86_64\bin\java.dll
0x00007fffd85a0000 - 0x00007fffd85b8000 	c:\Users\admin\.vscode\extensions\redhat.java-1.6.0-win32-x64\jre\17.0.2-win32-x86_64\bin\zip.dll
0x00007fffdcf40000 - 0x00007fffdd684000 	C:\WINDOWS\System32\SHELL32.dll
0x00007fffd8ec0000 - 0x00007fffd9654000 	C:\WINDOWS\SYSTEM32\windows.storage.dll
0x00007fffdc460000 - 0x00007fffdc7b4000 	C:\WINDOWS\System32\combase.dll
0x00007fffda770000 - 0x00007fffda79c000 	C:\WINDOWS\SYSTEM32\Wldp.dll
0x00007fffdc7d0000 - 0x00007fffdc87d000 	C:\WINDOWS\System32\SHCORE.dll
0x00007fffdca40000 - 0x00007fffdca95000 	C:\WINDOWS\System32\shlwapi.dll
0x00007fffdad20000 - 0x00007fffdad3f000 	C:\WINDOWS\SYSTEM32\profapi.dll
0x00007fffd7d20000 - 0x00007fffd7d39000 	C:\Users\admin\.vscode\extensions\redhat.java-1.6.0-win32-x64\jre\17.0.2-win32-x86_64\bin\net.dll
0x00007fffd15a0000 - 0x00007fffd16aa000 	C:\WINDOWS\SYSTEM32\WINHTTP.dll
0x00007fffda4d0000 - 0x00007fffda53a000 	C:\WINDOWS\system32\mswsock.dll
0x00007fffd7d00000 - 0x00007fffd7d15000 	C:\Users\admin\.vscode\extensions\redhat.java-1.6.0-win32-x64\jre\17.0.2-win32-x86_64\bin\nio.dll
0x00007fffda6c0000 - 0x00007fffda6d8000 	C:\WINDOWS\SYSTEM32\CRYPTSP.dll
0x00007fffd9e50000 - 0x00007fffd9e84000 	C:\WINDOWS\system32\rsaenh.dll
0x00007fffdaeb0000 - 0x00007fffdaed7000 	C:\WINDOWS\System32\bcrypt.dll
0x00007fffdace0000 - 0x00007fffdad0e000 	C:\WINDOWS\SYSTEM32\USERENV.dll
0x00007fffda6e0000 - 0x00007fffda6ec000 	C:\WINDOWS\SYSTEM32\CRYPTBASE.dll
0x00007fffda1c0000 - 0x00007fffda1fb000 	C:\WINDOWS\SYSTEM32\IPHLPAPI.DLL
0x00007fffdcf30000 - 0x00007fffdcf38000 	C:\WINDOWS\System32\NSI.dll
0x00007fffd2700000 - 0x00007fffd2717000 	C:\WINDOWS\SYSTEM32\dhcpcsvc6.DLL
0x00007fffd3030000 - 0x00007fffd304d000 	C:\WINDOWS\SYSTEM32\dhcpcsvc.DLL
0x00007fffda200000 - 0x00007fffda2cb000 	C:\WINDOWS\SYSTEM32\DNSAPI.dll
0x00007fffc7c60000 - 0x00007fffc7c9e000 	C:\Users\admin\AppData\Roaming\Code\User\globalStorage\redhat.java\1.6.0\config_ss_win\org.eclipse.equinox.launcher\org.eclipse.equinox.launcher.win32.win32.x86_64_1.2.400.v20211117-0650\eclipse_11602.dll
0x00007fffdc910000 - 0x00007fffdca3a000 	C:\WINDOWS\System32\ole32.dll
0x00007fffd7cf0000 - 0x00007fffd7d00000 	c:\Users\admin\.vscode\extensions\redhat.java-1.6.0-win32-x64\jre\17.0.2-win32-x86_64\bin\verify.dll
0x00007fffc7bb0000 - 0x00007fffc7bf4000 	C:\Users\admin\AppData\Local\Temp\jna-92668751\jna9198908507054770274.dll

dbghelp: loaded successfully - version: 4.0.5 - missing functions: none
symbol engine: initialized successfully - sym options: 0x614 - pdb path: .;c:\Users\admin\.vscode\extensions\redhat.java-1.6.0-win32-x64\jre\17.0.2-win32-x86_64\bin;C:\WINDOWS\SYSTEM32;C:\WINDOWS\WinSxS\amd64_microsoft.windows.common-controls_6595b64144ccf1df_6.0.19041.1110_none_60b5254171f9507e;c:\Users\admin\.vscode\extensions\redhat.java-1.6.0-win32-x64\jre\17.0.2-win32-x86_64\bin\server;C:\Users\admin\AppData\Roaming\Code\User\globalStorage\redhat.java\1.6.0\config_ss_win\org.eclipse.equinox.launcher\org.eclipse.equinox.launcher.win32.win32.x86_64_1.2.400.v20211117-0650;C:\Users\admin\AppData\Local\Temp\jna-92668751

VM Arguments:
jvm_args: --add-modules=ALL-SYSTEM --add-opens=java.base/java.util=ALL-UNNAMED --add-opens=java.base/java.lang=ALL-UNNAMED --add-opens=java.base/sun.nio.fs=ALL-UNNAMED -Declipse.application=org.eclipse.jdt.ls.core.id1 -Dosgi.bundles.defaultStartLevel=4 -Declipse.product=org.eclipse.jdt.ls.core.product -Djava.import.generatesMetadataFilesAtProjectRoot=false -Dfile.encoding=utf8 -DwatchParentProcess=false -XX:+UseParallelGC -XX:GCTimeRatio=4 -XX:AdaptiveSizePolicyWeight=90 -Dsun.zip.disableMemoryMapping=true -Xmx1G -Xms100m 
java_command: c:\Users\admin\.vscode\extensions\redhat.java-1.6.0-win32-x64\server\plugins\org.eclipse.equinox.launcher_1.6.400.v20210924-0641.jar -configuration c:\Users\admin\AppData\Roaming\Code\User\globalStorage\redhat.java\1.6.0\config_ss_win -data c:\Users\admin\AppData\Roaming\Code\User\workspaceStorage\5651c2bef7803a3c371000bd4bbd2ad0\redhat.java\ss_ws
java_class_path (initial): c:\Users\admin\.vscode\extensions\redhat.java-1.6.0-win32-x64\server\plugins\org.eclipse.equinox.launcher_1.6.400.v20210924-0641.jar
Launcher Type: SUN_STANDARD

[Global flags]
    uintx AdaptiveSizePolicyWeight                 = 90                                        {product} {command line}
     intx CICompilerCount                          = 3                                         {product} {ergonomic}
    uintx GCTimeRatio                              = 4                                         {product} {command line}
   size_t InitialHeapSize                          = 104857600                                 {product} {command line}
   size_t MaxHeapSize                              = 1073741824                                {product} {command line}
   size_t MaxNewSize                               = 357564416                                 {product} {ergonomic}
   size_t MinHeapDeltaBytes                        = 524288                                    {product} {ergonomic}
   size_t MinHeapSize                              = 104857600                                 {product} {command line}
   size_t NewSize                                  = 34603008                                  {product} {ergonomic}
    uintx NonNMethodCodeHeapSize                   = 5832780                                {pd product} {ergonomic}
    uintx NonProfiledCodeHeapSize                  = 122912730                              {pd product} {ergonomic}
   size_t OldSize                                  = 70254592                                  {product} {ergonomic}
    uintx ProfiledCodeHeapSize                     = 122912730                              {pd product} {ergonomic}
    uintx ReservedCodeCacheSize                    = 251658240                              {pd product} {ergonomic}
     bool SegmentedCodeCache                       = true                                      {product} {ergonomic}
   size_t SoftMaxHeapSize                          = 1073741824                             {manageable} {ergonomic}
     bool UseCompressedClassPointers               = true                           {product lp64_product} {ergonomic}
     bool UseCompressedOops                        = true                           {product lp64_product} {ergonomic}
     bool UseLargePagesIndividualAllocation        = false                                  {pd product} {ergonomic}
     bool UseParallelGC                            = true                                      {product} {command line}

Logging:
Log output configuration:
 #0: stdout all=warning uptime,level,tags
 #1: stderr all=off uptime,level,tags

Environment Variables:
JAVA_HOME=C:\Program Files\Java\jdk-18.0.1
PATH=C:\Program Files\Common Files\Oracle\Java\javapath;C:\Program Files (x86)\Common Files\Oracle\Java\javapath;C:\Program Files (x86)\NVIDIA Corporation\PhysX\Common;C:\ProgramData\Oracle\Java\javapath;C:\WINDOWS\system32;C:\WINDOWS;C:\WINDOWS\System32\Wbem;C:\WINDOWS\System32\WindowsPowerShell\v1.0\;C:\Program Files (x86)\Skype\Phone\;C:\Program Files\WIDCOMM\Bluetooth Software\;C:\Program Files\WIDCOMM\Bluetooth Software\syswow64;C:\WINDOWS\System32\OpenSSH\;C:\Program Files\Git\cmd;C:\Program Files (x86)\nodejs\;C:\Program Files\apache-maven-3.8.5\bin;C:\Users\admin\AppData\Local\Microsoft\WindowsApps;C:\Program Files\Intel\WiFi\bin\;C:\Program Files\Common Files\Intel\WirelessCommon\;C:\Users\admin\AppData\Local\Programs\Microsoft VS Code\bin;C:\Users\admin\AppData\Roaming\npm;;C:\Program Files\apache-maven-3.8.5\bin;
USERNAME=admin
OS=Windows_NT
PROCESSOR_IDENTIFIER=Intel64 Family 6 Model 78 Stepping 3, GenuineIntel



---------------  S Y S T E M  ---------------

OS:
 Windows 10 , 64 bit Build 19041 (10.0.19041.1706)
OS uptime: 15 days 10:31 hours

CPU: total 4 (initial active 4) (2 cores per cpu, 2 threads per core) family 6 model 78 stepping 3 microcode 0xec, cx8, cmov, fxsr, ht, mmx, 3dnowpref, sse, sse2, sse3, ssse3, sse4.1, sse4.2, popcnt, lzcnt, tsc, tscinvbit, avx, avx2, aes, erms, clmul, bmi1, bmi2, rtm, adx, fma, vzeroupper, clflush, clflushopt

Memory: 4k page, system-wide physical 7856M (948M free)
TotalPageFile size 11856M (AvailPageFile size 33M)
current process WorkingSet (physical memory assigned to process): 187M, peak: 187M
current process commit charge ("private bytes"): 264M, peak: 264M

vm_info: OpenJDK 64-Bit Server VM (17.0.2+8) for windows-amd64 JRE (17.0.2+8), built on Jan 20 2022 04:52:34 by "" with MS VC++ 16.7 (VS2019)

END.
