#
# There is insufficient memory for the Java Runtime Environment to continue.
# Native memory allocation (mmap) failed to map 65536 bytes for Failed to commit metaspace.
# Possible reasons:
#   The system is out of physical RAM or swap space
#   The process is running with CompressedOops enabled, and the Java Heap may be blocking the growth of the native heap
# Possible solutions:
#   Reduce memory load on the system
#   Increase physical memory or swap space
#   Check if swap backing store is full
#   Decrease Java heap size (-Xmx/-Xms)
#   Decrease number of Java threads
#   Decrease Java thread stack sizes (-Xss)
#   Set larger code cache with -XX:ReservedCodeCacheSize=
#   JVM is running with Unscaled Compressed Oops mode in which the Java heap is
#     placed in the first 4GB address space. The Java Heap base address is the
#     maximum limit for the native heap growth. Please use -XX:HeapBaseMinAddress
#     to set the Java Heap base and to place the Java Heap above 4GB virtual address.
# This output file may be truncated or incomplete.
#
#  Out of Memory Error (virtualSpaceNode.cpp:110), pid=6024, tid=1036
#
# JRE version: OpenJDK Runtime Environment Temurin-17.0.2+8 (17.0.2+8) (build 17.0.2+8)
# Java VM: OpenJDK 64-Bit Server VM Temurin-17.0.2+8 (17.0.2+8, mixed mode, emulated-client, tiered, compressed oops, compressed class ptrs, g1 gc, windows-amd64)
# No core dump will be written. Minidumps are not enabled by default on client versions of Windows
#

---------------  S U M M A R Y ------------

Command Line: -Dsts.lsp.client=vscode -Dsts.log.file=/dev/null -XX:TieredStopAtLevel=1 -Dspring.config.location=file:c:\Users\admin\.vscode\extensions\pivotal.vscode-spring-boot-1.33.0\language-server\BOOT-INF\classes\application.properties org.springframework.ide.vscode.boot.app.BootLanguageServerBootApp

Host: Intel(R) Core(TM) i5-6300U CPU @ 2.40GHz, 4 cores, 7G,  Windows 10 , 64 bit Build 19041 (10.0.19041.1706)
Time: Fri May 27 10:33:48 2022 Eastern Daylight Time elapsed time: 3.673698 seconds (0d 0h 0m 3s)

---------------  T H R E A D  ---------------

Current thread (0x000002f234ea21e0):  JavaThread "main" [_thread_in_vm, id=1036, stack(0x000000f8c9600000,0x000000f8c9700000)]

Stack: [0x000000f8c9600000,0x000000f8c9700000]
Native frames: (J=compiled Java code, j=interpreted, Vv=VM code, C=native code)
V  [jvm.dll+0x67564a]
V  [jvm.dll+0x82fc04]
V  [jvm.dll+0x8313ae]
V  [jvm.dll+0x831a13]
V  [jvm.dll+0x245235]
V  [jvm.dll+0x82bbab]
V  [jvm.dll+0x61a336]
V  [jvm.dll+0x1c016e]
V  [jvm.dll+0x61cc81]
V  [jvm.dll+0x61acd6]
V  [jvm.dll+0x23aba6]
V  [jvm.dll+0x1ea88d]
V  [jvm.dll+0x1e02c1]
V  [jvm.dll+0x53b6e0]
V  [jvm.dll+0x7aad88]
V  [jvm.dll+0x7aae74]
V  [jvm.dll+0x40c2f5]
V  [jvm.dll+0x4124e8]
C  [java.dll+0x17ec]

Java frames: (J=compiled Java code, j=interpreted, Vv=VM code)
J 651  java.lang.ClassLoader.defineClass1(Ljava/lang/ClassLoader;Ljava/lang/String;[BIILjava/security/ProtectionDomain;Ljava/lang/String;)Ljava/lang/Class; java.base@17.0.2 (0 bytes) @ 0x000002f23958935b [0x000002f2395892a0+0x00000000000000bb]
J 647 c1 java.lang.ClassLoader.defineClass(Ljava/lang/String;[BIILjava/security/ProtectionDomain;)Ljava/lang/Class; java.base@17.0.2 (43 bytes) @ 0x000002f239588ddc [0x000002f239588ce0+0x00000000000000fc]
J 569 c1 jdk.internal.loader.BuiltinClassLoader.defineClass(Ljava/lang/String;Ljdk/internal/loader/Resource;)Ljava/lang/Class; java.base@17.0.2 (121 bytes) @ 0x000002f239566a44 [0x000002f2395665a0+0x00000000000004a4]
J 568 c1 jdk.internal.loader.BuiltinClassLoader.findClassOnClassPathOrNull(Ljava/lang/String;)Ljava/lang/Class; java.base@17.0.2 (64 bytes) @ 0x000002f23956769c [0x000002f239567400+0x000000000000029c]
J 343 c1 jdk.internal.loader.BuiltinClassLoader.loadClassOrNull(Ljava/lang/String;Z)Ljava/lang/Class; java.base@17.0.2 (143 bytes) @ 0x000002f239509544 [0x000002f239509100+0x0000000000000444]
J 524 c1 jdk.internal.loader.ClassLoaders$AppClassLoader.loadClass(Ljava/lang/String;Z)Ljava/lang/Class; java.base@17.0.2 (40 bytes) @ 0x000002f2395507a4 [0x000002f239550660+0x0000000000000144]
J 523 c1 java.lang.ClassLoader.loadClass(Ljava/lang/String;)Ljava/lang/Class; java.base@17.0.2 (7 bytes) @ 0x000002f239550364 [0x000002f239550320+0x0000000000000044]
v  ~StubRoutines::call_stub
j  ch.qos.logback.classic.spi.LoggingEvent.<init>(Ljava/lang/String;Lch/qos/logback/classic/Logger;Lch/qos/logback/classic/Level;Ljava/lang/String;Ljava/lang/Throwable;[Ljava/lang/Object;)V+72
j  ch.qos.logback.classic.Logger.buildLoggingEventAndAppend(Ljava/lang/String;Lorg/slf4j/Marker;Lch/qos/logback/classic/Level;Ljava/lang/String;[Ljava/lang/Object;Ljava/lang/Throwable;)V+13
j  ch.qos.logback.classic.Logger.filterAndLog_0_Or3Plus(Ljava/lang/String;Lorg/slf4j/Marker;Lch/qos/logback/classic/Level;Ljava/lang/String;[Ljava/lang/Object;Ljava/lang/Throwable;)V+57
j  ch.qos.logback.classic.Logger.log(Lorg/slf4j/Marker;Ljava/lang/String;ILjava/lang/String;[Ljava/lang/Object;Ljava/lang/Throwable;)V+17
j  org.apache.commons.logging.LogAdapter$Slf4jLocationAwareLog.error(Ljava/lang/Object;Ljava/lang/Throwable;)V+41
j  org.springframework.boot.SpringApplication.reportFailure(Ljava/util/Collection;Ljava/lang/Throwable;)V+69
j  org.springframework.boot.SpringApplication.handleRunFailure(Lorg/springframework/context/ConfigurableApplicationContext;Ljava/lang/Throwable;Ljava/util/Collection;Lorg/springframework/boot/SpringApplicationRunListeners;)V+21
j  org.springframework.boot.SpringApplication.run([Ljava/lang/String;)Lorg/springframework/context/ConfigurableApplicationContext;+184
j  org.springframework.boot.SpringApplication.run([Ljava/lang/Class;[Ljava/lang/String;)Lorg/springframework/context/ConfigurableApplicationContext;+9
j  org.springframework.boot.SpringApplication.run(Ljava/lang/Class;[Ljava/lang/String;)Lorg/springframework/context/ConfigurableApplicationContext;+9
j  org.springframework.ide.vscode.boot.app.BootLanguageServerBootApp.main([Ljava/lang/String;)V+19
v  ~StubRoutines::call_stub

---------------  P R O C E S S  ---------------

Threads class SMR info:
_java_thread_list=0x000002f244c04570, length=13, elements={
0x000002f234ea21e0, 0x000002f2436fa750, 0x000002f2436fb3c0, 0x000002f243735130,
0x000002f243735cb0, 0x000002f243738680, 0x000002f243739030, 0x000002f243739a90,
0x000002f24373a480, 0x000002f244214de0, 0x000002f244223430, 0x000002f2442305b0,
0x000002f24498d010
}

Java Threads: ( => current thread )
=>0x000002f234ea21e0 JavaThread "main" [_thread_in_vm, id=1036, stack(0x000000f8c9600000,0x000000f8c9700000)]
  0x000002f2436fa750 JavaThread "Reference Handler" daemon [_thread_blocked, id=12616, stack(0x000000f8c9d00000,0x000000f8c9e00000)]
  0x000002f2436fb3c0 JavaThread "Finalizer" daemon [_thread_blocked, id=6980, stack(0x000000f8c9e00000,0x000000f8c9f00000)]
  0x000002f243735130 JavaThread "Signal Dispatcher" daemon [_thread_blocked, id=11600, stack(0x000000f8c9f00000,0x000000f8ca000000)]
  0x000002f243735cb0 JavaThread "Attach Listener" daemon [_thread_blocked, id=13348, stack(0x000000f8ca000000,0x000000f8ca100000)]
  0x000002f243738680 JavaThread "Service Thread" daemon [_thread_blocked, id=11676, stack(0x000000f8ca100000,0x000000f8ca200000)]
  0x000002f243739030 JavaThread "Monitor Deflation Thread" daemon [_thread_blocked, id=10828, stack(0x000000f8ca200000,0x000000f8ca300000)]
  0x000002f243739a90 JavaThread "C1 CompilerThread0" daemon [_thread_blocked, id=5196, stack(0x000000f8ca300000,0x000000f8ca400000)]
  0x000002f24373a480 JavaThread "Sweeper thread" daemon [_thread_blocked, id=2640, stack(0x000000f8ca400000,0x000000f8ca500000)]
  0x000002f244214de0 JavaThread "C1 CompilerThread1" daemon [_thread_blocked, id=14824, stack(0x000000f8ca500000,0x000000f8ca600000)]
  0x000002f244223430 JavaThread "Notification Thread" daemon [_thread_blocked, id=7344, stack(0x000000f8ca600000,0x000000f8ca700000)]
  0x000002f2442305b0 JavaThread "Common-Cleaner" daemon [_thread_blocked, id=3628, stack(0x000000f8ca800000,0x000000f8ca900000)]
  0x000002f24498d010 JavaThread "C1 CompilerThread2" daemon [_thread_blocked, id=15648, stack(0x000000f8cac00000,0x000000f8cad00000)]

Other Threads:
  0x000002f2436d19b0 VMThread "VM Thread" [stack: 0x000000f8c9c00000,0x000000f8c9d00000] [id=4164]
  0x000002f244223d10 WatcherThread [stack: 0x000000f8ca700000,0x000000f8ca800000] [id=6432]
  0x000002f234edd240 GCTaskThread "GC Thread#0" [stack: 0x000000f8c9700000,0x000000f8c9800000] [id=9504]
  0x000002f24490e7c0 GCTaskThread "GC Thread#1" [stack: 0x000000f8ca900000,0x000000f8caa00000] [id=916]
  0x000002f244950bc0 GCTaskThread "GC Thread#2" [stack: 0x000000f8caa00000,0x000000f8cab00000] [id=11812]
  0x000002f244950e70 GCTaskThread "GC Thread#3" [stack: 0x000000f8cab00000,0x000000f8cac00000] [id=11524]
  0x000002f234eeeb50 ConcurrentGCThread "G1 Main Marker" [stack: 0x000000f8c9800000,0x000000f8c9900000] [id=10412]
  0x000002f234ef1580 ConcurrentGCThread "G1 Conc#0" [stack: 0x000000f8c9900000,0x000000f8c9a00000] [id=13840]
  0x000002f234f58f00 ConcurrentGCThread "G1 Refine#0" [stack: 0x000000f8c9a00000,0x000000f8c9b00000] [id=7216]
  0x000002f234f59920 ConcurrentGCThread "G1 Service" [stack: 0x000000f8c9b00000,0x000000f8c9c00000] [id=15324]

Threads with active compile tasks:

VM state: not at safepoint (normal execution)

VM Mutex/Monitor currently owned by a thread:  ([mutex/lock_event])
[0x000002f234e9e6e0] Metaspace_lock - owner thread: 0x000002f234ea21e0

OutOfMemory and StackOverflow Exception counts:
OutOfMemoryError java_heap_errors=1
LinkageErrors=26

Heap address: 0x0000000085200000, size: 1966 MB, Compressed Oops mode: 32-bit

CDS archive(s) not mapped
Compressed class space mapped at: 0x0000000100000000-0x0000000140000000, reserved size: 1073741824
Narrow klass base: 0x0000000000000000, Narrow klass shift: 3, Narrow klass range: 0x140000000

GC Precious Log:
 CPUs: 4 total, 4 available
 Memory: 7856M
 Large Page Support: Disabled
 NUMA Support: Disabled
 Compressed Oops: Enabled (32-bit)
 Heap Region Size: 1M
 Heap Min Capacity: 8M
 Heap Initial Capacity: 124M
 Heap Max Capacity: 1966M
 Pre-touch: Disabled
 Parallel Workers: 4
 Concurrent Workers: 1
 Concurrent Refinement Workers: 4
 Periodic GC: Disabled

Heap:
 garbage-first heap   total 126976K, used 18600K [0x0000000085200000, 0x0000000100000000)
  region size 1024K, 16 young (16384K), 2 survivors (2048K)
 Metaspace       used 17816K, committed 17984K, reserved 1073152K
  class space    used 2181K, committed 2304K, reserved 1048576K

Heap Regions: E=young(eden), S=young(survivor), O=old, HS=humongous(starts), HC=humongous(continues), CS=collection set, F=free, OA=open archive, CA=closed archive, TAMS=top-at-mark-start (previous, next)
|   0|0x0000000085200000, 0x0000000085300000, 0x0000000085300000|100%| O|  |TAMS 0x0000000085200000, 0x0000000085200000| Untracked 
|   1|0x0000000085300000, 0x0000000085400000, 0x0000000085400000|100%| O|  |TAMS 0x0000000085300000, 0x0000000085300000| Untracked 
|   2|0x0000000085400000, 0x0000000085500000, 0x0000000085500000|100%| O|  |TAMS 0x0000000085400000, 0x0000000085400000| Untracked 
|   3|0x0000000085500000, 0x0000000085600000, 0x0000000085600000|100%| O|  |TAMS 0x0000000085500000, 0x0000000085500000| Untracked 
|   4|0x0000000085600000, 0x0000000085649c00, 0x0000000085700000| 28%| O|  |TAMS 0x0000000085600000, 0x0000000085600000| Untracked 
|   5|0x0000000085700000, 0x0000000085700000, 0x0000000085800000|  0%| F|  |TAMS 0x0000000085700000, 0x0000000085700000| Untracked 
|   6|0x0000000085800000, 0x0000000085800000, 0x0000000085900000|  0%| F|  |TAMS 0x0000000085800000, 0x0000000085800000| Untracked 
|   7|0x0000000085900000, 0x0000000085900000, 0x0000000085a00000|  0%| F|  |TAMS 0x0000000085900000, 0x0000000085900000| Untracked 
|   8|0x0000000085a00000, 0x0000000085a00000, 0x0000000085b00000|  0%| F|  |TAMS 0x0000000085a00000, 0x0000000085a00000| Untracked 
|   9|0x0000000085b00000, 0x0000000085b00000, 0x0000000085c00000|  0%| F|  |TAMS 0x0000000085b00000, 0x0000000085b00000| Untracked 
|  10|0x0000000085c00000, 0x0000000085c00000, 0x0000000085d00000|  0%| F|  |TAMS 0x0000000085c00000, 0x0000000085c00000| Untracked 
|  11|0x0000000085d00000, 0x0000000085d00000, 0x0000000085e00000|  0%| F|  |TAMS 0x0000000085d00000, 0x0000000085d00000| Untracked 
|  12|0x0000000085e00000, 0x0000000085e00000, 0x0000000085f00000|  0%| F|  |TAMS 0x0000000085e00000, 0x0000000085e00000| Untracked 
|  13|0x0000000085f00000, 0x0000000085f00000, 0x0000000086000000|  0%| F|  |TAMS 0x0000000085f00000, 0x0000000085f00000| Untracked 
|  14|0x0000000086000000, 0x0000000086000000, 0x0000000086100000|  0%| F|  |TAMS 0x0000000086000000, 0x0000000086000000| Untracked 
|  15|0x0000000086100000, 0x0000000086100000, 0x0000000086200000|  0%| F|  |TAMS 0x0000000086100000, 0x0000000086100000| Untracked 
|  16|0x0000000086200000, 0x0000000086200000, 0x0000000086300000|  0%| F|  |TAMS 0x0000000086200000, 0x0000000086200000| Untracked 
|  17|0x0000000086300000, 0x0000000086300000, 0x0000000086400000|  0%| F|  |TAMS 0x0000000086300000, 0x0000000086300000| Untracked 
|  18|0x0000000086400000, 0x0000000086400000, 0x0000000086500000|  0%| F|  |TAMS 0x0000000086400000, 0x0000000086400000| Untracked 
|  19|0x0000000086500000, 0x0000000086500000, 0x0000000086600000|  0%| F|  |TAMS 0x0000000086500000, 0x0000000086500000| Untracked 
|  20|0x0000000086600000, 0x0000000086600000, 0x0000000086700000|  0%| F|  |TAMS 0x0000000086600000, 0x0000000086600000| Untracked 
|  21|0x0000000086700000, 0x0000000086700000, 0x0000000086800000|  0%| F|  |TAMS 0x0000000086700000, 0x0000000086700000| Untracked 
|  22|0x0000000086800000, 0x0000000086800000, 0x0000000086900000|  0%| F|  |TAMS 0x0000000086800000, 0x0000000086800000| Untracked 
|  23|0x0000000086900000, 0x0000000086900000, 0x0000000086a00000|  0%| F|  |TAMS 0x0000000086900000, 0x0000000086900000| Untracked 
|  24|0x0000000086a00000, 0x0000000086a00000, 0x0000000086b00000|  0%| F|  |TAMS 0x0000000086a00000, 0x0000000086a00000| Untracked 
|  25|0x0000000086b00000, 0x0000000086b00000, 0x0000000086c00000|  0%| F|  |TAMS 0x0000000086b00000, 0x0000000086b00000| Untracked 
|  26|0x0000000086c00000, 0x0000000086c00000, 0x0000000086d00000|  0%| F|  |TAMS 0x0000000086c00000, 0x0000000086c00000| Untracked 
|  27|0x0000000086d00000, 0x0000000086d00000, 0x0000000086e00000|  0%| F|  |TAMS 0x0000000086d00000, 0x0000000086d00000| Untracked 
|  28|0x0000000086e00000, 0x0000000086e00000, 0x0000000086f00000|  0%| F|  |TAMS 0x0000000086e00000, 0x0000000086e00000| Untracked 
|  29|0x0000000086f00000, 0x0000000086f00000, 0x0000000087000000|  0%| F|  |TAMS 0x0000000086f00000, 0x0000000086f00000| Untracked 
|  30|0x0000000087000000, 0x0000000087000000, 0x0000000087100000|  0%| F|  |TAMS 0x0000000087000000, 0x0000000087000000| Untracked 
|  31|0x0000000087100000, 0x0000000087100000, 0x0000000087200000|  0%| F|  |TAMS 0x0000000087100000, 0x0000000087100000| Untracked 
|  32|0x0000000087200000, 0x0000000087200000, 0x0000000087300000|  0%| F|  |TAMS 0x0000000087200000, 0x0000000087200000| Untracked 
|  33|0x0000000087300000, 0x0000000087300000, 0x0000000087400000|  0%| F|  |TAMS 0x0000000087300000, 0x0000000087300000| Untracked 
|  34|0x0000000087400000, 0x0000000087400000, 0x0000000087500000|  0%| F|  |TAMS 0x0000000087400000, 0x0000000087400000| Untracked 
|  35|0x0000000087500000, 0x0000000087500000, 0x0000000087600000|  0%| F|  |TAMS 0x0000000087500000, 0x0000000087500000| Untracked 
|  36|0x0000000087600000, 0x0000000087600000, 0x0000000087700000|  0%| F|  |TAMS 0x0000000087600000, 0x0000000087600000| Untracked 
|  37|0x0000000087700000, 0x0000000087700000, 0x0000000087800000|  0%| F|  |TAMS 0x0000000087700000, 0x0000000087700000| Untracked 
|  38|0x0000000087800000, 0x0000000087800000, 0x0000000087900000|  0%| F|  |TAMS 0x0000000087800000, 0x0000000087800000| Untracked 
|  39|0x0000000087900000, 0x0000000087900000, 0x0000000087a00000|  0%| F|  |TAMS 0x0000000087900000, 0x0000000087900000| Untracked 
|  40|0x0000000087a00000, 0x0000000087a00000, 0x0000000087b00000|  0%| F|  |TAMS 0x0000000087a00000, 0x0000000087a00000| Untracked 
|  41|0x0000000087b00000, 0x0000000087b00000, 0x0000000087c00000|  0%| F|  |TAMS 0x0000000087b00000, 0x0000000087b00000| Untracked 
|  42|0x0000000087c00000, 0x0000000087c00000, 0x0000000087d00000|  0%| F|  |TAMS 0x0000000087c00000, 0x0000000087c00000| Untracked 
|  43|0x0000000087d00000, 0x0000000087d00000, 0x0000000087e00000|  0%| F|  |TAMS 0x0000000087d00000, 0x0000000087d00000| Untracked 
|  44|0x0000000087e00000, 0x0000000087e00000, 0x0000000087f00000|  0%| F|  |TAMS 0x0000000087e00000, 0x0000000087e00000| Untracked 
|  45|0x0000000087f00000, 0x0000000087f00000, 0x0000000088000000|  0%| F|  |TAMS 0x0000000087f00000, 0x0000000087f00000| Untracked 
|  46|0x0000000088000000, 0x0000000088000000, 0x0000000088100000|  0%| F|  |TAMS 0x0000000088000000, 0x0000000088000000| Untracked 
|  47|0x0000000088100000, 0x0000000088100000, 0x0000000088200000|  0%| F|  |TAMS 0x0000000088100000, 0x0000000088100000| Untracked 
|  48|0x0000000088200000, 0x0000000088200000, 0x0000000088300000|  0%| F|  |TAMS 0x0000000088200000, 0x0000000088200000| Untracked 
|  49|0x0000000088300000, 0x0000000088300000, 0x0000000088400000|  0%| F|  |TAMS 0x0000000088300000, 0x0000000088300000| Untracked 
|  50|0x0000000088400000, 0x0000000088400000, 0x0000000088500000|  0%| F|  |TAMS 0x0000000088400000, 0x0000000088400000| Untracked 
|  51|0x0000000088500000, 0x0000000088500000, 0x0000000088600000|  0%| F|  |TAMS 0x0000000088500000, 0x0000000088500000| Untracked 
|  52|0x0000000088600000, 0x0000000088600000, 0x0000000088700000|  0%| F|  |TAMS 0x0000000088600000, 0x0000000088600000| Untracked 
|  53|0x0000000088700000, 0x0000000088700000, 0x0000000088800000|  0%| F|  |TAMS 0x0000000088700000, 0x0000000088700000| Untracked 
|  54|0x0000000088800000, 0x0000000088800000, 0x0000000088900000|  0%| F|  |TAMS 0x0000000088800000, 0x0000000088800000| Untracked 
|  55|0x0000000088900000, 0x0000000088900000, 0x0000000088a00000|  0%| F|  |TAMS 0x0000000088900000, 0x0000000088900000| Untracked 
|  56|0x0000000088a00000, 0x0000000088a00000, 0x0000000088b00000|  0%| F|  |TAMS 0x0000000088a00000, 0x0000000088a00000| Untracked 
|  57|0x0000000088b00000, 0x0000000088b00000, 0x0000000088c00000|  0%| F|  |TAMS 0x0000000088b00000, 0x0000000088b00000| Untracked 
|  58|0x0000000088c00000, 0x0000000088c00000, 0x0000000088d00000|  0%| F|  |TAMS 0x0000000088c00000, 0x0000000088c00000| Untracked 
|  59|0x0000000088d00000, 0x0000000088d00000, 0x0000000088e00000|  0%| F|  |TAMS 0x0000000088d00000, 0x0000000088d00000| Untracked 
|  60|0x0000000088e00000, 0x0000000088e00000, 0x0000000088f00000|  0%| F|  |TAMS 0x0000000088e00000, 0x0000000088e00000| Untracked 
|  61|0x0000000088f00000, 0x0000000088f00000, 0x0000000089000000|  0%| F|  |TAMS 0x0000000088f00000, 0x0000000088f00000| Untracked 
|  62|0x0000000089000000, 0x0000000089000000, 0x0000000089100000|  0%| F|  |TAMS 0x0000000089000000, 0x0000000089000000| Untracked 
|  63|0x0000000089100000, 0x0000000089100000, 0x0000000089200000|  0%| F|  |TAMS 0x0000000089100000, 0x0000000089100000| Untracked 
|  64|0x0000000089200000, 0x0000000089200000, 0x0000000089300000|  0%| F|  |TAMS 0x0000000089200000, 0x0000000089200000| Untracked 
|  65|0x0000000089300000, 0x0000000089300000, 0x0000000089400000|  0%| F|  |TAMS 0x0000000089300000, 0x0000000089300000| Untracked 
|  66|0x0000000089400000, 0x0000000089400000, 0x0000000089500000|  0%| F|  |TAMS 0x0000000089400000, 0x0000000089400000| Untracked 
|  67|0x0000000089500000, 0x0000000089500000, 0x0000000089600000|  0%| F|  |TAMS 0x0000000089500000, 0x0000000089500000| Untracked 
|  68|0x0000000089600000, 0x0000000089600000, 0x0000000089700000|  0%| F|  |TAMS 0x0000000089600000, 0x0000000089600000| Untracked 
|  69|0x0000000089700000, 0x0000000089700000, 0x0000000089800000|  0%| F|  |TAMS 0x0000000089700000, 0x0000000089700000| Untracked 
|  70|0x0000000089800000, 0x0000000089800000, 0x0000000089900000|  0%| F|  |TAMS 0x0000000089800000, 0x0000000089800000| Untracked 
|  71|0x0000000089900000, 0x0000000089900000, 0x0000000089a00000|  0%| F|  |TAMS 0x0000000089900000, 0x0000000089900000| Untracked 
|  72|0x0000000089a00000, 0x0000000089a00000, 0x0000000089b00000|  0%| F|  |TAMS 0x0000000089a00000, 0x0000000089a00000| Untracked 
|  73|0x0000000089b00000, 0x0000000089b00000, 0x0000000089c00000|  0%| F|  |TAMS 0x0000000089b00000, 0x0000000089b00000| Untracked 
|  74|0x0000000089c00000, 0x0000000089c00000, 0x0000000089d00000|  0%| F|  |TAMS 0x0000000089c00000, 0x0000000089c00000| Untracked 
|  75|0x0000000089d00000, 0x0000000089d00000, 0x0000000089e00000|  0%| F|  |TAMS 0x0000000089d00000, 0x0000000089d00000| Untracked 
|  76|0x0000000089e00000, 0x0000000089e00000, 0x0000000089f00000|  0%| F|  |TAMS 0x0000000089e00000, 0x0000000089e00000| Untracked 
|  77|0x0000000089f00000, 0x0000000089f00000, 0x000000008a000000|  0%| F|  |TAMS 0x0000000089f00000, 0x0000000089f00000| Untracked 
|  78|0x000000008a000000, 0x000000008a000000, 0x000000008a100000|  0%| F|  |TAMS 0x000000008a000000, 0x000000008a000000| Untracked 
|  79|0x000000008a100000, 0x000000008a100000, 0x000000008a200000|  0%| F|  |TAMS 0x000000008a100000, 0x000000008a100000| Untracked 
|  80|0x000000008a200000, 0x000000008a200000, 0x000000008a300000|  0%| F|  |TAMS 0x000000008a200000, 0x000000008a200000| Untracked 
|  81|0x000000008a300000, 0x000000008a300000, 0x000000008a400000|  0%| F|  |TAMS 0x000000008a300000, 0x000000008a300000| Untracked 
|  82|0x000000008a400000, 0x000000008a400000, 0x000000008a500000|  0%| F|  |TAMS 0x000000008a400000, 0x000000008a400000| Untracked 
|  83|0x000000008a500000, 0x000000008a500000, 0x000000008a600000|  0%| F|  |TAMS 0x000000008a500000, 0x000000008a500000| Untracked 
|  84|0x000000008a600000, 0x000000008a600000, 0x000000008a700000|  0%| F|  |TAMS 0x000000008a600000, 0x000000008a600000| Untracked 
|  85|0x000000008a700000, 0x000000008a700000, 0x000000008a800000|  0%| F|  |TAMS 0x000000008a700000, 0x000000008a700000| Untracked 
|  86|0x000000008a800000, 0x000000008a800000, 0x000000008a900000|  0%| F|  |TAMS 0x000000008a800000, 0x000000008a800000| Untracked 
|  87|0x000000008a900000, 0x000000008a900000, 0x000000008aa00000|  0%| F|  |TAMS 0x000000008a900000, 0x000000008a900000| Untracked 
|  88|0x000000008aa00000, 0x000000008aa00000, 0x000000008ab00000|  0%| F|  |TAMS 0x000000008aa00000, 0x000000008aa00000| Untracked 
|  89|0x000000008ab00000, 0x000000008ab00000, 0x000000008ac00000|  0%| F|  |TAMS 0x000000008ab00000, 0x000000008ab00000| Untracked 
|  90|0x000000008ac00000, 0x000000008ac00000, 0x000000008ad00000|  0%| F|  |TAMS 0x000000008ac00000, 0x000000008ac00000| Untracked 
|  91|0x000000008ad00000, 0x000000008ad00000, 0x000000008ae00000|  0%| F|  |TAMS 0x000000008ad00000, 0x000000008ad00000| Untracked 
|  92|0x000000008ae00000, 0x000000008ae00000, 0x000000008af00000|  0%| F|  |TAMS 0x000000008ae00000, 0x000000008ae00000| Untracked 
|  93|0x000000008af00000, 0x000000008af00000, 0x000000008b000000|  0%| F|  |TAMS 0x000000008af00000, 0x000000008af00000| Untracked 
|  94|0x000000008b000000, 0x000000008b000000, 0x000000008b100000|  0%| F|  |TAMS 0x000000008b000000, 0x000000008b000000| Untracked 
|  95|0x000000008b100000, 0x000000008b100000, 0x000000008b200000|  0%| F|  |TAMS 0x000000008b100000, 0x000000008b100000| Untracked 
|  96|0x000000008b200000, 0x000000008b200000, 0x000000008b300000|  0%| F|  |TAMS 0x000000008b200000, 0x000000008b200000| Untracked 
|  97|0x000000008b300000, 0x000000008b300000, 0x000000008b400000|  0%| F|  |TAMS 0x000000008b300000, 0x000000008b300000| Untracked 
|  98|0x000000008b400000, 0x000000008b400000, 0x000000008b500000|  0%| F|  |TAMS 0x000000008b400000, 0x000000008b400000| Untracked 
|  99|0x000000008b500000, 0x000000008b500000, 0x000000008b600000|  0%| F|  |TAMS 0x000000008b500000, 0x000000008b500000| Untracked 
| 100|0x000000008b600000, 0x000000008b600000, 0x000000008b700000|  0%| F|  |TAMS 0x000000008b600000, 0x000000008b600000| Untracked 
| 101|0x000000008b700000, 0x000000008b700000, 0x000000008b800000|  0%| F|  |TAMS 0x000000008b700000, 0x000000008b700000| Untracked 
| 102|0x000000008b800000, 0x000000008b800000, 0x000000008b900000|  0%| F|  |TAMS 0x000000008b800000, 0x000000008b800000| Untracked 
| 103|0x000000008b900000, 0x000000008b900000, 0x000000008ba00000|  0%| F|  |TAMS 0x000000008b900000, 0x000000008b900000| Untracked 
| 104|0x000000008ba00000, 0x000000008ba00000, 0x000000008bb00000|  0%| F|  |TAMS 0x000000008ba00000, 0x000000008ba00000| Untracked 
| 105|0x000000008bb00000, 0x000000008bb00000, 0x000000008bc00000|  0%| F|  |TAMS 0x000000008bb00000, 0x000000008bb00000| Untracked 
| 106|0x000000008bc00000, 0x000000008bc00000, 0x000000008bd00000|  0%| F|  |TAMS 0x000000008bc00000, 0x000000008bc00000| Untracked 
| 107|0x000000008bd00000, 0x000000008bde0648, 0x000000008be00000| 87%| S|CS|TAMS 0x000000008bd00000, 0x000000008bd00000| Complete 
| 108|0x000000008be00000, 0x000000008bf00000, 0x000000008bf00000|100%| S|CS|TAMS 0x000000008be00000, 0x000000008be00000| Complete 
| 109|0x000000008bf00000, 0x000000008bf00000, 0x000000008c000000|  0%| F|  |TAMS 0x000000008bf00000, 0x000000008bf00000| Untracked 
| 110|0x000000008c000000, 0x000000008c0e5a08, 0x000000008c100000| 89%| E|  |TAMS 0x000000008c000000, 0x000000008c000000| Complete 
| 111|0x000000008c100000, 0x000000008c200000, 0x000000008c200000|100%| E|CS|TAMS 0x000000008c100000, 0x000000008c100000| Complete 
| 112|0x000000008c200000, 0x000000008c300000, 0x000000008c300000|100%| E|CS|TAMS 0x000000008c200000, 0x000000008c200000| Complete 
| 113|0x000000008c300000, 0x000000008c400000, 0x000000008c400000|100%| E|CS|TAMS 0x000000008c300000, 0x000000008c300000| Complete 
| 114|0x000000008c400000, 0x000000008c500000, 0x000000008c500000|100%| E|CS|TAMS 0x000000008c400000, 0x000000008c400000| Complete 
| 115|0x000000008c500000, 0x000000008c600000, 0x000000008c600000|100%| E|CS|TAMS 0x000000008c500000, 0x000000008c500000| Complete 
| 116|0x000000008c600000, 0x000000008c700000, 0x000000008c700000|100%| E|  |TAMS 0x000000008c600000, 0x000000008c600000| Complete 
| 117|0x000000008c700000, 0x000000008c800000, 0x000000008c800000|100%| E|CS|TAMS 0x000000008c700000, 0x000000008c700000| Complete 
| 118|0x000000008c800000, 0x000000008c900000, 0x000000008c900000|100%| E|CS|TAMS 0x000000008c800000, 0x000000008c800000| Complete 
| 119|0x000000008c900000, 0x000000008ca00000, 0x000000008ca00000|100%| E|CS|TAMS 0x000000008c900000, 0x000000008c900000| Complete 
| 120|0x000000008ca00000, 0x000000008cb00000, 0x000000008cb00000|100%| E|CS|TAMS 0x000000008ca00000, 0x000000008ca00000| Complete 
| 121|0x000000008cb00000, 0x000000008cc00000, 0x000000008cc00000|100%| E|CS|TAMS 0x000000008cb00000, 0x000000008cb00000| Complete 
| 122|0x000000008cc00000, 0x000000008cd00000, 0x000000008cd00000|100%| E|CS|TAMS 0x000000008cc00000, 0x000000008cc00000| Complete 
| 123|0x000000008cd00000, 0x000000008ce00000, 0x000000008ce00000|100%| E|CS|TAMS 0x000000008cd00000, 0x000000008cd00000| Complete 

Card table byte_map: [0x000002f23cb90000,0x000002f23cf70000] _byte_map_base: 0x000002f23c767000

Marking Bits (Prev, Next): (CMBitMap*) 0x000002f234edec60, (CMBitMap*) 0x000002f234edeca0
 Prev Bits: [0x000002f23d350000, 0x000002f23f208000)
 Next Bits: [0x000002f23f210000, 0x000002f2410c8000)

Polling page: 0x000002f234f80000

Metaspace:

Usage:
  Non-class:     15.27 MB used.
      Class:      2.13 MB used.
       Both:     17.40 MB used.

Virtual space:
  Non-class space:       24.00 MB reserved,      15.31 MB ( 64%) committed,  3 nodes.
      Class space:        1.00 GB reserved,       2.25 MB ( <1%) committed,  1 nodes.
             Both:        1.02 GB reserved,      17.56 MB (  2%) committed. 

Chunk freelists:
   Non-Class:  3.98 MB
       Class:  1.59 MB
        Both:  5.58 MB

MaxMetaspaceSize: unlimited
CompressedClassSpaceSize: 1.00 GB
Initial GC threshold: 21.00 MB
Current GC threshold: 21.00 MB
CDS: off
MetaspaceReclaimPolicy: balanced
 - commit_granule_bytes: 65536.
 - commit_granule_words: 8192.
 - virtual_space_node_default_size: 1048576.
 - enlarge_chunks_in_place: 1.
 - new_chunks_are_fully_committed: 0.
 - uncommit_free_chunks: 1.
 - use_allocation_guard: 0.
 - handle_deallocations: 1.


Internal statistics:

num_allocs_failed_limit: 0.
num_arena_births: 122.
num_arena_deaths: 0.
num_vsnodes_births: 4.
num_vsnodes_deaths: 0.
num_space_committed: 281.
num_space_uncommitted: 0.
num_chunks_returned_to_freelist: 0.
num_chunks_taken_from_freelist: 445.
num_chunk_merges: 0.
num_chunk_splits: 278.
num_chunks_enlarged: 214.
num_purges: 0.
num_inconsistent_stats: 0.

CodeCache: size=49152Kb used=4387Kb max_used=4387Kb free=44764Kb
 bounds [0x000002f239300000, 0x000002f239750000, 0x000002f23c300000]
 total_blobs=1934 nmethods=1485 adapters=375
 compilation: enabled
              stopped_count=0, restarted_count=0
 full_count=0

Compilation events (20 events):
Event: 3.496 Thread 0x000002f244214de0 1476       1       java.util.stream.Sink::end (1 bytes)
Event: 3.496 Thread 0x000002f244214de0 nmethod 1476 0x000002f239741190 code [0x000002f239741320, 0x000002f2397413d8]
Event: 3.497 Thread 0x000002f244214de0 1477       1       java.lang.invoke.Invokers$Holder::linkToTargetMethod (10 bytes)
Event: 3.497 Thread 0x000002f24498d010 1478       1       java.lang.invoke.DirectMethodHandle$Holder::newInvokeSpecial (24 bytes)
Event: 3.497 Thread 0x000002f244214de0 nmethod 1477 0x000002f239741490 code [0x000002f239741640, 0x000002f239741758]
Event: 3.497 Thread 0x000002f24498d010 nmethod 1478 0x000002f239741810 code [0x000002f2397419c0, 0x000002f239741b48]
Event: 3.498 Thread 0x000002f244214de0 1479       1       org.springframework.boot.context.properties.source.ConfigurationPropertyName$Elements::newResolved (32 bytes)
Event: 3.498 Thread 0x000002f244214de0 nmethod 1479 0x000002f239741c90 code [0x000002f239741e20, 0x000002f239742028]
Event: 3.559 Thread 0x000002f244214de0 1480       1       java.security.CodeSource::matchCerts (254 bytes)
Event: 3.561 Thread 0x000002f244214de0 nmethod 1480 0x000002f239742110 code [0x000002f239742320, 0x000002f239742838]
Event: 3.637 Thread 0x000002f24498d010 1481 % !   1       java.util.concurrent.ConcurrentHashMap::transfer @ 96 (850 bytes)
Event: 3.641 Thread 0x000002f24498d010 nmethod 1481% 0x000002f239742b90 code [0x000002f239742ea0, 0x000002f239744b08]
Event: 3.653 Thread 0x000002f24498d010 1482       1       java.lang.invoke.DirectMethodHandle::make (275 bytes)
Event: 3.653 Thread 0x000002f244214de0 1483       1       java.lang.invoke.MemberName::isField (7 bytes)
Event: 3.653 Thread 0x000002f244214de0 nmethod 1483 0x000002f239745d90 code [0x000002f239745f20, 0x000002f239746018]
Event: 3.654 Thread 0x000002f24498d010 nmethod 1482 0x000002f239746090 code [0x000002f239746380, 0x000002f239746ee8]
Event: 3.658 Thread 0x000002f24498d010 1484       1       ch.qos.logback.classic.util.LoggerNameUtil::getSeparatorIndexOf (53 bytes)
Event: 3.658 Thread 0x000002f244214de0 1485       1       org.springframework.core.ResolvableType::resolveType (151 bytes)
Event: 3.658 Thread 0x000002f24498d010 nmethod 1484 0x000002f239747510 code [0x000002f2397476e0, 0x000002f239747958]
Event: 3.659 Thread 0x000002f244214de0 nmethod 1485 0x000002f239747a90 code [0x000002f239747d60, 0x000002f239748908]

GC Heap History (4 events):
Event: 1.561 GC heap before
{Heap before GC invocations=0 (full 0):
 garbage-first heap   total 126976K, used 12288K [0x0000000085200000, 0x0000000100000000)
  region size 1024K, 13 young (13312K), 0 survivors (0K)
 Metaspace       used 8287K, committed 8512K, reserved 1056768K
  class space    used 905K, committed 1024K, reserved 1048576K
}
Event: 1.574 GC heap after
{Heap after GC invocations=1 (full 0):
 garbage-first heap   total 126976K, used 4176K [0x0000000085200000, 0x0000000100000000)
  region size 1024K, 2 young (2048K), 2 survivors (2048K)
 Metaspace       used 8287K, committed 8512K, reserved 1056768K
  class space    used 905K, committed 1024K, reserved 1048576K
}
Event: 2.884 GC heap before
{Heap before GC invocations=1 (full 0):
 garbage-first heap   total 126976K, used 17488K [0x0000000085200000, 0x0000000100000000)
  region size 1024K, 15 young (15360K), 2 survivors (2048K)
 Metaspace       used 13510K, committed 13696K, reserved 1064960K
  class space    used 1591K, committed 1664K, reserved 1048576K
}
Event: 2.893 GC heap after
{Heap after GC invocations=2 (full 0):
 garbage-first heap   total 126976K, used 6312K [0x0000000085200000, 0x0000000100000000)
  region size 1024K, 2 young (2048K), 2 survivors (2048K)
 Metaspace       used 13510K, committed 13696K, reserved 1064960K
  class space    used 1591K, committed 1664K, reserved 1048576K
}

Deoptimization events (2 events):
Event: 2.341 Thread 0x000002f234ea21e0 DEOPT PACKING pc=0x000002f23966e6f5 sp=0x000000f8c96fde00
Event: 2.341 Thread 0x000002f234ea21e0 DEOPT UNPACKING pc=0x000002f239352b43 sp=0x000000f8c96fd270 mode 3

Classes unloaded (0 events):
No events

Classes redefined (0 events):
No events

Internal exceptions (20 events):
Event: 2.842 Thread 0x000002f234ea21e0 Exception <a 'java/lang/NoSuchMethodError'{0x000000008c11a888}: 'void java.lang.invoke.DirectMethodHandle$Holder.invokeSpecial(java.lang.Object, java.lang.Object, java.lang.Object)'> (0x000000008c11a888) 
thrown [e:\jenkins\tmp\workspace\build\src\src\hotspot\share\interpreter\linkResolver.cpp, line 766]
Event: 2.917 Thread 0x000002f234ea21e0 Exception <a 'java/lang/NoSuchMethodError'{0x000000008cd1c1e8}: 'java.lang.Object java.lang.invoke.DirectMethodHandle$Holder.invokeSpecial(java.lang.Object, java.lang.Object, java.lang.Object, java.lang.Object, java.lang.Object, java.lang.Object, int)'> (0x000000008cd1c1e8) 
thrown [e:\jenkins\tmp\workspace\build\src\src\hotspot\share\interpreter\linkResolver.cpp, line 766]
Event: 2.919 Thread 0x000002f234ea21e0 Exception <a 'java/lang/NoSuchMethodError'{0x000000008cd26498}: 'java.lang.Object java.lang.invoke.DirectMethodHandle$Holder.newInvokeSpecial(java.lang.Object, java.lang.Object, java.lang.Object, java.lang.Object, java.lang.Object, java.lang.Object, int)'> (0x000000008cd26498) 
thrown [e:\jenkins\tmp\workspace\build\src\src\hotspot\share\interpreter\linkResolver.cpp, line 766]
Event: 2.920 Thread 0x000002f234ea21e0 Exception <a 'java/lang/NoSuchMethodError'{0x000000008cd2b230}: 'java.lang.Object java.lang.invoke.DirectMethodHandle$Holder.invokeSpecial(java.lang.Object, java.lang.Object, java.lang.Object, java.lang.Object, java.lang.Object, java.lang.Object, java.lang.Object, int)'> (0x000000008cd2b230) 
thrown [e:\jenkins\tmp\workspace\build\src\src\hotspot\share\interpreter\linkResolver.cpp, line 766]
Event: 2.954 Thread 0x000002f234ea21e0 Exception <a 'java/lang/NoSuchMethodError'{0x000000008cdafa28}: 'java.lang.Object java.lang.invoke.DirectMethodHandle$Holder.newInvokeSpecial(java.lang.Object, java.lang.Object, int, java.lang.Object)'> (0x000000008cdafa28) 
thrown [e:\jenkins\tmp\workspace\build\src\src\hotspot\share\interpreter\linkResolver.cpp, line 766]
Event: 2.954 Thread 0x000002f234ea21e0 Exception <a 'java/lang/NoSuchMethodError'{0x000000008cdb3e08}: 'java.lang.Object java.lang.invoke.DirectMethodHandle$Holder.invokeSpecial(java.lang.Object, java.lang.Object, java.lang.Object, int, java.lang.Object)'> (0x000000008cdb3e08) 
thrown [e:\jenkins\tmp\workspace\build\src\src\hotspot\share\interpreter\linkResolver.cpp, line 766]
Event: 2.964 Thread 0x000002f234ea21e0 Exception <a 'java/lang/NoSuchMethodError'{0x000000008cdef680}: 'java.lang.Object java.lang.invoke.DirectMethodHandle$Holder.newInvokeSpecial(java.lang.Object, java.lang.Object, java.lang.Object, java.lang.Object, java.lang.Object, java.lang.Object)'> (0x000000008cdef680) 
thrown [e:\jenkins\tmp\workspace\build\src\src\hotspot\share\interpreter\linkResolver.cpp, line 766]
Event: 2.982 Thread 0x000002f234ea21e0 Exception <a 'java/lang/NoSuchMethodError'{0x000000008cc31a38}: 'void java.lang.invoke.DirectMethodHandle$Holder.invokeStatic(java.lang.Object, java.lang.Object, java.lang.Object, java.lang.Object)'> (0x000000008cc31a38) 
thrown [e:\jenkins\tmp\workspace\build\src\src\hotspot\share\interpreter\linkResolver.cpp, line 766]
Event: 3.007 Thread 0x000002f234ea21e0 Exception <a 'java/lang/NoSuchMethodError'{0x000000008ccac500}: 'void java.lang.invoke.DirectMethodHandle$Holder.invokeStatic(java.lang.Object, java.lang.Object)'> (0x000000008ccac500) 
thrown [e:\jenkins\tmp\workspace\build\src\src\hotspot\share\interpreter\linkResolver.cpp, line 766]
Event: 3.008 Thread 0x000002f234ea21e0 Exception <a 'java/lang/NoSuchMethodError'{0x000000008ccafa58}: 'void java.lang.invoke.DirectMethodHandle$Holder.invokeStaticInit(java.lang.Object, java.lang.Object)'> (0x000000008ccafa58) 
thrown [e:\jenkins\tmp\workspace\build\src\src\hotspot\share\interpreter\linkResolver.cpp, line 766]
Event: 3.015 Thread 0x000002f234ea21e0 Exception <a 'java/lang/NoSuchMethodError'{0x000000008ccc7708}: 'java.lang.Object java.lang.invoke.DirectMethodHandle$Holder.invokeStaticInit(java.lang.Object)'> (0x000000008ccc7708) 
thrown [e:\jenkins\tmp\workspace\build\src\src\hotspot\share\interpreter\linkResolver.cpp, line 766]
Event: 3.178 Thread 0x000002f234ea21e0 Exception <a 'java/lang/NoSuchMethodError'{0x000000008cba95b8}: 'void java.lang.invoke.DirectMethodHandle$Holder.invokeSpecial(java.lang.Object, java.lang.Object, java.lang.Object, java.lang.Object, java.lang.Object)'> (0x000000008cba95b8) 
thrown [e:\jenkins\tmp\workspace\build\src\src\hotspot\share\interpreter\linkResolver.cpp, line 766]
Event: 3.211 Thread 0x000002f244b61140 Exception <a 'java/lang/NoClassDefFoundError'{0x000000008ca87c70}: javax/validation/Validation> (0x000000008ca87c70) 
thrown [e:\jenkins\tmp\workspace\build\src\src\hotspot\share\classfile\systemDictionary.cpp, line 245]
Event: 3.240 Thread 0x000002f244b61140 Exception <a 'java/lang/NoSuchMethodError'{0x000000008c9a33e0}: 'int java.lang.invoke.DirectMethodHandle$Holder.invokeInterface(java.lang.Object, java.lang.Object)'> (0x000000008c9a33e0) 
thrown [e:\jenkins\tmp\workspace\build\src\src\hotspot\share\interpreter\linkResolver.cpp, line 766]
Event: 3.430 Thread 0x000002f244b61140 Exception <a 'java/lang/NoSuchMethodError'{0x000000008c80ed80}: 'java.lang.Object java.lang.invoke.DirectMethodHandle$Holder.invokeStaticInit(java.lang.Object, java.lang.Object, java.lang.Object)'> (0x000000008c80ed80) 
thrown [e:\jenkins\tmp\workspace\build\src\src\hotspot\share\interpreter\linkResolver.cpp, line 766]
Event: 3.431 Thread 0x000002f244b61140 Exception <a 'java/lang/NoSuchMethodError'{0x000000008c814c70}: 'java.lang.Object java.lang.invoke.DirectMethodHandle$Holder.invokeStaticInit(java.lang.Object, java.lang.Object, java.lang.Object, java.lang.Object, java.lang.Object)'> (0x000000008c814c70) 
thrown [e:\jenkins\tmp\workspace\build\src\src\hotspot\share\interpreter\linkResolver.cpp, line 766]
Event: 3.489 Thread 0x000002f234ea21e0 Exception <a 'java/lang/NoSuchMethodError'{0x000000008c470260}: 'void java.lang.invoke.DirectMethodHandle$Holder.invokeStatic(java.lang.Object, java.lang.Object, int)'> (0x000000008c470260) 
thrown [e:\jenkins\tmp\workspace\build\src\src\hotspot\share\interpreter\linkResolver.cpp, line 766]
Event: 3.604 Thread 0x000002f244b61140 Exception <a 'java/lang/NoClassDefFoundError'{0x000000008c1ef990}: com/fasterxml/jackson/databind/Module> (0x000000008c1ef990) 
thrown [e:\jenkins\tmp\workspace\build\src\src\hotspot\share\classfile\systemDictionary.cpp, line 245]
Event: 3.655 Thread 0x000002f234ea21e0 Exception <a 'java/lang/OutOfMemoryError'{0x000000008c08ecc8}> (0x000000008c08ecc8) 
thrown [e:\jenkins\tmp\workspace\build\src\src\hotspot\share\prims\jni.cpp, line 535]
Event: 3.655 Thread 0x000002f234ea21e0 Exception <a 'java/lang/reflect/InvocationTargetException'{0x000000008c08ef98}> (0x000000008c08ef98) 
thrown [e:\jenkins\tmp\workspace\build\src\src\hotspot\share\runtime\reflection.cpp, line 1121]

VM Operations (20 events):
Event: 1.023 Executing VM operation: HandshakeAllThreads
Event: 1.023 Executing VM operation: HandshakeAllThreads done
Event: 1.561 Executing VM operation: G1CollectForAllocation
Event: 1.574 Executing VM operation: G1CollectForAllocation done
Event: 1.637 Executing VM operation: HandshakeAllThreads
Event: 1.637 Executing VM operation: HandshakeAllThreads done
Event: 2.074 Executing VM operation: HandshakeAllThreads
Event: 2.074 Executing VM operation: HandshakeAllThreads done
Event: 2.520 Executing VM operation: HandshakeAllThreads
Event: 2.520 Executing VM operation: HandshakeAllThreads done
Event: 2.884 Executing VM operation: G1CollectForAllocation
Event: 2.893 Executing VM operation: G1CollectForAllocation done
Event: 2.971 Executing VM operation: HandshakeAllThreads
Event: 2.971 Executing VM operation: HandshakeAllThreads done
Event: 3.224 Executing VM operation: HandshakeAllThreads
Event: 3.224 Executing VM operation: HandshakeAllThreads done
Event: 3.294 Executing VM operation: HandshakeAllThreads
Event: 3.294 Executing VM operation: HandshakeAllThreads done
Event: 3.301 Executing VM operation: HandshakeAllThreads
Event: 3.301 Executing VM operation: HandshakeAllThreads done

Events (20 events):
Event: 3.519 loading class sun/misc/Unsafe done
Event: 3.519 loading class jdk/internal/reflect/UnsafeFieldAccessorFactory
Event: 3.519 loading class jdk/internal/reflect/UnsafeFieldAccessorFactory done
Event: 3.519 loading class jdk/internal/reflect/UnsafeQualifiedStaticObjectFieldAccessorImpl
Event: 3.520 loading class jdk/internal/reflect/UnsafeQualifiedStaticFieldAccessorImpl
Event: 3.520 loading class jdk/internal/reflect/UnsafeQualifiedStaticFieldAccessorImpl done
Event: 3.520 loading class jdk/internal/reflect/UnsafeQualifiedStaticObjectFieldAccessorImpl done
Event: 3.536 loading class java/io/StringWriter
Event: 3.536 loading class java/io/StringWriter done
Event: 3.556 loading class java/util/concurrent/atomic/AtomicIntegerArray
Event: 3.557 loading class java/util/concurrent/atomic/AtomicIntegerArray done
Event: 3.566 loading class java/util/concurrent/atomic/AtomicLongArray
Event: 3.566 loading class java/util/concurrent/atomic/AtomicLongArray done
Event: 3.579 loading class java/io/NotSerializableException
Event: 3.579 loading class java/io/ObjectStreamException
Event: 3.579 loading class java/io/ObjectStreamException done
Event: 3.579 loading class java/io/NotSerializableException done
Event: 3.605 Thread 0x000002f244b61140 Thread exited: 0x000002f244b61140
Event: 3.652 loading class java/util/concurrent/CopyOnWriteArraySet
Event: 3.652 loading class java/util/concurrent/CopyOnWriteArraySet done


Dynamic libraries:
0x00007ff694b40000 - 0x00007ff694b4e000 	c:\Users\admin\.vscode\extensions\redhat.java-1.6.0-win32-x64\jre\17.0.2-win32-x86_64\bin\java.exe
0x00007fffdd6d0000 - 0x00007fffdd8c5000 	C:\WINDOWS\SYSTEM32\ntdll.dll
0x00007fffdb9f0000 - 0x00007fffdbaad000 	C:\WINDOWS\System32\KERNEL32.DLL
0x00007fffdb240000 - 0x00007fffdb50d000 	C:\WINDOWS\System32\KERNELBASE.dll
0x00007fffdb140000 - 0x00007fffdb240000 	C:\WINDOWS\System32\ucrtbase.dll
0x00007fffd85e0000 - 0x00007fffd85f8000 	c:\Users\admin\.vscode\extensions\redhat.java-1.6.0-win32-x64\jre\17.0.2-win32-x86_64\bin\jli.dll
0x00007fffdcb30000 - 0x00007fffdccd0000 	C:\WINDOWS\System32\USER32.dll
0x00007fffdade0000 - 0x00007fffdae02000 	C:\WINDOWS\System32\win32u.dll
0x00007fffdc880000 - 0x00007fffdc8aa000 	C:\WINDOWS\System32\GDI32.dll
0x00007fffdb510000 - 0x00007fffdb61b000 	C:\WINDOWS\System32\gdi32full.dll
0x00007fffdae10000 - 0x00007fffdaead000 	C:\WINDOWS\System32\msvcp_win.dll
0x00007fffd85c0000 - 0x00007fffd85d9000 	c:\Users\admin\.vscode\extensions\redhat.java-1.6.0-win32-x64\jre\17.0.2-win32-x86_64\bin\VCRUNTIME140.dll
0x00007fffcf8e0000 - 0x00007fffcfb7a000 	C:\WINDOWS\WinSxS\amd64_microsoft.windows.common-controls_6595b64144ccf1df_6.0.19041.1110_none_60b5254171f9507e\COMCTL32.dll
0x00007fffdb810000 - 0x00007fffdb8ae000 	C:\WINDOWS\System32\msvcrt.dll
0x00007fffdcb00000 - 0x00007fffdcb30000 	C:\WINDOWS\System32\IMM32.DLL
0x00007fffd85b0000 - 0x00007fffd85bc000 	c:\Users\admin\.vscode\extensions\redhat.java-1.6.0-win32-x64\jre\17.0.2-win32-x86_64\bin\vcruntime140_1.dll
0x00007fffc7ae0000 - 0x00007fffc7b71000 	c:\Users\admin\.vscode\extensions\redhat.java-1.6.0-win32-x64\jre\17.0.2-win32-x86_64\bin\msvcp140.dll
0x00007fffa7640000 - 0x00007fffa8287000 	c:\Users\admin\.vscode\extensions\redhat.java-1.6.0-win32-x64\jre\17.0.2-win32-x86_64\bin\server\jvm.dll
0x00007fffdbbe0000 - 0x00007fffdbc8e000 	C:\WINDOWS\System32\ADVAPI32.dll
0x00007fffdcda0000 - 0x00007fffdce3c000 	C:\WINDOWS\System32\sechost.dll
0x00007fffdbab0000 - 0x00007fffdbbd5000 	C:\WINDOWS\System32\RPCRT4.dll
0x00007fffdb720000 - 0x00007fffdb728000 	C:\WINDOWS\System32\PSAPI.DLL
0x00007fffcd050000 - 0x00007fffcd059000 	C:\WINDOWS\SYSTEM32\WSOCK32.dll
0x00007fffdc340000 - 0x00007fffdc3ab000 	C:\WINDOWS\System32\WS2_32.dll
0x00007fffd11a0000 - 0x00007fffd11c7000 	C:\WINDOWS\SYSTEM32\WINMM.dll
0x00007fffd3390000 - 0x00007fffd339a000 	C:\WINDOWS\SYSTEM32\VERSION.dll
0x00007fffd9670000 - 0x00007fffd9682000 	C:\WINDOWS\SYSTEM32\kernel.appcore.dll
0x00007fffd85a0000 - 0x00007fffd85aa000 	c:\Users\admin\.vscode\extensions\redhat.java-1.6.0-win32-x64\jre\17.0.2-win32-x86_64\bin\jimage.dll
0x00007fffd3e00000 - 0x00007fffd3fe4000 	C:\WINDOWS\SYSTEM32\DBGHELP.DLL
0x00007fffd36a0000 - 0x00007fffd36cc000 	C:\WINDOWS\SYSTEM32\dbgcore.DLL
0x00007fffdaf50000 - 0x00007fffdafd2000 	C:\WINDOWS\System32\bcryptPrimitives.dll
0x00007fffd7d10000 - 0x00007fffd7d35000 	c:\Users\admin\.vscode\extensions\redhat.java-1.6.0-win32-x64\jre\17.0.2-win32-x86_64\bin\java.dll
0x00007fffd7cf0000 - 0x00007fffd7d08000 	c:\Users\admin\.vscode\extensions\redhat.java-1.6.0-win32-x64\jre\17.0.2-win32-x86_64\bin\zip.dll
0x00007fffdcf40000 - 0x00007fffdd684000 	C:\WINDOWS\System32\SHELL32.dll
0x00007fffd8ec0000 - 0x00007fffd9654000 	C:\WINDOWS\SYSTEM32\windows.storage.dll
0x00007fffdc460000 - 0x00007fffdc7b4000 	C:\WINDOWS\System32\combase.dll
0x00007fffda770000 - 0x00007fffda79c000 	C:\WINDOWS\SYSTEM32\Wldp.dll
0x00007fffdc7d0000 - 0x00007fffdc87d000 	C:\WINDOWS\System32\SHCORE.dll
0x00007fffdca40000 - 0x00007fffdca95000 	C:\WINDOWS\System32\shlwapi.dll
0x00007fffdad20000 - 0x00007fffdad3f000 	C:\WINDOWS\SYSTEM32\profapi.dll
0x00007fffd5420000 - 0x00007fffd5439000 	C:\Users\admin\.vscode\extensions\redhat.java-1.6.0-win32-x64\jre\17.0.2-win32-x86_64\bin\net.dll
0x00007fffd15a0000 - 0x00007fffd16aa000 	C:\WINDOWS\SYSTEM32\WINHTTP.dll
0x00007fffda4d0000 - 0x00007fffda53a000 	C:\WINDOWS\system32\mswsock.dll
0x00007fffd52d0000 - 0x00007fffd52e5000 	C:\Users\admin\.vscode\extensions\redhat.java-1.6.0-win32-x64\jre\17.0.2-win32-x86_64\bin\nio.dll
0x00007fffd61a0000 - 0x00007fffd61b0000 	c:\Users\admin\.vscode\extensions\redhat.java-1.6.0-win32-x64\jre\17.0.2-win32-x86_64\bin\verify.dll
0x00007fffd6170000 - 0x00007fffd6179000 	C:\Users\admin\.vscode\extensions\redhat.java-1.6.0-win32-x64\jre\17.0.2-win32-x86_64\bin\management.dll
0x00007fffd6120000 - 0x00007fffd612b000 	C:\Users\admin\.vscode\extensions\redhat.java-1.6.0-win32-x64\jre\17.0.2-win32-x86_64\bin\management_ext.dll
0x00007fffc85c0000 - 0x00007fffc85d7000 	C:\WINDOWS\system32\napinsp.dll
0x00007fffc64f0000 - 0x00007fffc650b000 	C:\WINDOWS\system32\pnrpnsp.dll
0x00007fffd65c0000 - 0x00007fffd65d5000 	C:\WINDOWS\system32\wshbth.dll
0x00007fffd49f0000 - 0x00007fffd4a0d000 	C:\WINDOWS\system32\NLAapi.dll
0x00007fffda1c0000 - 0x00007fffda1fb000 	C:\WINDOWS\SYSTEM32\IPHLPAPI.DLL
0x00007fffda200000 - 0x00007fffda2cb000 	C:\WINDOWS\SYSTEM32\DNSAPI.dll
0x00007fffdcf30000 - 0x00007fffdcf38000 	C:\WINDOWS\System32\NSI.dll
0x00007fffc13a0000 - 0x00007fffc13b2000 	C:\WINDOWS\System32\winrnr.dll
0x00007fffd0050000 - 0x00007fffd005a000 	C:\Windows\System32\rasadhlp.dll
0x00007fffd09b0000 - 0x00007fffd0a30000 	C:\WINDOWS\System32\fwpuclnt.dll
0x00007fffdaeb0000 - 0x00007fffdaed7000 	C:\WINDOWS\System32\bcrypt.dll

dbghelp: loaded successfully - version: 4.0.5 - missing functions: none
symbol engine: initialized successfully - sym options: 0x614 - pdb path: .;c:\Users\admin\.vscode\extensions\redhat.java-1.6.0-win32-x64\jre\17.0.2-win32-x86_64\bin;C:\WINDOWS\SYSTEM32;C:\WINDOWS\WinSxS\amd64_microsoft.windows.common-controls_6595b64144ccf1df_6.0.19041.1110_none_60b5254171f9507e;c:\Users\admin\.vscode\extensions\redhat.java-1.6.0-win32-x64\jre\17.0.2-win32-x86_64\bin\server

VM Arguments:
jvm_args: -Dsts.lsp.client=vscode -Dsts.log.file=/dev/null -XX:TieredStopAtLevel=1 -Dspring.config.location=file:c:\Users\admin\.vscode\extensions\pivotal.vscode-spring-boot-1.33.0\language-server\BOOT-INF\classes\application.properties 
java_command: org.springframework.ide.vscode.boot.app.BootLanguageServerBootApp
java_class_path (initial): c:\Users\admin\.vscode\extensions\pivotal.vscode-spring-boot-1.33.0\language-server\BOOT-INF\classes;c:\Users\admin\.vscode\extensions\pivotal.vscode-spring-boot-1.33.0\language-server\BOOT-INF\lib\antlr4-runtime-4.5.3.jar;c:\Users\admin\.vscode\extensions\pivotal.vscode-spring-boot-1.33.0\language-server\BOOT-INF\lib\byte-buddy-1.10.18.jar;c:\Users\admin\.vscode\extensions\pivotal.vscode-spring-boot-1.33.0\language-server\BOOT-INF\lib\commons-codec-1.14.jar;c:\Users\admin\.vscode\extensions\pivotal.vscode-spring-boot-1.33.0\language-server\BOOT-INF\lib\commons-io-2.4.jar;c:\Users\admin\.vscode\extensions\pivotal.vscode-spring-boot-1.33.0\language-server\BOOT-INF\lib\commons-java-1.33.0-SNAPSHOT.jar;c:\Users\admin\.vscode\extensions\pivotal.vscode-spring-boot-1.33.0\language-server\BOOT-INF\lib\commons-lang3-3.10.jar;c:\Users\admin\.vscode\extensions\pivotal.vscode-spring-boot-1.33.0\language-server\BOOT-INF\lib\commons-language-server-1.33.0-SNAPSHOT.jar;c:\Users\admin\.vscode\extensions\pivotal.vscode-spring-boot-1.33.0\language-server\BOOT-INF\lib\commons-lsp-extensions-1.33.0-SNAPSHOT.jar;c:\Users\admin\.vscode\extensions\pivotal.vscode-spring-boot-1.33.0\language-server\BOOT-INF\lib\commons-util-1.33.0-SNAPSHOT.jar;c:\Users\admin\.vscode\extensions\pivotal.vscode-spring-boot-1.33.0\language-server\BOOT-INF\lib\commons-yaml-1.33.0-SNAPSHOT.jar;c:\Users\admin\.vscode\extensions\pivotal.vscode-spring-boot-1.33.0\language-server\BOOT-INF\lib\gson-2.8.6.jar;c:\Users\admin\.vscode\extensions\pivotal.vscode-spring-boot-1.33.0\language-server\BOOT-INF\lib\guava-19.0.jar;c:\Users\admin\.vscode\extensions\pivotal.vscode-spring-boot-1.33.0\language-server\BOOT-INF\lib\jakarta.annotation-api-1.3.5.jar;c:\Users\admin\.vscode\extensions\pivotal.vscode-spring-boot-1.33.0\language-server\BOOT-INF\lib\jandex-2.0.5.Final.jar;c:\Users\admin\.vscode\extensions\pivotal.vscode-spring-boot-1.33.0\language-server\BOOT-INF\lib\java-properties-1.33.0-SNAPSHO
Launcher Type: SUN_STANDARD

[Global flags]
     intx CICompilerCount                          = 3                                         {product} {ergonomic}
     uint ConcGCThreads                            = 1                                         {product} {ergonomic}
     uint G1ConcRefinementThreads                  = 4                                         {product} {ergonomic}
   size_t G1HeapRegionSize                         = 1048576                                   {product} {ergonomic}
    uintx GCDrainStackTargetSize                   = 64                                        {product} {ergonomic}
   size_t InitialHeapSize                          = 130023424                                 {product} {ergonomic}
   size_t MarkStackSize                            = 4194304                                   {product} {ergonomic}
   size_t MaxHeapSize                              = 2061500416                                {product} {ergonomic}
   size_t MaxNewSize                               = 1236271104                                {product} {ergonomic}
   size_t MinHeapDeltaBytes                        = 1048576                                   {product} {ergonomic}
   size_t MinHeapSize                              = 8388608                                   {product} {ergonomic}
    uintx NonProfiledCodeHeapSize                  = 0                                      {pd product} {ergonomic}
     bool ProfileInterpreter                       = false                                  {pd product} {command line}
    uintx ProfiledCodeHeapSize                     = 0                                      {pd product} {ergonomic}
   size_t SoftMaxHeapSize                          = 2061500416                             {manageable} {ergonomic}
     intx TieredStopAtLevel                        = 1                                         {product} {command line}
     bool UseCompressedClassPointers               = true                           {product lp64_product} {ergonomic}
     bool UseCompressedOops                        = true                           {product lp64_product} {ergonomic}
     bool UseG1GC                                  = true                                      {product} {ergonomic}
     bool UseLargePagesIndividualAllocation        = false                                  {pd product} {ergonomic}

Logging:
Log output configuration:
 #0: stdout all=warning uptime,level,tags
 #1: stderr all=off uptime,level,tags

Environment Variables:
JAVA_HOME=C:\Program Files\Java\jdk-18.0.1
PATH=C:\Program Files\Common Files\Oracle\Java\javapath;C:\Program Files (x86)\Common Files\Oracle\Java\javapath;C:\Program Files (x86)\NVIDIA Corporation\PhysX\Common;C:\ProgramData\Oracle\Java\javapath;C:\WINDOWS\system32;C:\WINDOWS;C:\WINDOWS\System32\Wbem;C:\WINDOWS\System32\WindowsPowerShell\v1.0\;C:\Program Files (x86)\Skype\Phone\;C:\Program Files\WIDCOMM\Bluetooth Software\;C:\Program Files\WIDCOMM\Bluetooth Software\syswow64;C:\WINDOWS\System32\OpenSSH\;C:\Program Files\Git\cmd;C:\Program Files (x86)\nodejs\;C:\Program Files\apache-maven-3.8.5\bin;C:\Users\admin\AppData\Local\Microsoft\WindowsApps;C:\Program Files\Intel\WiFi\bin\;C:\Program Files\Common Files\Intel\WirelessCommon\;C:\Users\admin\AppData\Local\Programs\Microsoft VS Code\bin;C:\Users\admin\AppData\Roaming\npm;;C:\Program Files\apache-maven-3.8.5\bin;
USERNAME=admin
OS=Windows_NT
PROCESSOR_IDENTIFIER=Intel64 Family 6 Model 78 Stepping 3, GenuineIntel



---------------  S Y S T E M  ---------------

OS:
 Windows 10 , 64 bit Build 19041 (10.0.19041.1706)
OS uptime: 15 days 10:31 hours

CPU: total 4 (initial active 4) (2 cores per cpu, 2 threads per core) family 6 model 78 stepping 3 microcode 0xec, cx8, cmov, fxsr, ht, mmx, 3dnowpref, sse, sse2, sse3, ssse3, sse4.1, sse4.2, popcnt, lzcnt, tsc, tscinvbit, avx, avx2, aes, erms, clmul, bmi1, bmi2, rtm, adx, fma, vzeroupper, clflush, clflushopt

Memory: 4k page, system-wide physical 7856M (1207M free)
TotalPageFile size 11856M (AvailPageFile size 198M)
current process WorkingSet (physical memory assigned to process): 76M, peak: 76M
current process commit charge ("private bytes"): 210M, peak: 210M

vm_info: OpenJDK 64-Bit Server VM (17.0.2+8) for windows-amd64 JRE (17.0.2+8), built on Jan 20 2022 04:52:34 by "" with MS VC++ 16.7 (VS2019)

END.
