#
# There is insufficient memory for the Java Runtime Environment to continue.
# Native memory allocation (malloc) failed to allocate 616176 bytes for Chunk::new
# Possible reasons:
#   The system is out of physical RAM or swap space
#   The process is running with CompressedOops enabled, and the Java Heap may be blocking the growth of the native heap
# Possible solutions:
#   Reduce memory load on the system
#   Increase physical memory or swap space
#   Check if swap backing store is full
#   Decrease Java heap size (-Xmx/-Xms)
#   Decrease number of Java threads
#   Decrease Java thread stack sizes (-Xss)
#   Set larger code cache with -XX:ReservedCodeCacheSize=
#   JVM is running with Unscaled Compressed Oops mode in which the Java heap is
#     placed in the first 4GB address space. The Java Heap base address is the
#     maximum limit for the native heap growth. Please use -XX:HeapBaseMinAddress
#     to set the Java Heap base and to place the Java Heap above 4GB virtual address.
# This output file may be truncated or incomplete.
#
#  Out of Memory Error (arena.cpp:189), pid=2696, tid=12648
#
# JRE version: OpenJDK Runtime Environment Temurin-17.0.2+8 (17.0.2+8) (build 17.0.2+8)
# Java VM: OpenJDK 64-Bit Server VM Temurin-17.0.2+8 (17.0.2+8, mixed mode, tiered, compressed oops, compressed class ptrs, parallel gc, windows-amd64)
# No core dump will be written. Minidumps are not enabled by default on client versions of Windows
#

---------------  S U M M A R Y ------------

Command Line: --add-modules=ALL-SYSTEM --add-opens=java.base/java.util=ALL-UNNAMED --add-opens=java.base/java.lang=ALL-UNNAMED --add-opens=java.base/sun.nio.fs=ALL-UNNAMED -Declipse.application=org.eclipse.jdt.ls.core.id1 -Dosgi.bundles.defaultStartLevel=4 -Declipse.product=org.eclipse.jdt.ls.core.product -Djava.import.generatesMetadataFilesAtProjectRoot=false -Dfile.encoding=utf8 -DwatchParentProcess=false -XX:+UseParallelGC -XX:GCTimeRatio=4 -XX:AdaptiveSizePolicyWeight=90 -Dsun.zip.disableMemoryMapping=true -Xmx1G -Xms100m -XX:+HeapDumpOnOutOfMemoryError -XX:HeapDumpPath=c:\Users\admin\AppData\Roaming\Code\User\workspaceStorage\5651c2bef7803a3c371000bd4bbd2ad0\redhat.java c:\Users\admin\.vscode\extensions\redhat.java-1.6.0-win32-x64\server\plugins\org.eclipse.equinox.launcher_1.6.400.v20210924-0641.jar -configuration c:\Users\admin\AppData\Roaming\Code\User\globalStorage\redhat.java\1.6.0\config_win -data c:\Users\admin\AppData\Roaming\Code\User\workspaceStorage\5651c2bef7803a3c371000bd4bbd2ad0\redhat.java\jdt_ws

Host: Intel(R) Core(TM) i5-6300U CPU @ 2.40GHz, 4 cores, 7G,  Windows 10 , 64 bit Build 19041 (10.0.19041.1706)
Time: Fri May 27 10:33:25 2022 Eastern Daylight Time elapsed time: 10.408163 seconds (0d 0h 0m 10s)

---------------  T H R E A D  ---------------

Current thread (0x00000231a76b5120):  JavaThread "C2 CompilerThread0" daemon [_thread_in_native, id=12648, stack(0x000000c68a500000,0x000000c68a600000)]


Current CompileTask:
C2:  10408 2983   !   4       org.eclipse.osgi.internal.loader.classpath.ClasspathManager::findClassImpl (308 bytes)

Stack: [0x000000c68a500000,0x000000c68a600000]
Native frames: (J=compiled Java code, j=interpreted, Vv=VM code, C=native code)
V  [jvm.dll+0x67564a]
V  [jvm.dll+0x82fc04]
V  [jvm.dll+0x8313ae]
V  [jvm.dll+0x831a13]
V  [jvm.dll+0x245235]
V  [jvm.dll+0xabd7b]
V  [jvm.dll+0xac30c]
V  [jvm.dll+0x2ac33f]
V  [jvm.dll+0x57c559]
V  [jvm.dll+0x2202ed]
V  [jvm.dll+0x21978f]
V  [jvm.dll+0x2173eb]
V  [jvm.dll+0x1a3a8d]
V  [jvm.dll+0x226ef8]
V  [jvm.dll+0x22503c]
V  [jvm.dll+0x7e596b]
V  [jvm.dll+0x7dff2a]
V  [jvm.dll+0x6744d5]
C  [ucrtbase.dll+0x21bb2]
C  [KERNEL32.DLL+0x17034]
C  [ntdll.dll+0x52651]


---------------  P R O C E S S  ---------------

Threads class SMR info:
_java_thread_list=0x00000231acf7c4a0, length=22, elements={
0x000002319385e0d0, 0x00000231a7671b60, 0x00000231a76728e0, 0x00000231a76ac020,
0x00000231a76acda0, 0x00000231a76afa30, 0x00000231a76b1460, 0x00000231a76b5120,
0x00000231a76b5ad0, 0x00000231a902b730, 0x00000231a90ed420, 0x00000231a919ee30,
0x00000231a9709820, 0x00000231aab53380, 0x00000231aab53af0, 0x00000231aab4cad0,
0x00000231aad7cf70, 0x00000231aaee7010, 0x00000231aac3cde0, 0x00000231aac3c910,
0x00000231aac3e5f0, 0x00000231aac3e120
}

Java Threads: ( => current thread )
  0x000002319385e0d0 JavaThread "main" [_thread_in_vm, id=12364, stack(0x000000c689c00000,0x000000c689d00000)]
  0x00000231a7671b60 JavaThread "Reference Handler" daemon [_thread_blocked, id=17356, stack(0x000000c689f00000,0x000000c68a000000)]
  0x00000231a76728e0 JavaThread "Finalizer" daemon [_thread_blocked, id=4460, stack(0x000000c68a000000,0x000000c68a100000)]
  0x00000231a76ac020 JavaThread "Signal Dispatcher" daemon [_thread_blocked, id=2532, stack(0x000000c68a100000,0x000000c68a200000)]
  0x00000231a76acda0 JavaThread "Attach Listener" daemon [_thread_blocked, id=8764, stack(0x000000c68a200000,0x000000c68a300000)]
  0x00000231a76afa30 JavaThread "Service Thread" daemon [_thread_blocked, id=8756, stack(0x000000c68a300000,0x000000c68a400000)]
  0x00000231a76b1460 JavaThread "Monitor Deflation Thread" daemon [_thread_blocked, id=7124, stack(0x000000c68a400000,0x000000c68a500000)]
=>0x00000231a76b5120 JavaThread "C2 CompilerThread0" daemon [_thread_in_native, id=12648, stack(0x000000c68a500000,0x000000c68a600000)]
  0x00000231a76b5ad0 JavaThread "C1 CompilerThread0" daemon [_thread_blocked, id=15656, stack(0x000000c68a600000,0x000000c68a700000)]
  0x00000231a902b730 JavaThread "Sweeper thread" daemon [_thread_blocked, id=11752, stack(0x000000c68a700000,0x000000c68a800000)]
  0x00000231a90ed420 JavaThread "Common-Cleaner" daemon [_thread_blocked, id=12844, stack(0x000000c68a800000,0x000000c68a900000)]
  0x00000231a919ee30 JavaThread "Notification Thread" daemon [_thread_blocked, id=7472, stack(0x000000c68a900000,0x000000c68aa00000)]
  0x00000231a9709820 JavaThread "Active Thread: Equinox Container: 097d5c58-bdeb-4b8a-bfc7-76a15ecf957c" [_thread_blocked, id=7004, stack(0x000000c68ab00000,0x000000c68ac00000)]
  0x00000231aab53380 JavaThread "Framework Event Dispatcher: Equinox Container: 097d5c58-bdeb-4b8a-bfc7-76a15ecf957c" daemon [_thread_blocked, id=10312, stack(0x000000c68ac00000,0x000000c68ad00000)]
  0x00000231aab53af0 JavaThread "Start Level: Equinox Container: 097d5c58-bdeb-4b8a-bfc7-76a15ecf957c" daemon [_thread_blocked, id=8216, stack(0x000000c68ad00000,0x000000c68ae00000)]
  0x00000231aab4cad0 JavaThread "SCR Component Actor" daemon [_thread_blocked, id=15080, stack(0x000000c68b100000,0x000000c68b200000)]
  0x00000231aad7cf70 JavaThread "Bundle File Closer" daemon [_thread_blocked, id=8880, stack(0x000000c68b400000,0x000000c68b500000)]
  0x00000231aaee7010 JavaThread "Worker-JM" [_thread_blocked, id=10796, stack(0x000000c68b300000,0x000000c68b400000)]
  0x00000231aac3cde0 JavaThread "Worker-0: Repository registry initialization" [_thread_in_Java, id=14916, stack(0x000000c68b500000,0x000000c68b600000)]
  0x00000231aac3c910 JavaThread "Worker-1" [_thread_blocked, id=5632, stack(0x000000c68b600000,0x000000c68b700000)]
  0x00000231aac3e5f0 JavaThread "Worker-2" [_thread_blocked, id=8132, stack(0x000000c68b700000,0x000000c68b800000)]
  0x00000231aac3e120 JavaThread "Java indexing" daemon [_thread_blocked, id=14136, stack(0x000000c68b900000,0x000000c68ba00000)]

Other Threads:
  0x000002319393ec10 VMThread "VM Thread" [stack: 0x000000c689e00000,0x000000c689f00000] [id=16992]
  0x00000231a9234ce0 WatcherThread [stack: 0x000000c68aa00000,0x000000c68ab00000] [id=1132]
  0x0000023193875c90 GCTaskThread "GC Thread#0" [stack: 0x000000c689d00000,0x000000c689e00000] [id=9420]
  0x00000231917495c0 GCTaskThread "GC Thread#1" [stack: 0x000000c68ae00000,0x000000c68af00000] [id=7940]
  0x00000231aab53fc0 GCTaskThread "GC Thread#2" [stack: 0x000000c68af00000,0x000000c68b000000] [id=6116]
  0x00000231a9682ee0 GCTaskThread "GC Thread#3" [stack: 0x000000c68b000000,0x000000c68b100000] [id=4416]

Threads with active compile tasks:
C2 CompilerThread0    10454 2983   !   4       org.eclipse.osgi.internal.loader.classpath.ClasspathManager::findClassImpl (308 bytes)

VM state: not at safepoint (normal execution)

VM Mutex/Monitor currently owned by a thread: None

Heap address: 0x00000000c0000000, size: 1024 MB, Compressed Oops mode: 32-bit

CDS archive(s) not mapped
Compressed class space mapped at: 0x0000000100000000-0x0000000140000000, reserved size: 1073741824
Narrow klass base: 0x0000000000000000, Narrow klass shift: 3, Narrow klass range: 0x140000000

GC Precious Log:
 CPUs: 4 total, 4 available
 Memory: 7856M
 Large Page Support: Disabled
 NUMA Support: Disabled
 Compressed Oops: Enabled (32-bit)
 Alignments: Space 512K, Generation 512K, Heap 2M
 Heap Min Capacity: 100M
 Heap Initial Capacity: 100M
 Heap Max Capacity: 1G
 Pre-touch: Disabled
 Parallel Workers: 4

Heap:
 PSYoungGen      total 29696K, used 22825K [0x00000000eab00000, 0x00000000ecc00000, 0x0000000100000000)
  eden space 25600K, 83% used [0x00000000eab00000,0x00000000ebfe35f8,0x00000000ec400000)
  from space 4096K, 35% used [0x00000000ec800000,0x00000000ec966f38,0x00000000ecc00000)
  to   space 4096K, 0% used [0x00000000ec400000,0x00000000ec400000,0x00000000ec800000)
 ParOldGen       total 68608K, used 9792K [0x00000000c0000000, 0x00000000c4300000, 0x00000000eab00000)
  object space 68608K, 14% used [0x00000000c0000000,0x00000000c0990070,0x00000000c4300000)
 Metaspace       used 34640K, committed 35392K, reserved 1081344K
  class space    used 3640K, committed 3968K, reserved 1048576K

Card table byte_map: [0x0000023193250000,0x0000023193460000] _byte_map_base: 0x0000023192c50000

Marking Bits: (ParMarkBitMap*) 0x00007fffa81c3af0
 Begin Bits: [0x00000231a54f0000, 0x00000231a64f0000)
 End Bits:   [0x00000231a64f0000, 0x00000231a74f0000)

Polling page: 0x0000023193040000

Metaspace:

Usage:
  Non-class:     30.27 MB used.
      Class:      3.56 MB used.
       Both:     33.83 MB used.

Virtual space:
  Non-class space:       32.00 MB reserved,      30.69 MB ( 96%) committed,  4 nodes.
      Class space:        1.00 GB reserved,       3.88 MB ( <1%) committed,  1 nodes.
             Both:        1.03 GB reserved,      34.56 MB (  3%) committed. 

Chunk freelists:
   Non-Class:  848.00 KB
       Class:  80.00 KB
        Both:  928.00 KB

MaxMetaspaceSize: unlimited
CompressedClassSpaceSize: 1.00 GB
Initial GC threshold: 21.00 MB
Current GC threshold: 35.00 MB
CDS: off
MetaspaceReclaimPolicy: balanced
 - commit_granule_bytes: 65536.
 - commit_granule_words: 8192.
 - virtual_space_node_default_size: 1048576.
 - enlarge_chunks_in_place: 1.
 - new_chunks_are_fully_committed: 0.
 - uncommit_free_chunks: 1.
 - use_allocation_guard: 0.
 - handle_deallocations: 1.


Internal statistics:

num_allocs_failed_limit: 3.
num_arena_births: 280.
num_arena_deaths: 0.
num_vsnodes_births: 5.
num_vsnodes_deaths: 0.
num_space_committed: 553.
num_space_uncommitted: 0.
num_chunks_returned_to_freelist: 3.
num_chunks_taken_from_freelist: 1371.
num_chunk_merges: 3.
num_chunk_splits: 886.
num_chunks_enlarged: 566.
num_purges: 0.
num_inconsistent_stats: 0.

CodeHeap 'non-profiled nmethods': size=120000Kb used=1204Kb max_used=1204Kb free=118795Kb
 bounds [0x000002319dfc0000, 0x000002319e230000, 0x00000231a54f0000]
CodeHeap 'profiled nmethods': size=120000Kb used=6109Kb max_used=6109Kb free=113890Kb
 bounds [0x0000023196a90000, 0x0000023197090000, 0x000002319dfc0000]
CodeHeap 'non-nmethods': size=5760Kb used=1249Kb max_used=1318Kb free=4510Kb
 bounds [0x00000231964f0000, 0x0000023196760000, 0x0000023196a90000]
 total_blobs=3567 nmethods=3000 adapters=481
 compilation: enabled
              stopped_count=0, restarted_count=0
 full_count=0

Compilation events (20 events):
Event: 10.348 Thread 0x00000231a76b5ad0 2990       3       java.nio.HeapByteBuffer::getShort (29 bytes)
Event: 10.349 Thread 0x00000231a76b5ad0 nmethod 2990 0x0000023197080e10 code [0x0000023197081060, 0x0000023197081a28]
Event: 10.349 Thread 0x00000231a76b5ad0 2991   !   3       jdk.internal.misc.ScopedMemoryAccess::getShortUnaligned (22 bytes)
Event: 10.350 Thread 0x00000231a76b5ad0 nmethod 2991 0x0000023197081e10 code [0x0000023197082000, 0x00000231970825c8]
Event: 10.350 Thread 0x00000231a76b5ad0 2992   !   3       jdk.internal.misc.ScopedMemoryAccess::getShortUnalignedInternal (38 bytes)
Event: 10.350 Thread 0x00000231a76b5ad0 nmethod 2992 0x0000023197082890 code [0x0000023197082a60, 0x0000023197082dd8]
Event: 10.350 Thread 0x00000231a76b5ad0 2993       1       sun.reflect.generics.visitor.Reifier::getFactory (5 bytes)
Event: 10.350 Thread 0x00000231a76b5ad0 nmethod 2993 0x000002319e0ec190 code [0x000002319e0ec320, 0x000002319e0ec3f8]
Event: 10.378 Thread 0x00000231a76b5ad0 2994   !   3       java.lang.reflect.Executable::declaredAnnotations (85 bytes)
Event: 10.379 Thread 0x00000231a76b5ad0 nmethod 2994 0x0000023197082f90 code [0x00000231970831c0, 0x0000023197083a48]
Event: 10.379 Thread 0x00000231a76b5ad0 2995       1       sun.reflect.generics.tree.SimpleClassTypeSignature::getTypeArguments (5 bytes)
Event: 10.379 Thread 0x00000231a76b5ad0 nmethod 2995 0x000002319e0ec490 code [0x000002319e0ec620, 0x000002319e0ec6f8]
Event: 10.379 Thread 0x00000231a76b5ad0 2996       3       jdk.internal.reflect.ClassFileAssembler::opc_invokespecial (26 bytes)
Event: 10.380 Thread 0x00000231a76b5ad0 nmethod 2996 0x0000023197083e10 code [0x0000023197084020, 0x0000023197084568]
Event: 10.380 Thread 0x00000231a76b5ad0 2997       3       jdk.internal.reflect.ClassFileAssembler::emitInt (46 bytes)
Event: 10.381 Thread 0x00000231a76b5ad0 nmethod 2997 0x0000023197084810 code [0x0000023197084a20, 0x0000023197084f18]
Event: 10.383 Thread 0x00000231a76b5ad0 2998       3       sun.nio.fs.WindowsFileAttributeViews::createBasicView (10 bytes)
Event: 10.383 Thread 0x00000231a76b5ad0 nmethod 2998 0x0000023197085190 code [0x0000023197085340, 0x00000231970855b8]
Event: 10.384 Thread 0x00000231a76b5ad0 2999       3       java.util.HashMap::getNode (150 bytes)
Event: 10.385 Thread 0x00000231a76b5ad0 nmethod 2999 0x0000023197085710 code [0x0000023197085940, 0x00000231970864d8]

GC Heap History (10 events):
Event: 3.300 GC heap before
{Heap before GC invocations=1 (full 0):
 PSYoungGen      total 29696K, used 25600K [0x00000000eab00000, 0x00000000ecc00000, 0x0000000100000000)
  eden space 25600K, 100% used [0x00000000eab00000,0x00000000ec400000,0x00000000ec400000)
  from space 4096K, 0% used [0x00000000ec800000,0x00000000ec800000,0x00000000ecc00000)
  to   space 4096K, 0% used [0x00000000ec400000,0x00000000ec400000,0x00000000ec800000)
 ParOldGen       total 68608K, used 0K [0x00000000c0000000, 0x00000000c4300000, 0x00000000eab00000)
  object space 68608K, 0% used [0x00000000c0000000,0x00000000c0000000,0x00000000c4300000)
 Metaspace       used 12867K, committed 13056K, reserved 1064960K
  class space    used 1299K, committed 1408K, reserved 1048576K
}
Event: 3.349 GC heap after
{Heap after GC invocations=1 (full 0):
 PSYoungGen      total 29696K, used 4072K [0x00000000eab00000, 0x00000000ecc00000, 0x0000000100000000)
  eden space 25600K, 0% used [0x00000000eab00000,0x00000000eab00000,0x00000000ec400000)
  from space 4096K, 99% used [0x00000000ec400000,0x00000000ec7fa2d8,0x00000000ec800000)
  to   space 4096K, 0% used [0x00000000ec800000,0x00000000ec800000,0x00000000ecc00000)
 ParOldGen       total 68608K, used 760K [0x00000000c0000000, 0x00000000c4300000, 0x00000000eab00000)
  object space 68608K, 1% used [0x00000000c0000000,0x00000000c00be2f8,0x00000000c4300000)
 Metaspace       used 12867K, committed 13056K, reserved 1064960K
  class space    used 1299K, committed 1408K, reserved 1048576K
}
Event: 6.536 GC heap before
{Heap before GC invocations=2 (full 0):
 PSYoungGen      total 29696K, used 29672K [0x00000000eab00000, 0x00000000ecc00000, 0x0000000100000000)
  eden space 25600K, 100% used [0x00000000eab00000,0x00000000ec400000,0x00000000ec400000)
  from space 4096K, 99% used [0x00000000ec400000,0x00000000ec7fa2d8,0x00000000ec800000)
  to   space 4096K, 0% used [0x00000000ec800000,0x00000000ec800000,0x00000000ecc00000)
 ParOldGen       total 68608K, used 760K [0x00000000c0000000, 0x00000000c4300000, 0x00000000eab00000)
  object space 68608K, 1% used [0x00000000c0000000,0x00000000c00be2f8,0x00000000c4300000)
 Metaspace       used 20139K, committed 20544K, reserved 1073152K
  class space    used 2041K, committed 2240K, reserved 1048576K
}
Event: 6.557 GC heap after
{Heap after GC invocations=2 (full 0):
 PSYoungGen      total 29696K, used 4089K [0x00000000eab00000, 0x00000000ecc00000, 0x0000000100000000)
  eden space 25600K, 0% used [0x00000000eab00000,0x00000000eab00000,0x00000000ec400000)
  from space 4096K, 99% used [0x00000000ec800000,0x00000000ecbfe508,0x00000000ecc00000)
  to   space 4096K, 0% used [0x00000000ec400000,0x00000000ec400000,0x00000000ec800000)
 ParOldGen       total 68608K, used 5787K [0x00000000c0000000, 0x00000000c4300000, 0x00000000eab00000)
  object space 68608K, 8% used [0x00000000c0000000,0x00000000c05a6dd8,0x00000000c4300000)
 Metaspace       used 20139K, committed 20544K, reserved 1073152K
  class space    used 2041K, committed 2240K, reserved 1048576K
}
Event: 6.675 GC heap before
{Heap before GC invocations=3 (full 0):
 PSYoungGen      total 29696K, used 7174K [0x00000000eab00000, 0x00000000ecc00000, 0x0000000100000000)
  eden space 25600K, 12% used [0x00000000eab00000,0x00000000eae035f8,0x00000000ec400000)
  from space 4096K, 99% used [0x00000000ec800000,0x00000000ecbfe508,0x00000000ecc00000)
  to   space 4096K, 0% used [0x00000000ec400000,0x00000000ec400000,0x00000000ec800000)
 ParOldGen       total 68608K, used 5787K [0x00000000c0000000, 0x00000000c4300000, 0x00000000eab00000)
  object space 68608K, 8% used [0x00000000c0000000,0x00000000c05a6dd8,0x00000000c4300000)
 Metaspace       used 21108K, committed 21504K, reserved 1073152K
  class space    used 2130K, committed 2368K, reserved 1048576K
}
Event: 6.684 GC heap after
{Heap after GC invocations=3 (full 0):
 PSYoungGen      total 29696K, used 4095K [0x00000000eab00000, 0x00000000ecc00000, 0x0000000100000000)
  eden space 25600K, 0% used [0x00000000eab00000,0x00000000eab00000,0x00000000ec400000)
  from space 4096K, 99% used [0x00000000ec400000,0x00000000ec7ffca8,0x00000000ec800000)
  to   space 4096K, 0% used [0x00000000ec800000,0x00000000ec800000,0x00000000ecc00000)
 ParOldGen       total 68608K, used 5899K [0x00000000c0000000, 0x00000000c4300000, 0x00000000eab00000)
  object space 68608K, 8% used [0x00000000c0000000,0x00000000c05c2f78,0x00000000c4300000)
 Metaspace       used 21108K, committed 21504K, reserved 1073152K
  class space    used 2130K, committed 2368K, reserved 1048576K
}
Event: 6.684 GC heap before
{Heap before GC invocations=4 (full 1):
 PSYoungGen      total 29696K, used 4095K [0x00000000eab00000, 0x00000000ecc00000, 0x0000000100000000)
  eden space 25600K, 0% used [0x00000000eab00000,0x00000000eab00000,0x00000000ec400000)
  from space 4096K, 99% used [0x00000000ec400000,0x00000000ec7ffca8,0x00000000ec800000)
  to   space 4096K, 0% used [0x00000000ec800000,0x00000000ec800000,0x00000000ecc00000)
 ParOldGen       total 68608K, used 5899K [0x00000000c0000000, 0x00000000c4300000, 0x00000000eab00000)
  object space 68608K, 8% used [0x00000000c0000000,0x00000000c05c2f78,0x00000000c4300000)
 Metaspace       used 21108K, committed 21504K, reserved 1073152K
  class space    used 2130K, committed 2368K, reserved 1048576K
}
Event: 6.726 GC heap after
{Heap after GC invocations=4 (full 1):
 PSYoungGen      total 29696K, used 0K [0x00000000eab00000, 0x00000000ecc00000, 0x0000000100000000)
  eden space 25600K, 0% used [0x00000000eab00000,0x00000000eab00000,0x00000000ec400000)
  from space 4096K, 0% used [0x00000000ec400000,0x00000000ec400000,0x00000000ec800000)
  to   space 4096K, 0% used [0x00000000ec800000,0x00000000ec800000,0x00000000ecc00000)
 ParOldGen       total 68608K, used 9784K [0x00000000c0000000, 0x00000000c4300000, 0x00000000eab00000)
  object space 68608K, 14% used [0x00000000c0000000,0x00000000c098e070,0x00000000c4300000)
 Metaspace       used 21108K, committed 21504K, reserved 1073152K
  class space    used 2130K, committed 2368K, reserved 1048576K
}
Event: 7.879 GC heap before
{Heap before GC invocations=5 (full 1):
 PSYoungGen      total 29696K, used 25600K [0x00000000eab00000, 0x00000000ecc00000, 0x0000000100000000)
  eden space 25600K, 100% used [0x00000000eab00000,0x00000000ec400000,0x00000000ec400000)
  from space 4096K, 0% used [0x00000000ec400000,0x00000000ec400000,0x00000000ec800000)
  to   space 4096K, 0% used [0x00000000ec800000,0x00000000ec800000,0x00000000ecc00000)
 ParOldGen       total 68608K, used 9784K [0x00000000c0000000, 0x00000000c4300000, 0x00000000eab00000)
  object space 68608K, 14% used [0x00000000c0000000,0x00000000c098e070,0x00000000c4300000)
 Metaspace       used 27987K, committed 28480K, reserved 1081344K
  class space    used 2721K, committed 2944K, reserved 1048576K
}
Event: 7.883 GC heap after
{Heap after GC invocations=5 (full 1):
 PSYoungGen      total 29696K, used 1435K [0x00000000eab00000, 0x00000000ecc00000, 0x0000000100000000)
  eden space 25600K, 0% used [0x00000000eab00000,0x00000000eab00000,0x00000000ec400000)
  from space 4096K, 35% used [0x00000000ec800000,0x00000000ec966f38,0x00000000ecc00000)
  to   space 4096K, 0% used [0x00000000ec400000,0x00000000ec400000,0x00000000ec800000)
 ParOldGen       total 68608K, used 9792K [0x00000000c0000000, 0x00000000c4300000, 0x00000000eab00000)
  object space 68608K, 14% used [0x00000000c0000000,0x00000000c0990070,0x00000000c4300000)
 Metaspace       used 27987K, committed 28480K, reserved 1081344K
  class space    used 2721K, committed 2944K, reserved 1048576K
}

Deoptimization events (20 events):
Event: 10.109 Thread 0x000002319385e0d0 Uncommon trap: trap_request=0xffffff45 fr.pc=0x000002319e091f4c relative=0x00000000000011ec
Event: 10.109 Thread 0x000002319385e0d0 Uncommon trap: reason=unstable_if action=reinterpret pc=0x000002319e091f4c method=java.util.Properties.loadConvert([CIILjava/lang/StringBuilder;)Ljava/lang/String; @ 477 c2
Event: 10.109 Thread 0x000002319385e0d0 DEOPT PACKING pc=0x000002319e091f4c sp=0x000000c689cf9190
Event: 10.109 Thread 0x000002319385e0d0 DEOPT UNPACKING pc=0x00000231965420a3 sp=0x000000c689cf9158 mode 2
Event: 10.375 Thread 0x00000231aac3cde0 Uncommon trap: trap_request=0xffffff45 fr.pc=0x000002319e098510 relative=0x0000000000000250
Event: 10.375 Thread 0x00000231aac3cde0 Uncommon trap: reason=unstable_if action=reinterpret pc=0x000002319e098510 method=java.util.HashMap.getNode(Ljava/lang/Object;)Ljava/util/HashMap$Node; @ 66 c2
Event: 10.375 Thread 0x00000231aac3cde0 DEOPT PACKING pc=0x000002319e098510 sp=0x000000c68b5fe650
Event: 10.375 Thread 0x00000231aac3cde0 DEOPT UNPACKING pc=0x00000231965420a3 sp=0x000000c68b5fe568 mode 2
Event: 10.375 Thread 0x00000231aac3cde0 Uncommon trap: trap_request=0xffffffc6 fr.pc=0x000002319e0979c8 relative=0x00000000000008a8
Event: 10.375 Thread 0x00000231aac3cde0 Uncommon trap: reason=bimorphic_or_optimized_type_check action=maybe_recompile pc=0x000002319e0979c8 method=java.util.HashMap.putVal(ILjava/lang/Object;Ljava/lang/Object;ZZ)Ljava/lang/Object; @ 91 c2
Event: 10.375 Thread 0x00000231aac3cde0 DEOPT PACKING pc=0x000002319e0979c8 sp=0x000000c68b5fe630
Event: 10.375 Thread 0x00000231aac3cde0 DEOPT UNPACKING pc=0x00000231965420a3 sp=0x000000c68b5fe538 mode 2
Event: 10.378 Thread 0x00000231aac3cde0 Uncommon trap: trap_request=0xffffff45 fr.pc=0x000002319e011964 relative=0x0000000000000324
Event: 10.378 Thread 0x00000231aac3cde0 Uncommon trap: reason=unstable_if action=reinterpret pc=0x000002319e011964 method=java.util.HashMap.getNode(Ljava/lang/Object;)Ljava/util/HashMap$Node; @ 131 c2
Event: 10.378 Thread 0x00000231aac3cde0 DEOPT PACKING pc=0x000002319e011964 sp=0x000000c68b5fe4c0
Event: 10.378 Thread 0x00000231aac3cde0 DEOPT UNPACKING pc=0x00000231965420a3 sp=0x000000c68b5fe450 mode 2
Event: 10.378 Thread 0x00000231aac3cde0 Uncommon trap: trap_request=0xffffffde fr.pc=0x000002319e0979a8 relative=0x0000000000000888
Event: 10.378 Thread 0x00000231aac3cde0 Uncommon trap: reason=class_check action=maybe_recompile pc=0x000002319e0979a8 method=java.util.HashMap.putVal(ILjava/lang/Object;Ljava/lang/Object;ZZ)Ljava/lang/Object; @ 203 c2
Event: 10.378 Thread 0x00000231aac3cde0 DEOPT PACKING pc=0x000002319e0979a8 sp=0x000000c68b5fe510
Event: 10.378 Thread 0x00000231aac3cde0 DEOPT UNPACKING pc=0x00000231965420a3 sp=0x000000c68b5fe418 mode 2

Classes unloaded (0 events):
No events

Classes redefined (0 events):
No events

Internal exceptions (20 events):
Event: 6.579 Thread 0x00000231aab53af0 Exception <a 'java/lang/IncompatibleClassChangeError'{0x00000000eab40fb8}: Found class java.lang.Object, but interface was expected> (0x00000000eab40fb8) 
thrown [e:\jenkins\tmp\workspace\build\src\src\hotspot\share\interpreter\linkResolver.cpp, line 833]
Event: 6.841 Thread 0x00000231aab53af0 Exception <a 'java/io/FileNotFoundException'{0x00000000ead024b8}> (0x00000000ead024b8) 
thrown [e:\jenkins\tmp\workspace\build\src\src\hotspot\share\prims\jni.cpp, line 516]
Event: 6.841 Thread 0x00000231aab53af0 Exception <a 'java/io/FileNotFoundException'{0x00000000ead035f8}> (0x00000000ead035f8) 
thrown [e:\jenkins\tmp\workspace\build\src\src\hotspot\share\prims\jni.cpp, line 516]
Event: 6.842 Thread 0x00000231aab53af0 Exception <a 'java/io/FileNotFoundException'{0x00000000ead04748}> (0x00000000ead04748) 
thrown [e:\jenkins\tmp\workspace\build\src\src\hotspot\share\prims\jni.cpp, line 516]
Event: 7.426 Thread 0x00000231aab53af0 Exception <a 'java/lang/ClassNotFoundException'{0x00000000ebed1390}: com/sun/org/apache/xerces/internal/impl/msg/spi/DOMMessagesProvider> (0x00000000ebed1390) 
thrown [e:\jenkins\tmp\workspace\build\src\src\hotspot\share\classfile\systemDictionary.cpp, line 256]
Event: 7.432 Thread 0x00000231aab53af0 Exception <a 'java/lang/ClassNotFoundException'{0x00000000ebee9da0}: com/sun/org/apache/xerces/internal/impl/msg/spi/XMLSerializerMessagesProvider> (0x00000000ebee9da0) 
thrown [e:\jenkins\tmp\workspace\build\src\src\hotspot\share\classfile\systemDictionary.cpp, line 256]
Event: 7.434 Thread 0x00000231aab53af0 Exception <a 'java/lang/ClassNotFoundException'{0x00000000ebef7078}: com/sun/org/apache/xerces/internal/impl/msg/spi/XMLMessagesProvider> (0x00000000ebef7078) 
thrown [e:\jenkins\tmp\workspace\build\src\src\hotspot\share\classfile\systemDictionary.cpp, line 256]
Event: 7.560 Thread 0x00000231aab53af0 Exception <a 'sun/nio/fs/WindowsException'{0x00000000ec0dd7c8}> (0x00000000ec0dd7c8) 
thrown [e:\jenkins\tmp\workspace\build\src\src\hotspot\share\prims\jni.cpp, line 516]
Event: 7.718 Thread 0x00000231aab53af0 Exception <a 'java/lang/ClassNotFoundException'{0x00000000ec22f0e8}: com/sun/org/apache/xml/internal/serializer/spi/XMLEntitiesProvider> (0x00000000ec22f0e8) 
thrown [e:\jenkins\tmp\workspace\build\src\src\hotspot\share\classfile\systemDictionary.cpp, line 256]
Event: 8.265 Thread 0x00000231aab53af0 Exception <a 'java/lang/NoSuchMethodError'{0x00000000eafb98b0}: 'void java.lang.invoke.DirectMethodHandle$Holder.invokeSpecial(java.lang.Object, java.lang.Object, java.lang.Object, int)'> (0x00000000eafb98b0) 
thrown [e:\jenkins\tmp\workspace\build\src\src\hotspot\share\interpreter\linkResolver.cpp, line 766]
Event: 8.535 Thread 0x00000231aab53af0 Exception <a 'java/lang/NoSuchMethodError'{0x00000000eb16a840}: static Lorg/eclipse/m2e/core/internal/lifecyclemapping/model/PluginExecutionMetadata;.<clinit>()V> (0x00000000eb16a840) 
thrown [e:\jenkins\tmp\workspace\build\src\src\hotspot\share\prims\jni.cpp, line 1107]
Event: 8.647 Thread 0x00000231aab53af0 Exception <a 'java/lang/NoSuchMethodError'{0x00000000eb1952a0}: static Lorg/eclipse/m2e/core/internal/lifecyclemapping/model/PluginExecutionFilter;.<clinit>()V> (0x00000000eb1952a0) 
thrown [e:\jenkins\tmp\workspace\build\src\src\hotspot\share\prims\jni.cpp, line 1107]
Event: 9.178 Thread 0x00000231aab53af0 Exception <a 'java/io/FileNotFoundException'{0x00000000eb3740b0}> (0x00000000eb3740b0) 
thrown [e:\jenkins\tmp\workspace\build\src\src\hotspot\share\prims\jni.cpp, line 516]
Event: 9.440 Thread 0x00000231aab53af0 Exception <a 'java/lang/UnsatisfiedLinkError'{0x00000000eb4eba98}: The specified procedure could not be found.
> (0x00000000eb4eba98) 
thrown [e:\jenkins\tmp\workspace\build\src\src\hotspot\share\prims\jni.cpp, line 535]
Event: 9.447 Thread 0x00000231aab53af0 Exception <a 'java/io/FileNotFoundException'{0x00000000eb4f7b70}> (0x00000000eb4f7b70) 
thrown [e:\jenkins\tmp\workspace\build\src\src\hotspot\share\prims\jni.cpp, line 516]
Event: 9.459 Thread 0x00000231aab53af0 Exception <a 'java/io/FileNotFoundException'{0x00000000eb5220e0}> (0x00000000eb5220e0) 
thrown [e:\jenkins\tmp\workspace\build\src\src\hotspot\share\prims\jni.cpp, line 516]
Event: 9.585 Thread 0x00000231aab53af0 Exception <a 'java/lang/UnsatisfiedLinkError'{0x00000000eb629770}: The specified procedure could not be found.
> (0x00000000eb629770) 
thrown [e:\jenkins\tmp\workspace\build\src\src\hotspot\share\prims\jni.cpp, line 535]
Event: 9.987 Thread 0x00000231aab53af0 Implicit null exception at 0x000002319e0a5643 to 0x000002319e0a6308
Event: 9.988 Thread 0x00000231aab53af0 Implicit null exception at 0x000002319e0a26ca to 0x000002319e0a33c4
Event: 9.993 Thread 0x00000231aab53af0 Exception <a 'java/lang/NoSuchMethodError'{0x00000000eb8a7198}: 'void java.lang.invoke.DirectMethodHandle$Holder.invokeStatic(java.lang.Object, java.lang.Object, java.lang.Object, java.lang.Object)'> (0x00000000eb8a7198) 
thrown [e:\jenkins\tmp\workspace\build\src\src\hotspot\share\interpreter\linkResolver.cpp, line 766]

VM Operations (20 events):
Event: 7.720 Executing VM operation: HandshakeAllThreads
Event: 7.720 Executing VM operation: HandshakeAllThreads done
Event: 7.785 Executing VM operation: HandshakeAllThreads
Event: 7.785 Executing VM operation: HandshakeAllThreads done
Event: 7.785 Executing VM operation: Cleanup
Event: 7.786 Executing VM operation: Cleanup done
Event: 7.879 Executing VM operation: ParallelGCFailedAllocation
Event: 7.883 Executing VM operation: ParallelGCFailedAllocation done
Event: 8.883 Executing VM operation: Cleanup
Event: 8.887 Executing VM operation: Cleanup done
Event: 9.381 Executing VM operation: HandshakeAllThreads
Event: 9.381 Executing VM operation: HandshakeAllThreads done
Event: 9.388 Executing VM operation: HandshakeAllThreads
Event: 9.388 Executing VM operation: HandshakeAllThreads done
Event: 9.982 Executing VM operation: HandshakeAllThreads
Event: 9.982 Executing VM operation: HandshakeAllThreads done
Event: 9.982 Executing VM operation: Cleanup
Event: 9.982 Executing VM operation: Cleanup done
Event: 10.035 Executing VM operation: HandshakeAllThreads
Event: 10.045 Executing VM operation: HandshakeAllThreads done

Events (20 events):
Event: 10.252 loading class sun/reflect/generics/repository/ClassRepository done
Event: 10.252 loading class sun/reflect/generics/tree/ClassSignature
Event: 10.253 loading class sun/reflect/generics/tree/ClassSignature done
Event: 10.253 loading class sun/reflect/generics/tree/TypeVariableSignature
Event: 10.253 loading class sun/reflect/generics/tree/TypeVariableSignature done
Event: 10.255 loading class sun/reflect/generics/reflectiveObjects/TypeVariableImpl
Event: 10.255 loading class sun/reflect/generics/reflectiveObjects/LazyReflectiveObjectGenerator
Event: 10.256 loading class sun/reflect/generics/reflectiveObjects/LazyReflectiveObjectGenerator done
Event: 10.256 loading class sun/reflect/generics/reflectiveObjects/TypeVariableImpl done
Event: 10.314 loading class java/lang/Deprecated
Event: 10.316 loading class java/lang/Deprecated done
Event: 10.340 loading class jdk/internal/vm/annotation/IntrinsicCandidate
Event: 10.340 loading class jdk/internal/vm/annotation/IntrinsicCandidate done
Event: 10.375 Thread 0x00000231a9b31ca0 Thread exited: 0x00000231a9b31ca0
Event: 10.376 loading class java/io/InvalidObjectException
Event: 10.376 loading class java/io/InvalidObjectException done
Event: 10.404 loading class sun/reflect/generics/tree/BottomSignature
Event: 10.404 loading class sun/reflect/generics/tree/BottomSignature done
Event: 10.405 loading class sun/reflect/generics/tree/Wildcard
Event: 10.405 loading class sun/reflect/generics/tree/Wildcard done


Dynamic libraries:
0x00007ff694b40000 - 0x00007ff694b4e000 	c:\Users\admin\.vscode\extensions\redhat.java-1.6.0-win32-x64\jre\17.0.2-win32-x86_64\bin\java.exe
0x00007fffdd6d0000 - 0x00007fffdd8c5000 	C:\WINDOWS\SYSTEM32\ntdll.dll
0x00007fffdb9f0000 - 0x00007fffdbaad000 	C:\WINDOWS\System32\KERNEL32.DLL
0x00007fffdb240000 - 0x00007fffdb50d000 	C:\WINDOWS\System32\KERNELBASE.dll
0x00007fffdb140000 - 0x00007fffdb240000 	C:\WINDOWS\System32\ucrtbase.dll
0x00007fffd52d0000 - 0x00007fffd52e8000 	c:\Users\admin\.vscode\extensions\redhat.java-1.6.0-win32-x64\jre\17.0.2-win32-x86_64\bin\jli.dll
0x00007fffdcb30000 - 0x00007fffdccd0000 	C:\WINDOWS\System32\USER32.dll
0x00007fffdade0000 - 0x00007fffdae02000 	C:\WINDOWS\System32\win32u.dll
0x00007fffdc880000 - 0x00007fffdc8aa000 	C:\WINDOWS\System32\GDI32.dll
0x00007fffdb510000 - 0x00007fffdb61b000 	C:\WINDOWS\System32\gdi32full.dll
0x00007fffdae10000 - 0x00007fffdaead000 	C:\WINDOWS\System32\msvcp_win.dll
0x00007fffd4f00000 - 0x00007fffd4f19000 	c:\Users\admin\.vscode\extensions\redhat.java-1.6.0-win32-x64\jre\17.0.2-win32-x86_64\bin\VCRUNTIME140.dll
0x00007fffcf8e0000 - 0x00007fffcfb7a000 	C:\WINDOWS\WinSxS\amd64_microsoft.windows.common-controls_6595b64144ccf1df_6.0.19041.1110_none_60b5254171f9507e\COMCTL32.dll
0x00007fffdb810000 - 0x00007fffdb8ae000 	C:\WINDOWS\System32\msvcrt.dll
0x00007fffdcb00000 - 0x00007fffdcb30000 	C:\WINDOWS\System32\IMM32.DLL
0x00007fffd61a0000 - 0x00007fffd61ac000 	c:\Users\admin\.vscode\extensions\redhat.java-1.6.0-win32-x64\jre\17.0.2-win32-x86_64\bin\vcruntime140_1.dll
0x00007fffbc8b0000 - 0x00007fffbc941000 	c:\Users\admin\.vscode\extensions\redhat.java-1.6.0-win32-x64\jre\17.0.2-win32-x86_64\bin\msvcp140.dll
0x00007fffa7640000 - 0x00007fffa8287000 	c:\Users\admin\.vscode\extensions\redhat.java-1.6.0-win32-x64\jre\17.0.2-win32-x86_64\bin\server\jvm.dll
0x00007fffdbbe0000 - 0x00007fffdbc8e000 	C:\WINDOWS\System32\ADVAPI32.dll
0x00007fffdcda0000 - 0x00007fffdce3c000 	C:\WINDOWS\System32\sechost.dll
0x00007fffdbab0000 - 0x00007fffdbbd5000 	C:\WINDOWS\System32\RPCRT4.dll
0x00007fffdb720000 - 0x00007fffdb728000 	C:\WINDOWS\System32\PSAPI.DLL
0x00007fffcd050000 - 0x00007fffcd059000 	C:\WINDOWS\SYSTEM32\WSOCK32.dll
0x00007fffdc340000 - 0x00007fffdc3ab000 	C:\WINDOWS\System32\WS2_32.dll
0x00007fffd11a0000 - 0x00007fffd11c7000 	C:\WINDOWS\SYSTEM32\WINMM.dll
0x00007fffd3390000 - 0x00007fffd339a000 	C:\WINDOWS\SYSTEM32\VERSION.dll
0x00007fffd9670000 - 0x00007fffd9682000 	C:\WINDOWS\SYSTEM32\kernel.appcore.dll
0x00007fffd6170000 - 0x00007fffd617a000 	c:\Users\admin\.vscode\extensions\redhat.java-1.6.0-win32-x64\jre\17.0.2-win32-x86_64\bin\jimage.dll
0x00007fffd3e00000 - 0x00007fffd3fe4000 	C:\WINDOWS\SYSTEM32\DBGHELP.DLL
0x00007fffd36a0000 - 0x00007fffd36cc000 	C:\WINDOWS\SYSTEM32\dbgcore.DLL
0x00007fffdaf50000 - 0x00007fffdafd2000 	C:\WINDOWS\System32\bcryptPrimitives.dll
0x00007fffc0600000 - 0x00007fffc0625000 	c:\Users\admin\.vscode\extensions\redhat.java-1.6.0-win32-x64\jre\17.0.2-win32-x86_64\bin\java.dll
0x00007fffd5410000 - 0x00007fffd5428000 	c:\Users\admin\.vscode\extensions\redhat.java-1.6.0-win32-x64\jre\17.0.2-win32-x86_64\bin\zip.dll
0x00007fffdcf40000 - 0x00007fffdd684000 	C:\WINDOWS\System32\SHELL32.dll
0x00007fffd8ec0000 - 0x00007fffd9654000 	C:\WINDOWS\SYSTEM32\windows.storage.dll
0x00007fffdc460000 - 0x00007fffdc7b4000 	C:\WINDOWS\System32\combase.dll
0x00007fffda770000 - 0x00007fffda79c000 	C:\WINDOWS\SYSTEM32\Wldp.dll
0x00007fffdc7d0000 - 0x00007fffdc87d000 	C:\WINDOWS\System32\SHCORE.dll
0x00007fffdca40000 - 0x00007fffdca95000 	C:\WINDOWS\System32\shlwapi.dll
0x00007fffdad20000 - 0x00007fffdad3f000 	C:\WINDOWS\SYSTEM32\profapi.dll
0x00007fffd4a70000 - 0x00007fffd4a89000 	C:\Users\admin\.vscode\extensions\redhat.java-1.6.0-win32-x64\jre\17.0.2-win32-x86_64\bin\net.dll
0x00007fffd15a0000 - 0x00007fffd16aa000 	C:\WINDOWS\SYSTEM32\WINHTTP.dll
0x00007fffda4d0000 - 0x00007fffda53a000 	C:\WINDOWS\system32\mswsock.dll
0x00007fffd4060000 - 0x00007fffd4075000 	C:\Users\admin\.vscode\extensions\redhat.java-1.6.0-win32-x64\jre\17.0.2-win32-x86_64\bin\nio.dll
0x00007fffda6c0000 - 0x00007fffda6d8000 	C:\WINDOWS\SYSTEM32\CRYPTSP.dll
0x00007fffd9e50000 - 0x00007fffd9e84000 	C:\WINDOWS\system32\rsaenh.dll
0x00007fffdaeb0000 - 0x00007fffdaed7000 	C:\WINDOWS\System32\bcrypt.dll
0x00007fffdace0000 - 0x00007fffdad0e000 	C:\WINDOWS\SYSTEM32\USERENV.dll
0x00007fffda6e0000 - 0x00007fffda6ec000 	C:\WINDOWS\SYSTEM32\CRYPTBASE.dll
0x00007fffda1c0000 - 0x00007fffda1fb000 	C:\WINDOWS\SYSTEM32\IPHLPAPI.DLL
0x00007fffdcf30000 - 0x00007fffdcf38000 	C:\WINDOWS\System32\NSI.dll
0x00007fffd2700000 - 0x00007fffd2717000 	C:\WINDOWS\SYSTEM32\dhcpcsvc6.DLL
0x00007fffd3030000 - 0x00007fffd304d000 	C:\WINDOWS\SYSTEM32\dhcpcsvc.DLL
0x00007fffda200000 - 0x00007fffda2cb000 	C:\WINDOWS\SYSTEM32\DNSAPI.dll
0x00007fffbf020000 - 0x00007fffbf05e000 	C:\Users\admin\AppData\Roaming\Code\User\globalStorage\redhat.java\1.6.0\config_win\org.eclipse.equinox.launcher\org.eclipse.equinox.launcher.win32.win32.x86_64_1.2.400.v20211117-0650\eclipse_11602.dll
0x00007fffdc910000 - 0x00007fffdca3a000 	C:\WINDOWS\System32\ole32.dll
0x00007fffd6120000 - 0x00007fffd6130000 	c:\Users\admin\.vscode\extensions\redhat.java-1.6.0-win32-x64\jre\17.0.2-win32-x86_64\bin\verify.dll
0x00007fffbdcb0000 - 0x00007fffbdcf4000 	C:\Users\admin\AppData\Local\Temp\jna-92668751\jna12980668847141047487.dll

dbghelp: loaded successfully - version: 4.0.5 - missing functions: none
symbol engine: initialized successfully - sym options: 0x614 - pdb path: .;c:\Users\admin\.vscode\extensions\redhat.java-1.6.0-win32-x64\jre\17.0.2-win32-x86_64\bin;C:\WINDOWS\SYSTEM32;C:\WINDOWS\WinSxS\amd64_microsoft.windows.common-controls_6595b64144ccf1df_6.0.19041.1110_none_60b5254171f9507e;c:\Users\admin\.vscode\extensions\redhat.java-1.6.0-win32-x64\jre\17.0.2-win32-x86_64\bin\server;C:\Users\admin\AppData\Roaming\Code\User\globalStorage\redhat.java\1.6.0\config_win\org.eclipse.equinox.launcher\org.eclipse.equinox.launcher.win32.win32.x86_64_1.2.400.v20211117-0650;C:\Users\admin\AppData\Local\Temp\jna-92668751

VM Arguments:
jvm_args: --add-modules=ALL-SYSTEM --add-opens=java.base/java.util=ALL-UNNAMED --add-opens=java.base/java.lang=ALL-UNNAMED --add-opens=java.base/sun.nio.fs=ALL-UNNAMED -Declipse.application=org.eclipse.jdt.ls.core.id1 -Dosgi.bundles.defaultStartLevel=4 -Declipse.product=org.eclipse.jdt.ls.core.product -Djava.import.generatesMetadataFilesAtProjectRoot=false -Dfile.encoding=utf8 -DwatchParentProcess=false -XX:+UseParallelGC -XX:GCTimeRatio=4 -XX:AdaptiveSizePolicyWeight=90 -Dsun.zip.disableMemoryMapping=true -Xmx1G -Xms100m -XX:+HeapDumpOnOutOfMemoryError -XX:HeapDumpPath=c:\Users\admin\AppData\Roaming\Code\User\workspaceStorage\5651c2bef7803a3c371000bd4bbd2ad0\redhat.java 
java_command: c:\Users\admin\.vscode\extensions\redhat.java-1.6.0-win32-x64\server\plugins\org.eclipse.equinox.launcher_1.6.400.v20210924-0641.jar -configuration c:\Users\admin\AppData\Roaming\Code\User\globalStorage\redhat.java\1.6.0\config_win -data c:\Users\admin\AppData\Roaming\Code\User\workspaceStorage\5651c2bef7803a3c371000bd4bbd2ad0\redhat.java\jdt_ws
java_class_path (initial): c:\Users\admin\.vscode\extensions\redhat.java-1.6.0-win32-x64\server\plugins\org.eclipse.equinox.launcher_1.6.400.v20210924-0641.jar
Launcher Type: SUN_STANDARD

[Global flags]
    uintx AdaptiveSizePolicyWeight                 = 90                                        {product} {command line}
     intx CICompilerCount                          = 3                                         {product} {ergonomic}
    uintx GCTimeRatio                              = 4                                         {product} {command line}
     bool HeapDumpOnOutOfMemoryError               = true                                   {manageable} {command line}
    ccstr HeapDumpPath                             = c:\Users\admin\AppData\Roaming\Code\User\workspaceStorage\5651c2bef7803a3c371000bd4bbd2ad0\redhat.java         {manageable} {command line}
   size_t InitialHeapSize                          = 104857600                                 {product} {command line}
   size_t MaxHeapSize                              = 1073741824                                {product} {command line}
   size_t MaxNewSize                               = 357564416                                 {product} {ergonomic}
   size_t MinHeapDeltaBytes                        = 524288                                    {product} {ergonomic}
   size_t MinHeapSize                              = 104857600                                 {product} {command line}
   size_t NewSize                                  = 34603008                                  {product} {ergonomic}
    uintx NonNMethodCodeHeapSize                   = 5832780                                {pd product} {ergonomic}
    uintx NonProfiledCodeHeapSize                  = 122912730                              {pd product} {ergonomic}
   size_t OldSize                                  = 70254592                                  {product} {ergonomic}
    uintx ProfiledCodeHeapSize                     = 122912730                              {pd product} {ergonomic}
    uintx ReservedCodeCacheSize                    = 251658240                              {pd product} {ergonomic}
     bool SegmentedCodeCache                       = true                                      {product} {ergonomic}
   size_t SoftMaxHeapSize                          = 1073741824                             {manageable} {ergonomic}
     bool UseCompressedClassPointers               = true                           {product lp64_product} {ergonomic}
     bool UseCompressedOops                        = true                           {product lp64_product} {ergonomic}
     bool UseLargePagesIndividualAllocation        = false                                  {pd product} {ergonomic}
     bool UseParallelGC                            = true                                      {product} {command line}

Logging:
Log output configuration:
 #0: stdout all=warning uptime,level,tags
 #1: stderr all=off uptime,level,tags

Environment Variables:
JAVA_HOME=C:\Program Files\Java\jdk-18.0.1
PATH=C:\Program Files\Common Files\Oracle\Java\javapath;C:\Program Files (x86)\Common Files\Oracle\Java\javapath;C:\Program Files (x86)\NVIDIA Corporation\PhysX\Common;C:\ProgramData\Oracle\Java\javapath;C:\WINDOWS\system32;C:\WINDOWS;C:\WINDOWS\System32\Wbem;C:\WINDOWS\System32\WindowsPowerShell\v1.0\;C:\Program Files (x86)\Skype\Phone\;C:\Program Files\WIDCOMM\Bluetooth Software\;C:\Program Files\WIDCOMM\Bluetooth Software\syswow64;C:\WINDOWS\System32\OpenSSH\;C:\Program Files\Git\cmd;C:\Program Files (x86)\nodejs\;C:\Program Files\apache-maven-3.8.5\bin;C:\Users\admin\AppData\Local\Microsoft\WindowsApps;C:\Program Files\Intel\WiFi\bin\;C:\Program Files\Common Files\Intel\WirelessCommon\;C:\Users\admin\AppData\Local\Programs\Microsoft VS Code\bin;C:\Users\admin\AppData\Roaming\npm;;C:\Program Files\apache-maven-3.8.5\bin;
USERNAME=admin
OS=Windows_NT
PROCESSOR_IDENTIFIER=Intel64 Family 6 Model 78 Stepping 3, GenuineIntel



---------------  S Y S T E M  ---------------

OS:
 Windows 10 , 64 bit Build 19041 (10.0.19041.1706)
OS uptime: 15 days 10:30 hours

CPU: total 4 (initial active 4) (2 cores per cpu, 2 threads per core) family 6 model 78 stepping 3 microcode 0xec, cx8, cmov, fxsr, ht, mmx, 3dnowpref, sse, sse2, sse3, ssse3, sse4.1, sse4.2, popcnt, lzcnt, tsc, tscinvbit, avx, avx2, aes, erms, clmul, bmi1, bmi2, rtm, adx, fma, vzeroupper, clflush, clflushopt

Memory: 4k page, system-wide physical 7856M (947M free)
TotalPageFile size 11856M (AvailPageFile size 2M)
current process WorkingSet (physical memory assigned to process): 149M, peak: 149M
current process commit charge ("private bytes"): 240M, peak: 240M

vm_info: OpenJDK 64-Bit Server VM (17.0.2+8) for windows-amd64 JRE (17.0.2+8), built on Jan 20 2022 04:52:34 by "" with MS VC++ 16.7 (VS2019)

END.
