#
# There is insufficient memory for the Java Runtime Environment to continue.
# Native memory allocation (mmap) failed to map 65536 bytes for Failed to commit metaspace.
# Possible reasons:
#   The system is out of physical RAM or swap space
#   The process is running with CompressedOops enabled, and the Java Heap may be blocking the growth of the native heap
# Possible solutions:
#   Reduce memory load on the system
#   Increase physical memory or swap space
#   Check if swap backing store is full
#   Decrease Java heap size (-Xmx/-Xms)
#   Decrease number of Java threads
#   Decrease Java thread stack sizes (-Xss)
#   Set larger code cache with -XX:ReservedCodeCacheSize=
#   JVM is running with Unscaled Compressed Oops mode in which the Java heap is
#     placed in the first 4GB address space. The Java Heap base address is the
#     maximum limit for the native heap growth. Please use -XX:HeapBaseMinAddress
#     to set the Java Heap base and to place the Java Heap above 4GB virtual address.
# This output file may be truncated or incomplete.
#
#  Out of Memory Error (virtualSpaceNode.cpp:110), pid=15020, tid=2916
#
# JRE version: OpenJDK Runtime Environment Temurin-17.0.2+8 (17.0.2+8) (build 17.0.2+8)
# Java VM: OpenJDK 64-Bit Server VM Temurin-17.0.2+8 (17.0.2+8, mixed mode, tiered, compressed oops, compressed class ptrs, parallel gc, windows-amd64)
# No core dump will be written. Minidumps are not enabled by default on client versions of Windows
#

---------------  S U M M A R Y ------------

Command Line: --add-modules=ALL-SYSTEM --add-opens=java.base/java.util=ALL-UNNAMED --add-opens=java.base/java.lang=ALL-UNNAMED --add-opens=java.base/sun.nio.fs=ALL-UNNAMED -Declipse.application=org.eclipse.jdt.ls.core.id1 -Dosgi.bundles.defaultStartLevel=4 -Declipse.product=org.eclipse.jdt.ls.core.product -Djava.import.generatesMetadataFilesAtProjectRoot=false -Dfile.encoding=utf8 -DwatchParentProcess=false -XX:+UseParallelGC -XX:GCTimeRatio=4 -XX:AdaptiveSizePolicyWeight=90 -Dsun.zip.disableMemoryMapping=true -Xmx1G -Xms100m c:\Users\admin\.vscode\extensions\redhat.java-1.6.0-win32-x64\server\plugins\org.eclipse.equinox.launcher_1.6.400.v20210924-0641.jar -configuration c:\Users\admin\AppData\Roaming\Code\User\globalStorage\redhat.java\1.6.0\config_ss_win -data c:\Users\admin\AppData\Roaming\Code\User\workspaceStorage\5651c2bef7803a3c371000bd4bbd2ad0\redhat.java\ss_ws

Host: Intel(R) Core(TM) i5-6300U CPU @ 2.40GHz, 4 cores, 7G,  Windows 10 , 64 bit Build 19041 (10.0.19041.1706)
Time: Fri May 27 10:33:48 2022 Eastern Daylight Time elapsed time: 5.905437 seconds (0d 0h 0m 5s)

---------------  T H R E A D  ---------------

Current thread (0x000001b0c24df260):  JavaThread "Start Level: Equinox Container: 59bd275e-4e97-44a5-a452-6cdc403b9960" daemon [_thread_in_vm, id=2916, stack(0x000000969a400000,0x000000969a500000)]

Stack: [0x000000969a400000,0x000000969a500000]
Native frames: (J=compiled Java code, j=interpreted, Vv=VM code, C=native code)
V  [jvm.dll+0x67564a]
V  [jvm.dll+0x82fc04]
V  [jvm.dll+0x8313ae]
V  [jvm.dll+0x831a13]
V  [jvm.dll+0x245235]
V  [jvm.dll+0x82bbab]
V  [jvm.dll+0x61a336]
V  [jvm.dll+0x61a39a]
V  [jvm.dll+0x61cbba]
V  [jvm.dll+0x61acd6]
V  [jvm.dll+0x242c8c]
V  [jvm.dll+0x6cb9ed]
V  [jvm.dll+0x6cc41f]
V  [jvm.dll+0x36f9b3]
V  [jvm.dll+0x36eb72]
V  [jvm.dll+0x36eb18]
V  [jvm.dll+0x37e90a]
C  0x000001b0ae8baf2e

Java frames: (J=compiled Java code, j=interpreted, Vv=VM code)
j  java.util.logging.Logger.<clinit>()V+16 java.logging@17.0.2
v  ~StubRoutines::call_stub
j  com.sun.jna.Native.<clinit>()V+5
v  ~StubRoutines::call_stub
j  org.eclipse.core.net.ProxyProvider.<clinit>()V+18
v  ~StubRoutines::call_stub
j  java.lang.Class.forName0(Ljava/lang/String;ZLjava/lang/ClassLoader;Ljava/lang/Class;)Ljava/lang/Class;+0 java.base@17.0.2
j  java.lang.Class.forName(Ljava/lang/String;)Ljava/lang/Class;+11 java.base@17.0.2
j  org.eclipse.core.internal.net.ProxyManager.<init>()V+63
j  org.eclipse.core.internal.net.ProxyManager.getProxyManager()Lorg/eclipse/core/net/proxy/IProxyService;+10
j  org.eclipse.core.internal.net.Activator.start(Lorg/osgi/framework/BundleContext;)V+98
j  org.eclipse.osgi.internal.framework.BundleContextImpl$2.run()Ljava/lang/Void;+23
j  org.eclipse.osgi.internal.framework.BundleContextImpl$2.run()Ljava/lang/Object;+1
J 987 c1 java.security.AccessController.executePrivileged(Ljava/security/PrivilegedExceptionAction;Ljava/security/AccessControlContext;Ljava/lang/Class;)Ljava/lang/Object; java.base@17.0.2 (65 bytes) @ 0x000001b0aefe9634 [0x000001b0aefe94e0+0x0000000000000154]
j  java.security.AccessController.doPrivileged(Ljava/security/PrivilegedExceptionAction;)Ljava/lang/Object;+9 java.base@17.0.2
j  org.eclipse.osgi.internal.framework.BundleContextImpl.startActivator(Lorg/osgi/framework/BundleActivator;)V+9
j  org.eclipse.osgi.internal.framework.BundleContextImpl.start()V+134
j  org.eclipse.osgi.internal.framework.EquinoxBundle.startWorker0()V+35
j  org.eclipse.osgi.internal.framework.EquinoxBundle$EquinoxModule.startWorker()V+4
j  org.eclipse.osgi.container.Module.doStart([Lorg/eclipse/osgi/container/Module$StartOptions;)Lorg/eclipse/osgi/container/ModuleContainerAdaptor$ModuleEvent;+190
J 1777 c1 org.eclipse.osgi.container.Module.start([Lorg/eclipse/osgi/container/Module$StartOptions;)V (655 bytes) @ 0x000001b0af1b0b24 [0x000001b0af1ae760+0x00000000000023c4]
J 1879 c1 org.eclipse.osgi.framework.util.SecureAction.start(Lorg/eclipse/osgi/container/Module;[Lorg/eclipse/osgi/container/Module$StartOptions;)V (61 bytes) @ 0x000001b0af1e1acc [0x000001b0af1e1640+0x000000000000048c]
J 1478 c1 org.eclipse.osgi.internal.hooks.EclipseLazyStarter.postFindLocalClass(Ljava/lang/String;Ljava/lang/Class;Lorg/eclipse/osgi/internal/loader/classpath/ClasspathManager;)V (394 bytes) @ 0x000001b0af0f95dc [0x000001b0af0f8660+0x0000000000000f7c]
J 1477 c1 org.eclipse.osgi.internal.loader.classpath.ClasspathManager.findLocalClass(Ljava/lang/String;)Ljava/lang/Class; (210 bytes) @ 0x000001b0af0f69d4 [0x000001b0af0f5a20+0x0000000000000fb4]
J 1475 c1 org.eclipse.osgi.internal.loader.BundleLoader.findLocalClass(Ljava/lang/String;)Ljava/lang/Class; (152 bytes) @ 0x000001b0af0f3b6c [0x000001b0af0f3320+0x000000000000084c]
J 1714 c1 org.eclipse.osgi.internal.loader.sources.SingleSourcePackage.loadClass(Ljava/lang/String;)Ljava/lang/Class; (9 bytes) @ 0x000001b0af18643c [0x000001b0af186340+0x00000000000000fc]
J 1448 c1 org.eclipse.osgi.internal.loader.BundleLoader.findClass0(Ljava/lang/String;Z)Ljava/lang/Class; (461 bytes) @ 0x000001b0af0e24fc [0x000001b0af0dff20+0x00000000000025dc]
J 1405 c1 org.eclipse.osgi.internal.loader.BundleLoader.findClass(Ljava/lang/String;)Ljava/lang/Class; (7 bytes) @ 0x000001b0af0b969c [0x000001b0af0b9620+0x000000000000007c]
J 1406 c1 org.eclipse.osgi.internal.loader.ModuleClassLoader.loadClass(Ljava/lang/String;Z)Ljava/lang/Class; (20 bytes) @ 0x000001b0af0b9afc [0x000001b0af0b99e0+0x000000000000011c]
J 659 c1 java.lang.ClassLoader.loadClass(Ljava/lang/String;)Ljava/lang/Class; java.base@17.0.2 (7 bytes) @ 0x000001b0aef49abc [0x000001b0aef499c0+0x00000000000000fc]
v  ~StubRoutines::call_stub
j  org.eclipse.jdt.ls.core.internal.JavaLanguageServerPlugin.configureProxy()V+492
j  org.eclipse.jdt.ls.core.internal.JavaLanguageServerPlugin.start(Lorg/osgi/framework/BundleContext;)V+517
j  org.eclipse.osgi.internal.framework.BundleContextImpl$2.run()Ljava/lang/Void;+23
j  org.eclipse.osgi.internal.framework.BundleContextImpl$2.run()Ljava/lang/Object;+1
J 987 c1 java.security.AccessController.executePrivileged(Ljava/security/PrivilegedExceptionAction;Ljava/security/AccessControlContext;Ljava/lang/Class;)Ljava/lang/Object; java.base@17.0.2 (65 bytes) @ 0x000001b0aefe9634 [0x000001b0aefe94e0+0x0000000000000154]
j  java.security.AccessController.doPrivileged(Ljava/security/PrivilegedExceptionAction;)Ljava/lang/Object;+9 java.base@17.0.2
j  org.eclipse.osgi.internal.framework.BundleContextImpl.startActivator(Lorg/osgi/framework/BundleActivator;)V+9
j  org.eclipse.osgi.internal.framework.BundleContextImpl.start()V+134
j  org.eclipse.osgi.internal.framework.EquinoxBundle.startWorker0()V+35
j  org.eclipse.osgi.internal.framework.EquinoxBundle$EquinoxModule.startWorker()V+4
j  org.eclipse.osgi.container.Module.doStart([Lorg/eclipse/osgi/container/Module$StartOptions;)Lorg/eclipse/osgi/container/ModuleContainerAdaptor$ModuleEvent;+190
j  org.eclipse.osgi.container.Module.start([Lorg/eclipse/osgi/container/Module$StartOptions;)V+460
j  org.eclipse.osgi.container.ModuleContainer$ContainerStartLevel$2.run()V+71
j  org.eclipse.osgi.internal.framework.EquinoxContainerAdaptor$1$1.execute(Ljava/lang/Runnable;)V+1
j  org.eclipse.osgi.container.ModuleContainer$ContainerStartLevel.incStartLevel(ILjava/util/List;Z)V+192
j  org.eclipse.osgi.container.ModuleContainer$ContainerStartLevel.incStartLevel(ILjava/util/List;Ljava/util/List;Ljava/util/List;Ljava/util/List;)V+19
j  org.eclipse.osgi.container.ModuleContainer$ContainerStartLevel.doContainerStartLevel(Lorg/eclipse/osgi/container/Module;I[Lorg/osgi/framework/FrameworkListener;)V+349
j  org.eclipse.osgi.container.ModuleContainer$ContainerStartLevel.dispatchEvent(Lorg/eclipse/osgi/container/Module;[Lorg/osgi/framework/FrameworkListener;ILjava/lang/Integer;)V+32
j  org.eclipse.osgi.container.ModuleContainer$ContainerStartLevel.dispatchEvent(Ljava/lang/Object;Ljava/lang/Object;ILjava/lang/Object;)V+15
j  org.eclipse.osgi.framework.eventmgr.EventManager.dispatchEvent(Ljava/util/Set;Lorg/eclipse/osgi/framework/eventmgr/EventDispatcher;ILjava/lang/Object;)V+48
j  org.eclipse.osgi.framework.eventmgr.EventManager$EventThread.run()V+26
v  ~StubRoutines::call_stub

---------------  P R O C E S S  ---------------

Threads class SMR info:
_java_thread_list=0x000001b0c4304180, length=21, elements={
0x000001b0aa41d3c0, 0x000001b0c0191b70, 0x000001b0c01928f0, 0x000001b0c01ba040,
0x000001b0c01badc0, 0x000001b0c01bbb40, 0x000001b0c01bf580, 0x000001b0c01c1180,
0x000001b0c01d5010, 0x000001b0c1c30020, 0x000001b0aa4de2d0, 0x000001b0c1e303d0,
0x000001b0c22b6150, 0x000001b0c24de870, 0x000001b0c24df260, 0x000001b0c2375470,
0x000001b0c2572cb0, 0x000001b0c2638c80, 0x000001b0c2751a20, 0x000001b0c259d7c0,
0x000001b0c1f10030
}

Java Threads: ( => current thread )
  0x000001b0aa41d3c0 JavaThread "main" [_thread_blocked, id=10380, stack(0x0000009699200000,0x0000009699300000)]
  0x000001b0c0191b70 JavaThread "Reference Handler" daemon [_thread_blocked, id=15216, stack(0x0000009699500000,0x0000009699600000)]
  0x000001b0c01928f0 JavaThread "Finalizer" daemon [_thread_blocked, id=6464, stack(0x0000009699600000,0x0000009699700000)]
  0x000001b0c01ba040 JavaThread "Signal Dispatcher" daemon [_thread_blocked, id=13048, stack(0x0000009699700000,0x0000009699800000)]
  0x000001b0c01badc0 JavaThread "Attach Listener" daemon [_thread_blocked, id=11168, stack(0x0000009699800000,0x0000009699900000)]
  0x000001b0c01bbb40 JavaThread "Service Thread" daemon [_thread_blocked, id=9480, stack(0x0000009699900000,0x0000009699a00000)]
  0x000001b0c01bf580 JavaThread "Monitor Deflation Thread" daemon [_thread_blocked, id=13896, stack(0x0000009699a00000,0x0000009699b00000)]
  0x000001b0c01c1180 JavaThread "C2 CompilerThread0" daemon [_thread_blocked, id=14404, stack(0x0000009699b00000,0x0000009699c00000)]
  0x000001b0c01d5010 JavaThread "C1 CompilerThread0" daemon [_thread_blocked, id=11248, stack(0x0000009699c00000,0x0000009699d00000)]
  0x000001b0c1c30020 JavaThread "Sweeper thread" daemon [_thread_blocked, id=1148, stack(0x0000009699d00000,0x0000009699e00000)]
  0x000001b0aa4de2d0 JavaThread "Common-Cleaner" daemon [_thread_blocked, id=14760, stack(0x0000009699e00000,0x0000009699f00000)]
  0x000001b0c1e303d0 JavaThread "Notification Thread" daemon [_thread_blocked, id=10864, stack(0x0000009699f00000,0x000000969a000000)]
  0x000001b0c22b6150 JavaThread "Active Thread: Equinox Container: 59bd275e-4e97-44a5-a452-6cdc403b9960" [_thread_blocked, id=10624, stack(0x000000969a200000,0x000000969a300000)]
  0x000001b0c24de870 JavaThread "Framework Event Dispatcher: Equinox Container: 59bd275e-4e97-44a5-a452-6cdc403b9960" daemon [_thread_blocked, id=12940, stack(0x000000969a300000,0x000000969a400000)]
=>0x000001b0c24df260 JavaThread "Start Level: Equinox Container: 59bd275e-4e97-44a5-a452-6cdc403b9960" daemon [_thread_in_vm, id=2916, stack(0x000000969a400000,0x000000969a500000)]
  0x000001b0c2375470 JavaThread "SCR Component Actor" daemon [_thread_blocked, id=16516, stack(0x000000969a500000,0x000000969a600000)]
  0x000001b0c2572cb0 JavaThread "Timer-0" [_thread_blocked, id=10636, stack(0x000000969a100000,0x000000969a200000)]
  0x000001b0c2638c80 JavaThread "Worker-JM" [_thread_blocked, id=13932, stack(0x000000969a900000,0x000000969aa00000)]
  0x000001b0c2751a20 JavaThread "Worker-0" [_thread_blocked, id=15944, stack(0x000000969aa00000,0x000000969ab00000)]
  0x000001b0c259d7c0 JavaThread "Worker-1" [_thread_blocked, id=5516, stack(0x000000969ab00000,0x000000969ac00000)]
  0x000001b0c1f10030 JavaThread "C2 CompilerThread1" daemon [_thread_blocked, id=5924, stack(0x000000969ac00000,0x000000969ad00000)]

Other Threads:
  0x000001b0c01775a0 VMThread "VM Thread" [stack: 0x0000009699400000,0x0000009699500000] [id=9348]
  0x000001b0c1e30cb0 WatcherThread [stack: 0x000000969a000000,0x000000969a100000] [id=7040]
  0x000001b0aa435220 GCTaskThread "GC Thread#0" [stack: 0x0000009699300000,0x0000009699400000] [id=12976]
  0x000001b0c2375940 GCTaskThread "GC Thread#1" [stack: 0x000000969a600000,0x000000969a700000] [id=10296]
  0x000001b0c1ff5860 GCTaskThread "GC Thread#2" [stack: 0x000000969a700000,0x000000969a800000] [id=1484]
  0x000001b0c259ec30 GCTaskThread "GC Thread#3" [stack: 0x000000969a800000,0x000000969a900000] [id=7228]

Threads with active compile tasks:

VM state: not at safepoint (normal execution)

VM Mutex/Monitor currently owned by a thread:  ([mutex/lock_event])
[0x000001b0aa4179f0] Metaspace_lock - owner thread: 0x000001b0c24df260

Heap address: 0x00000000c0000000, size: 1024 MB, Compressed Oops mode: 32-bit

CDS archive(s) not mapped
Compressed class space mapped at: 0x0000000100000000-0x0000000140000000, reserved size: 1073741824
Narrow klass base: 0x0000000000000000, Narrow klass shift: 3, Narrow klass range: 0x140000000

GC Precious Log:
 CPUs: 4 total, 4 available
 Memory: 7856M
 Large Page Support: Disabled
 NUMA Support: Disabled
 Compressed Oops: Enabled (32-bit)
 Alignments: Space 512K, Generation 512K, Heap 2M
 Heap Min Capacity: 100M
 Heap Initial Capacity: 100M
 Heap Max Capacity: 1G
 Pre-touch: Disabled
 Parallel Workers: 4

Heap:
 PSYoungGen      total 29696K, used 23004K [0x00000000eab00000, 0x00000000ecc00000, 0x0000000100000000)
  eden space 25600K, 89% used [0x00000000eab00000,0x00000000ec177308,0x00000000ec400000)
  from space 4096K, 0% used [0x00000000ec800000,0x00000000ec800000,0x00000000ecc00000)
  to   space 4096K, 0% used [0x00000000ec400000,0x00000000ec400000,0x00000000ec800000)
 ParOldGen       total 68608K, used 6665K [0x00000000c0000000, 0x00000000c4300000, 0x00000000eab00000)
  object space 68608K, 9% used [0x00000000c0000000,0x00000000c0682470,0x00000000c4300000)
 Metaspace       used 27500K, committed 27968K, reserved 1081344K
  class space    used 2705K, committed 2944K, reserved 1048576K

Card table byte_map: [0x000001b0bda80000,0x000001b0bdc90000] _byte_map_base: 0x000001b0bd480000

Marking Bits: (ParMarkBitMap*) 0x00007fffa81c3af0
 Begin Bits: [0x000001b0bddf0000, 0x000001b0bedf0000)
 End Bits:   [0x000001b0bedf0000, 0x000001b0bfdf0000)

Polling page: 0x000001b0aa500000

Metaspace:

Usage:
  Non-class:     24.21 MB used.
      Class:      2.64 MB used.
       Both:     26.86 MB used.

Virtual space:
  Non-class space:       32.00 MB reserved,      24.44 MB ( 76%) committed,  4 nodes.
      Class space:        1.00 GB reserved,       2.88 MB ( <1%) committed,  1 nodes.
             Both:        1.03 GB reserved,      27.31 MB (  3%) committed. 

Chunk freelists:
   Non-Class:  2.73 MB
       Class:  992.00 KB
        Both:  3.70 MB

MaxMetaspaceSize: unlimited
CompressedClassSpaceSize: 1.00 GB
Initial GC threshold: 21.00 MB
Current GC threshold: 35.00 MB
CDS: off
MetaspaceReclaimPolicy: balanced
 - commit_granule_bytes: 65536.
 - commit_granule_words: 8192.
 - virtual_space_node_default_size: 1048576.
 - enlarge_chunks_in_place: 1.
 - new_chunks_are_fully_committed: 0.
 - uncommit_free_chunks: 1.
 - use_allocation_guard: 0.
 - handle_deallocations: 1.


Internal statistics:

num_allocs_failed_limit: 3.
num_arena_births: 168.
num_arena_deaths: 0.
num_vsnodes_births: 5.
num_vsnodes_deaths: 0.
num_space_committed: 437.
num_space_uncommitted: 0.
num_chunks_returned_to_freelist: 3.
num_chunks_taken_from_freelist: 859.
num_chunk_merges: 3.
num_chunk_splits: 597.
num_chunks_enlarged: 449.
num_purges: 0.
num_inconsistent_stats: 0.

CodeHeap 'non-profiled nmethods': size=120000Kb used=725Kb max_used=725Kb free=119274Kb
 bounds [0x000001b0b6370000, 0x000001b0b65e0000, 0x000001b0bd8a0000]
CodeHeap 'profiled nmethods': size=120000Kb used=4286Kb max_used=4286Kb free=115713Kb
 bounds [0x000001b0aee40000, 0x000001b0af270000, 0x000001b0b6370000]
CodeHeap 'non-nmethods': size=5760Kb used=1229Kb max_used=1244Kb free=4530Kb
 bounds [0x000001b0ae8a0000, 0x000001b0aeb10000, 0x000001b0aee40000]
 total_blobs=2694 nmethods=2149 adapters=459
 compilation: enabled
              stopped_count=0, restarted_count=0
 full_count=0

Compilation events (20 events):
Event: 5.771 Thread 0x000001b0c01d5010 nmethod 2138 0x000001b0b6422910 code [0x000001b0b6422aa0, 0x000001b0b6422b78]
Event: 5.771 Thread 0x000001b0c01d5010 2131       3       com.sun.org.apache.xerces.internal.util.ParserConfigurationSettings::getProperty (31 bytes)
Event: 5.771 Thread 0x000001b0c01d5010 nmethod 2131 0x000001b0af26c610 code [0x000001b0af26c7e0, 0x000001b0af26cb18]
Event: 5.773 Thread 0x000001b0c1f10030 nmethod 2141 0x000001b0b6422c10 code [0x000001b0b6422da0, 0x000001b0b6423148]
Event: 5.790 Thread 0x000001b0c01d5010 2142       3       java.util.regex.Pattern::isSupplementary (21 bytes)
Event: 5.790 Thread 0x000001b0c01d5010 nmethod 2142 0x000001b0af26cc90 code [0x000001b0af26ce40, 0x000001b0af26d0b8]
Event: 5.808 Thread 0x000001b0c1f10030 2143       4       java.util.Collections$UnmodifiableCollection$1::next (10 bytes)
Event: 5.810 Thread 0x000001b0c1f10030 nmethod 2143 0x000001b0b6423310 code [0x000001b0b64234a0, 0x000001b0b6423638]
Event: 5.811 Thread 0x000001b0c01c1180 2144       4       java.util.HashSet::add (20 bytes)
Event: 5.829 Thread 0x000001b0c1f10030 2145       4       java.util.Collections$UnmodifiableCollection$1::hasNext (10 bytes)
Event: 5.830 Thread 0x000001b0c1f10030 nmethod 2145 0x000001b0b6423810 code [0x000001b0b6423980, 0x000001b0b6423a18]
Event: 5.837 Thread 0x000001b0c01d5010 2146       3       org.eclipse.core.internal.registry.RegistryObjectManager::basicGetObject (52 bytes)
Event: 5.838 Thread 0x000001b0c01d5010 nmethod 2146 0x000001b0af26d190 code [0x000001b0af26d380, 0x000001b0af26d718]
Event: 5.841 Thread 0x000001b0c01c1180 nmethod 2144 0x000001b0b6423b10 code [0x000001b0b6423d80, 0x000001b0b6424b80]
Event: 5.842 Thread 0x000001b0c01d5010 2147       3       java.util.ImmutableCollections$Set12::<init> (53 bytes)
Event: 5.843 Thread 0x000001b0c01d5010 nmethod 2147 0x000001b0af26d910 code [0x000001b0af26dbc0, 0x000001b0af26e7c8]
Event: 5.896 Thread 0x000001b0c01d5010 2148       3       java.lang.invoke.DirectMethodHandle::preparedLambdaForm (31 bytes)
Event: 5.897 Thread 0x000001b0c01d5010 nmethod 2148 0x000001b0af26ec10 code [0x000001b0af26ee00, 0x000001b0af26f288]
Event: 5.897 Thread 0x000001b0c01d5010 2149       3       java.util.Arrays::hashCode (56 bytes)
Event: 5.897 Thread 0x000001b0c01d5010 nmethod 2149 0x000001b0af26f490 code [0x000001b0af26f640, 0x000001b0af26f9a8]

GC Heap History (6 events):
Event: 2.448 GC heap before
{Heap before GC invocations=1 (full 0):
 PSYoungGen      total 29696K, used 25600K [0x00000000eab00000, 0x00000000ecc00000, 0x0000000100000000)
  eden space 25600K, 100% used [0x00000000eab00000,0x00000000ec400000,0x00000000ec400000)
  from space 4096K, 0% used [0x00000000ec800000,0x00000000ec800000,0x00000000ecc00000)
  to   space 4096K, 0% used [0x00000000ec400000,0x00000000ec400000,0x00000000ec800000)
 ParOldGen       total 68608K, used 0K [0x00000000c0000000, 0x00000000c4300000, 0x00000000eab00000)
  object space 68608K, 0% used [0x00000000c0000000,0x00000000c0000000,0x00000000c4300000)
 Metaspace       used 13189K, committed 13440K, reserved 1064960K
  class space    used 1341K, committed 1472K, reserved 1048576K
}
Event: 2.470 GC heap after
{Heap after GC invocations=1 (full 0):
 PSYoungGen      total 29696K, used 3967K [0x00000000eab00000, 0x00000000ecc00000, 0x0000000100000000)
  eden space 25600K, 0% used [0x00000000eab00000,0x00000000eab00000,0x00000000ec400000)
  from space 4096K, 96% used [0x00000000ec400000,0x00000000ec7dfd48,0x00000000ec800000)
  to   space 4096K, 0% used [0x00000000ec800000,0x00000000ec800000,0x00000000ecc00000)
 ParOldGen       total 68608K, used 0K [0x00000000c0000000, 0x00000000c4300000, 0x00000000eab00000)
  object space 68608K, 0% used [0x00000000c0000000,0x00000000c0000000,0x00000000c4300000)
 Metaspace       used 13189K, committed 13440K, reserved 1064960K
  class space    used 1341K, committed 1472K, reserved 1048576K
}
Event: 3.947 GC heap before
{Heap before GC invocations=2 (full 0):
 PSYoungGen      total 29696K, used 21159K [0x00000000eab00000, 0x00000000ecc00000, 0x0000000100000000)
  eden space 25600K, 67% used [0x00000000eab00000,0x00000000ebbca158,0x00000000ec400000)
  from space 4096K, 96% used [0x00000000ec400000,0x00000000ec7dfd48,0x00000000ec800000)
  to   space 4096K, 0% used [0x00000000ec800000,0x00000000ec800000,0x00000000ecc00000)
 ParOldGen       total 68608K, used 0K [0x00000000c0000000, 0x00000000c4300000, 0x00000000eab00000)
  object space 68608K, 0% used [0x00000000c0000000,0x00000000c0000000,0x00000000c4300000)
 Metaspace       used 21099K, committed 21504K, reserved 1073152K
  class space    used 2131K, committed 2368K, reserved 1048576K
}
Event: 3.960 GC heap after
{Heap after GC invocations=2 (full 0):
 PSYoungGen      total 29696K, used 4090K [0x00000000eab00000, 0x00000000ecc00000, 0x0000000100000000)
  eden space 25600K, 0% used [0x00000000eab00000,0x00000000eab00000,0x00000000ec400000)
  from space 4096K, 99% used [0x00000000ec800000,0x00000000ecbfeaa0,0x00000000ecc00000)
  to   space 4096K, 0% used [0x00000000ec400000,0x00000000ec400000,0x00000000ec800000)
 ParOldGen       total 68608K, used 2646K [0x00000000c0000000, 0x00000000c4300000, 0x00000000eab00000)
  object space 68608K, 3% used [0x00000000c0000000,0x00000000c0295ac0,0x00000000c4300000)
 Metaspace       used 21099K, committed 21504K, reserved 1073152K
  class space    used 2131K, committed 2368K, reserved 1048576K
}
Event: 3.960 GC heap before
{Heap before GC invocations=3 (full 1):
 PSYoungGen      total 29696K, used 4090K [0x00000000eab00000, 0x00000000ecc00000, 0x0000000100000000)
  eden space 25600K, 0% used [0x00000000eab00000,0x00000000eab00000,0x00000000ec400000)
  from space 4096K, 99% used [0x00000000ec800000,0x00000000ecbfeaa0,0x00000000ecc00000)
  to   space 4096K, 0% used [0x00000000ec400000,0x00000000ec400000,0x00000000ec800000)
 ParOldGen       total 68608K, used 2646K [0x00000000c0000000, 0x00000000c4300000, 0x00000000eab00000)
  object space 68608K, 3% used [0x00000000c0000000,0x00000000c0295ac0,0x00000000c4300000)
 Metaspace       used 21099K, committed 21504K, reserved 1073152K
  class space    used 2131K, committed 2368K, reserved 1048576K
}
Event: 4.000 GC heap after
{Heap after GC invocations=3 (full 1):
 PSYoungGen      total 29696K, used 0K [0x00000000eab00000, 0x00000000ecc00000, 0x0000000100000000)
  eden space 25600K, 0% used [0x00000000eab00000,0x00000000eab00000,0x00000000ec400000)
  from space 4096K, 0% used [0x00000000ec800000,0x00000000ec800000,0x00000000ecc00000)
  to   space 4096K, 0% used [0x00000000ec400000,0x00000000ec400000,0x00000000ec800000)
 ParOldGen       total 68608K, used 6665K [0x00000000c0000000, 0x00000000c4300000, 0x00000000eab00000)
  object space 68608K, 9% used [0x00000000c0000000,0x00000000c0682470,0x00000000c4300000)
 Metaspace       used 21099K, committed 21504K, reserved 1073152K
  class space    used 2131K, committed 2368K, reserved 1048576K
}

Deoptimization events (20 events):
Event: 5.808 Thread 0x000001b0c24df260 Uncommon trap: trap_request=0xffffffc6 fr.pc=0x000001b0b63e4d68 relative=0x00000000000001c8
Event: 5.808 Thread 0x000001b0c24df260 Uncommon trap: reason=bimorphic_or_optimized_type_check action=maybe_recompile pc=0x000001b0b63e4d68 method=java.util.Collections$UnmodifiableCollection$1.next()Ljava/lang/Object; @ 4 c2
Event: 5.808 Thread 0x000001b0c24df260 DEOPT PACKING pc=0x000001b0b63e4d68 sp=0x000000969a4fd2f0
Event: 5.808 Thread 0x000001b0c24df260 DEOPT UNPACKING pc=0x000001b0ae8f20a3 sp=0x000000969a4fd2a0 mode 2
Event: 5.808 Thread 0x000001b0c24df260 Uncommon trap: trap_request=0xffffffc6 fr.pc=0x000001b0b63e2840 relative=0x00000000000000a0
Event: 5.808 Thread 0x000001b0c24df260 Uncommon trap: reason=bimorphic_or_optimized_type_check action=maybe_recompile pc=0x000001b0b63e2840 method=java.util.Collections$UnmodifiableCollection$1.hasNext()Z @ 4 c2
Event: 5.808 Thread 0x000001b0c24df260 DEOPT PACKING pc=0x000001b0b63e2840 sp=0x000000969a4fd310
Event: 5.808 Thread 0x000001b0c24df260 DEOPT UNPACKING pc=0x000001b0ae8f20a3 sp=0x000000969a4fd2a0 mode 2
Event: 5.808 Thread 0x000001b0c24df260 Uncommon trap: trap_request=0xffffffc6 fr.pc=0x000001b0b63e4d68 relative=0x00000000000001c8
Event: 5.808 Thread 0x000001b0c24df260 Uncommon trap: reason=bimorphic_or_optimized_type_check action=maybe_recompile pc=0x000001b0b63e4d68 method=java.util.Collections$UnmodifiableCollection$1.next()Ljava/lang/Object; @ 4 c2
Event: 5.808 Thread 0x000001b0c24df260 DEOPT PACKING pc=0x000001b0b63e4d68 sp=0x000000969a4fd2f0
Event: 5.808 Thread 0x000001b0c24df260 DEOPT UNPACKING pc=0x000001b0ae8f20a3 sp=0x000000969a4fd2a0 mode 2
Event: 5.808 Thread 0x000001b0c24df260 Uncommon trap: trap_request=0xffffffc6 fr.pc=0x000001b0b63e2840 relative=0x00000000000000a0
Event: 5.808 Thread 0x000001b0c24df260 Uncommon trap: reason=bimorphic_or_optimized_type_check action=maybe_recompile pc=0x000001b0b63e2840 method=java.util.Collections$UnmodifiableCollection$1.hasNext()Z @ 4 c2
Event: 5.808 Thread 0x000001b0c24df260 DEOPT PACKING pc=0x000001b0b63e2840 sp=0x000000969a4fd310
Event: 5.808 Thread 0x000001b0c24df260 DEOPT UNPACKING pc=0x000001b0ae8f20a3 sp=0x000000969a4fd2a0 mode 2
Event: 5.808 Thread 0x000001b0c24df260 Uncommon trap: trap_request=0xffffffc6 fr.pc=0x000001b0b63e4d68 relative=0x00000000000001c8
Event: 5.808 Thread 0x000001b0c24df260 Uncommon trap: reason=bimorphic_or_optimized_type_check action=maybe_recompile pc=0x000001b0b63e4d68 method=java.util.Collections$UnmodifiableCollection$1.next()Ljava/lang/Object; @ 4 c2
Event: 5.808 Thread 0x000001b0c24df260 DEOPT PACKING pc=0x000001b0b63e4d68 sp=0x000000969a4fd2f0
Event: 5.808 Thread 0x000001b0c24df260 DEOPT UNPACKING pc=0x000001b0ae8f20a3 sp=0x000000969a4fd2a0 mode 2

Classes unloaded (0 events):
No events

Classes redefined (0 events):
No events

Internal exceptions (20 events):
Event: 1.499 Thread 0x000001b0aa41d3c0 Exception <a 'java/lang/NoSuchMethodError'{0x00000000eb8434e0}: 'void java.lang.invoke.DirectMethodHandle$Holder.invokeStaticInit(java.lang.Object, java.lang.Object)'> (0x00000000eb8434e0) 
thrown [e:\jenkins\tmp\workspace\build\src\src\hotspot\share\interpreter\linkResolver.cpp, line 766]
Event: 1.503 Thread 0x000001b0aa41d3c0 Exception <a 'java/lang/NoSuchMethodError'{0x00000000eb849060}: 'int java.lang.invoke.DirectMethodHandle$Holder.invokeStaticInit(java.lang.Object, java.lang.Object)'> (0x00000000eb849060) 
thrown [e:\jenkins\tmp\workspace\build\src\src\hotspot\share\interpreter\linkResolver.cpp, line 766]
Event: 1.540 Thread 0x000001b0aa41d3c0 Exception <a 'java/lang/NoSuchMethodError'{0x00000000eb89c1b8}: 'java.lang.Object java.lang.invoke.DirectMethodHandle$Holder.invokeStaticInit(java.lang.Object, int, int, int, int)'> (0x00000000eb89c1b8) 
thrown [e:\jenkins\tmp\workspace\build\src\src\hotspot\share\interpreter\linkResolver.cpp, line 766]
Event: 1.628 Thread 0x000001b0aa41d3c0 Exception <a 'java/lang/NoSuchMethodError'{0x00000000eb8e48c8}: 'java.lang.Object java.lang.invoke.DirectMethodHandle$Holder.invokeStaticInit(java.lang.Object, java.lang.Object, int, int, int, int)'> (0x00000000eb8e48c8) 
thrown [e:\jenkins\tmp\workspace\build\src\src\hotspot\share\interpreter\linkResolver.cpp, line 766]
Event: 1.662 Thread 0x000001b0aa41d3c0 Exception <a 'java/lang/NoSuchMethodError'{0x00000000eb95c250}: 'void java.lang.invoke.DirectMethodHandle$Holder.invokeSpecial(java.lang.Object, java.lang.Object, java.lang.Object)'> (0x00000000eb95c250) 
thrown [e:\jenkins\tmp\workspace\build\src\src\hotspot\share\interpreter\linkResolver.cpp, line 766]
Event: 2.111 Thread 0x000001b0aa41d3c0 Exception <a 'java/lang/NoSuchMethodError'{0x00000000ebed2730}: 'java.lang.Object java.lang.invoke.DirectMethodHandle$Holder.newInvokeSpecial(java.lang.Object, int, java.lang.Object)'> (0x00000000ebed2730) 
thrown [e:\jenkins\tmp\workspace\build\src\src\hotspot\share\interpreter\linkResolver.cpp, line 766]
Event: 2.335 Thread 0x000001b0aa41d3c0 Exception <a 'java/lang/UnsatisfiedLinkError'{0x00000000ec1db940}: 'void org.eclipse.equinox.launcher.JNIBridge._update_splash()'> (0x00000000ec1db940) 
thrown [e:\jenkins\tmp\workspace\build\src\src\hotspot\share\prims\nativeLookup.cpp, line 543]
Event: 2.412 Thread 0x000001b0c24df260 Exception <a 'java/lang/NoSuchMethodError'{0x00000000ec38b8f0}: 'java.lang.Object java.lang.invoke.DirectMethodHandle$Holder.invokeStaticInit(java.lang.Object)'> (0x00000000ec38b8f0) 
thrown [e:\jenkins\tmp\workspace\build\src\src\hotspot\share\interpreter\linkResolver.cpp, line 766]
Event: 2.743 Thread 0x000001b0c24df260 Exception <a 'java/io/FileNotFoundException'{0x00000000eaeb86e0}> (0x00000000eaeb86e0) 
thrown [e:\jenkins\tmp\workspace\build\src\src\hotspot\share\prims\jni.cpp, line 516]
Event: 3.272 Thread 0x000001b0c24df260 Exception <a 'java/lang/NoSuchMethodError'{0x00000000eb31e8b0}: 'void java.lang.invoke.DirectMethodHandle$Holder.invokeInterface(java.lang.Object, java.lang.Object, java.lang.Object)'> (0x00000000eb31e8b0) 
thrown [e:\jenkins\tmp\workspace\build\src\src\hotspot\share\interpreter\linkResolver.cpp, line 766]
Event: 3.437 Thread 0x000001b0c24df260 Exception <a 'java/lang/NoSuchMethodError'{0x00000000eb4b7270}: 'java.lang.Object java.lang.invoke.Invokers$Holder.invokeExact_MT(java.lang.Object, java.lang.Object, java.lang.Object, java.lang.Object, java.lang.Object, java.lang.Object)'> (0x00000000eb4b7270) 
thrown [e:\jenkins\tmp\workspace\build\src\src\hotspot\share\interpreter\linkResolver.cpp, line 766]
Event: 3.456 Thread 0x000001b0c24df260 Exception <a 'java/io/FileNotFoundException'{0x00000000eb4fc710}> (0x00000000eb4fc710) 
thrown [e:\jenkins\tmp\workspace\build\src\src\hotspot\share\prims\jni.cpp, line 516]
Event: 3.717 Thread 0x000001b0c24df260 Exception <a 'java/lang/NoSuchMethodError'{0x00000000eb8554d0}: 'int java.lang.invoke.DirectMethodHandle$Holder.invokeStaticInit(java.lang.Object, java.lang.Object, java.lang.Object)'> (0x00000000eb8554d0) 
thrown [e:\jenkins\tmp\workspace\build\src\src\hotspot\share\interpreter\linkResolver.cpp, line 766]
Event: 3.740 Thread 0x000001b0c24df260 Exception <a 'java/lang/IncompatibleClassChangeError'{0x00000000eb8a8a38}: Found class java.lang.Object, but interface was expected> (0x00000000eb8a8a38) 
thrown [e:\jenkins\tmp\workspace\build\src\src\hotspot\share\interpreter\linkResolver.cpp, line 833]
Event: 4.779 Thread 0x000001b0c24df260 Exception <a 'java/lang/ClassNotFoundException'{0x00000000ebc2bae0}: com/sun/org/apache/xerces/internal/impl/msg/spi/DOMMessagesProvider> (0x00000000ebc2bae0) 
thrown [e:\jenkins\tmp\workspace\build\src\src\hotspot\share\classfile\systemDictionary.cpp, line 256]
Event: 4.784 Thread 0x000001b0c24df260 Implicit null exception at 0x000001b0b640918d to 0x000001b0b6409e7c
Event: 4.786 Thread 0x000001b0c24df260 Exception <a 'java/lang/ClassNotFoundException'{0x00000000ebc45288}: com/sun/org/apache/xerces/internal/impl/msg/spi/XMLSerializerMessagesProvider> (0x00000000ebc45288) 
thrown [e:\jenkins\tmp\workspace\build\src\src\hotspot\share\classfile\systemDictionary.cpp, line 256]
Event: 4.788 Thread 0x000001b0c24df260 Exception <a 'java/lang/ClassNotFoundException'{0x00000000ebc52560}: com/sun/org/apache/xerces/internal/impl/msg/spi/XMLMessagesProvider> (0x00000000ebc52560) 
thrown [e:\jenkins\tmp\workspace\build\src\src\hotspot\share\classfile\systemDictionary.cpp, line 256]
Event: 5.608 Thread 0x000001b0c24df260 Exception <a 'java/lang/ClassNotFoundException'{0x00000000ebecea28}: com/sun/org/apache/xml/internal/serializer/spi/XMLEntitiesProvider> (0x00000000ebecea28) 
thrown [e:\jenkins\tmp\workspace\build\src\src\hotspot\share\classfile\systemDictionary.cpp, line 256]
Event: 5.840 Thread 0x000001b0c24df260 Exception <a 'java/io/FileNotFoundException'{0x00000000ec0db540}> (0x00000000ec0db540) 
thrown [e:\jenkins\tmp\workspace\build\src\src\hotspot\share\prims\jni.cpp, line 516]

VM Operations (20 events):
Event: 2.448 Executing VM operation: ParallelGCFailedAllocation
Event: 2.470 Executing VM operation: ParallelGCFailedAllocation done
Event: 2.488 Executing VM operation: HandshakeAllThreads
Event: 2.488 Executing VM operation: HandshakeAllThreads done
Event: 3.080 Executing VM operation: HandshakeAllThreads
Event: 3.080 Executing VM operation: HandshakeAllThreads done
Event: 3.213 Executing VM operation: HandshakeAllThreads
Event: 3.213 Executing VM operation: HandshakeAllThreads done
Event: 3.220 Executing VM operation: HandshakeAllThreads
Event: 3.220 Executing VM operation: HandshakeAllThreads done
Event: 3.946 Executing VM operation: CollectForMetadataAllocation
Event: 4.001 Executing VM operation: CollectForMetadataAllocation done
Event: 4.843 Executing VM operation: HandshakeAllThreads
Event: 4.964 Executing VM operation: HandshakeAllThreads done
Event: 4.973 Executing VM operation: HandshakeAllThreads
Event: 4.973 Executing VM operation: HandshakeAllThreads done
Event: 5.672 Executing VM operation: HandshakeAllThreads
Event: 5.672 Executing VM operation: HandshakeAllThreads done
Event: 5.672 Executing VM operation: Cleanup
Event: 5.672 Executing VM operation: Cleanup done

Events (20 events):
Event: 5.759 loading class com/sun/org/apache/xml/internal/serializer/WriterChain done
Event: 5.759 loading class com/sun/org/apache/xml/internal/serializer/WriterToUTF8Buffered done
Event: 5.759 loading class com/sun/org/apache/xml/internal/serializer/WriterToASCI
Event: 5.759 loading class com/sun/org/apache/xml/internal/serializer/WriterToASCI done
Event: 5.807 loading class java/lang/StackTraceElement$HashedModules
Event: 5.808 loading class java/lang/StackTraceElement$HashedModules done
Event: 5.828 loading class java/io/FileOutputStream$1
Event: 5.828 loading class java/io/FileOutputStream$1 done
Event: 5.890 loading class java/nio/charset/IllegalCharsetNameException
Event: 5.890 loading class java/nio/charset/IllegalCharsetNameException done
Event: 5.894 loading class java/util/logging/Logger
Event: 5.894 loading class java/util/logging/Logger done
Event: 5.895 loading class java/util/logging/Handler
Event: 5.895 loading class java/util/logging/Handler done
Event: 5.895 loading class java/util/logging/Level
Event: 5.895 loading class java/util/logging/Level done
Event: 5.895 loading class java/util/logging/Level$KnownLevel
Event: 5.895 loading class java/util/logging/Level$KnownLevel done
Event: 5.900 loading class java/util/logging/Logger$LoggerBundle
Event: 5.900 loading class java/util/logging/Logger$LoggerBundle done


Dynamic libraries:
0x00007ff694b40000 - 0x00007ff694b4e000 	c:\Users\admin\.vscode\extensions\redhat.java-1.6.0-win32-x64\jre\17.0.2-win32-x86_64\bin\java.exe
0x00007fffdd6d0000 - 0x00007fffdd8c5000 	C:\WINDOWS\SYSTEM32\ntdll.dll
0x00007fffdb9f0000 - 0x00007fffdbaad000 	C:\WINDOWS\System32\KERNEL32.DLL
0x00007fffdb240000 - 0x00007fffdb50d000 	C:\WINDOWS\System32\KERNELBASE.dll
0x00007fffdb140000 - 0x00007fffdb240000 	C:\WINDOWS\System32\ucrtbase.dll
0x00007fffd85e0000 - 0x00007fffd85f8000 	c:\Users\admin\.vscode\extensions\redhat.java-1.6.0-win32-x64\jre\17.0.2-win32-x86_64\bin\jli.dll
0x00007fffdcb30000 - 0x00007fffdccd0000 	C:\WINDOWS\System32\USER32.dll
0x00007fffdade0000 - 0x00007fffdae02000 	C:\WINDOWS\System32\win32u.dll
0x00007fffdc880000 - 0x00007fffdc8aa000 	C:\WINDOWS\System32\GDI32.dll
0x00007fffdb510000 - 0x00007fffdb61b000 	C:\WINDOWS\System32\gdi32full.dll
0x00007fffdae10000 - 0x00007fffdaead000 	C:\WINDOWS\System32\msvcp_win.dll
0x00007fffd85c0000 - 0x00007fffd85d9000 	c:\Users\admin\.vscode\extensions\redhat.java-1.6.0-win32-x64\jre\17.0.2-win32-x86_64\bin\VCRUNTIME140.dll
0x00007fffcf8e0000 - 0x00007fffcfb7a000 	C:\WINDOWS\WinSxS\amd64_microsoft.windows.common-controls_6595b64144ccf1df_6.0.19041.1110_none_60b5254171f9507e\COMCTL32.dll
0x00007fffdb810000 - 0x00007fffdb8ae000 	C:\WINDOWS\System32\msvcrt.dll
0x00007fffdcb00000 - 0x00007fffdcb30000 	C:\WINDOWS\System32\IMM32.DLL
0x00007fffd85b0000 - 0x00007fffd85bc000 	c:\Users\admin\.vscode\extensions\redhat.java-1.6.0-win32-x64\jre\17.0.2-win32-x86_64\bin\vcruntime140_1.dll
0x00007fffc7ae0000 - 0x00007fffc7b71000 	c:\Users\admin\.vscode\extensions\redhat.java-1.6.0-win32-x64\jre\17.0.2-win32-x86_64\bin\msvcp140.dll
0x00007fffa7640000 - 0x00007fffa8287000 	c:\Users\admin\.vscode\extensions\redhat.java-1.6.0-win32-x64\jre\17.0.2-win32-x86_64\bin\server\jvm.dll
0x00007fffdbbe0000 - 0x00007fffdbc8e000 	C:\WINDOWS\System32\ADVAPI32.dll
0x00007fffdcda0000 - 0x00007fffdce3c000 	C:\WINDOWS\System32\sechost.dll
0x00007fffdbab0000 - 0x00007fffdbbd5000 	C:\WINDOWS\System32\RPCRT4.dll
0x00007fffdb720000 - 0x00007fffdb728000 	C:\WINDOWS\System32\PSAPI.DLL
0x00007fffcd050000 - 0x00007fffcd059000 	C:\WINDOWS\SYSTEM32\WSOCK32.dll
0x00007fffdc340000 - 0x00007fffdc3ab000 	C:\WINDOWS\System32\WS2_32.dll
0x00007fffd11a0000 - 0x00007fffd11c7000 	C:\WINDOWS\SYSTEM32\WINMM.dll
0x00007fffd3390000 - 0x00007fffd339a000 	C:\WINDOWS\SYSTEM32\VERSION.dll
0x00007fffd9670000 - 0x00007fffd9682000 	C:\WINDOWS\SYSTEM32\kernel.appcore.dll
0x00007fffd85a0000 - 0x00007fffd85aa000 	c:\Users\admin\.vscode\extensions\redhat.java-1.6.0-win32-x64\jre\17.0.2-win32-x86_64\bin\jimage.dll
0x00007fffd3e00000 - 0x00007fffd3fe4000 	C:\WINDOWS\SYSTEM32\DBGHELP.DLL
0x00007fffd36a0000 - 0x00007fffd36cc000 	C:\WINDOWS\SYSTEM32\dbgcore.DLL
0x00007fffdaf50000 - 0x00007fffdafd2000 	C:\WINDOWS\System32\bcryptPrimitives.dll
0x00007fffd7d10000 - 0x00007fffd7d35000 	c:\Users\admin\.vscode\extensions\redhat.java-1.6.0-win32-x64\jre\17.0.2-win32-x86_64\bin\java.dll
0x00007fffd7cf0000 - 0x00007fffd7d08000 	c:\Users\admin\.vscode\extensions\redhat.java-1.6.0-win32-x64\jre\17.0.2-win32-x86_64\bin\zip.dll
0x00007fffdcf40000 - 0x00007fffdd684000 	C:\WINDOWS\System32\SHELL32.dll
0x00007fffd8ec0000 - 0x00007fffd9654000 	C:\WINDOWS\SYSTEM32\windows.storage.dll
0x00007fffdc460000 - 0x00007fffdc7b4000 	C:\WINDOWS\System32\combase.dll
0x00007fffda770000 - 0x00007fffda79c000 	C:\WINDOWS\SYSTEM32\Wldp.dll
0x00007fffdc7d0000 - 0x00007fffdc87d000 	C:\WINDOWS\System32\SHCORE.dll
0x00007fffdca40000 - 0x00007fffdca95000 	C:\WINDOWS\System32\shlwapi.dll
0x00007fffdad20000 - 0x00007fffdad3f000 	C:\WINDOWS\SYSTEM32\profapi.dll
0x00007fffd5420000 - 0x00007fffd5439000 	C:\Users\admin\.vscode\extensions\redhat.java-1.6.0-win32-x64\jre\17.0.2-win32-x86_64\bin\net.dll
0x00007fffd15a0000 - 0x00007fffd16aa000 	C:\WINDOWS\SYSTEM32\WINHTTP.dll
0x00007fffda4d0000 - 0x00007fffda53a000 	C:\WINDOWS\system32\mswsock.dll
0x00007fffd52d0000 - 0x00007fffd52e5000 	C:\Users\admin\.vscode\extensions\redhat.java-1.6.0-win32-x64\jre\17.0.2-win32-x86_64\bin\nio.dll
0x00007fffda6c0000 - 0x00007fffda6d8000 	C:\WINDOWS\SYSTEM32\CRYPTSP.dll
0x00007fffd9e50000 - 0x00007fffd9e84000 	C:\WINDOWS\system32\rsaenh.dll
0x00007fffdaeb0000 - 0x00007fffdaed7000 	C:\WINDOWS\System32\bcrypt.dll
0x00007fffdace0000 - 0x00007fffdad0e000 	C:\WINDOWS\SYSTEM32\USERENV.dll
0x00007fffda6e0000 - 0x00007fffda6ec000 	C:\WINDOWS\SYSTEM32\CRYPTBASE.dll
0x00007fffda1c0000 - 0x00007fffda1fb000 	C:\WINDOWS\SYSTEM32\IPHLPAPI.DLL
0x00007fffdcf30000 - 0x00007fffdcf38000 	C:\WINDOWS\System32\NSI.dll
0x00007fffd2700000 - 0x00007fffd2717000 	C:\WINDOWS\SYSTEM32\dhcpcsvc6.DLL
0x00007fffd3030000 - 0x00007fffd304d000 	C:\WINDOWS\SYSTEM32\dhcpcsvc.DLL
0x00007fffda200000 - 0x00007fffda2cb000 	C:\WINDOWS\SYSTEM32\DNSAPI.dll
0x00007fffc7c60000 - 0x00007fffc7c9e000 	C:\Users\admin\AppData\Roaming\Code\User\globalStorage\redhat.java\1.6.0\config_ss_win\org.eclipse.equinox.launcher\org.eclipse.equinox.launcher.win32.win32.x86_64_1.2.400.v20211117-0650\eclipse_11602.dll
0x00007fffdc910000 - 0x00007fffdca3a000 	C:\WINDOWS\System32\ole32.dll
0x00007fffd61a0000 - 0x00007fffd61b0000 	c:\Users\admin\.vscode\extensions\redhat.java-1.6.0-win32-x64\jre\17.0.2-win32-x86_64\bin\verify.dll

dbghelp: loaded successfully - version: 4.0.5 - missing functions: none
symbol engine: initialized successfully - sym options: 0x614 - pdb path: .;c:\Users\admin\.vscode\extensions\redhat.java-1.6.0-win32-x64\jre\17.0.2-win32-x86_64\bin;C:\WINDOWS\SYSTEM32;C:\WINDOWS\WinSxS\amd64_microsoft.windows.common-controls_6595b64144ccf1df_6.0.19041.1110_none_60b5254171f9507e;c:\Users\admin\.vscode\extensions\redhat.java-1.6.0-win32-x64\jre\17.0.2-win32-x86_64\bin\server;C:\Users\admin\AppData\Roaming\Code\User\globalStorage\redhat.java\1.6.0\config_ss_win\org.eclipse.equinox.launcher\org.eclipse.equinox.launcher.win32.win32.x86_64_1.2.400.v20211117-0650

VM Arguments:
jvm_args: --add-modules=ALL-SYSTEM --add-opens=java.base/java.util=ALL-UNNAMED --add-opens=java.base/java.lang=ALL-UNNAMED --add-opens=java.base/sun.nio.fs=ALL-UNNAMED -Declipse.application=org.eclipse.jdt.ls.core.id1 -Dosgi.bundles.defaultStartLevel=4 -Declipse.product=org.eclipse.jdt.ls.core.product -Djava.import.generatesMetadataFilesAtProjectRoot=false -Dfile.encoding=utf8 -DwatchParentProcess=false -XX:+UseParallelGC -XX:GCTimeRatio=4 -XX:AdaptiveSizePolicyWeight=90 -Dsun.zip.disableMemoryMapping=true -Xmx1G -Xms100m 
java_command: c:\Users\admin\.vscode\extensions\redhat.java-1.6.0-win32-x64\server\plugins\org.eclipse.equinox.launcher_1.6.400.v20210924-0641.jar -configuration c:\Users\admin\AppData\Roaming\Code\User\globalStorage\redhat.java\1.6.0\config_ss_win -data c:\Users\admin\AppData\Roaming\Code\User\workspaceStorage\5651c2bef7803a3c371000bd4bbd2ad0\redhat.java\ss_ws
java_class_path (initial): c:\Users\admin\.vscode\extensions\redhat.java-1.6.0-win32-x64\server\plugins\org.eclipse.equinox.launcher_1.6.400.v20210924-0641.jar
Launcher Type: SUN_STANDARD

[Global flags]
    uintx AdaptiveSizePolicyWeight                 = 90                                        {product} {command line}
     intx CICompilerCount                          = 3                                         {product} {ergonomic}
    uintx GCTimeRatio                              = 4                                         {product} {command line}
   size_t InitialHeapSize                          = 104857600                                 {product} {command line}
   size_t MaxHeapSize                              = 1073741824                                {product} {command line}
   size_t MaxNewSize                               = 357564416                                 {product} {ergonomic}
   size_t MinHeapDeltaBytes                        = 524288                                    {product} {ergonomic}
   size_t MinHeapSize                              = 104857600                                 {product} {command line}
   size_t NewSize                                  = 34603008                                  {product} {ergonomic}
    uintx NonNMethodCodeHeapSize                   = 5832780                                {pd product} {ergonomic}
    uintx NonProfiledCodeHeapSize                  = 122912730                              {pd product} {ergonomic}
   size_t OldSize                                  = 70254592                                  {product} {ergonomic}
    uintx ProfiledCodeHeapSize                     = 122912730                              {pd product} {ergonomic}
    uintx ReservedCodeCacheSize                    = 251658240                              {pd product} {ergonomic}
     bool SegmentedCodeCache                       = true                                      {product} {ergonomic}
   size_t SoftMaxHeapSize                          = 1073741824                             {manageable} {ergonomic}
     bool UseCompressedClassPointers               = true                           {product lp64_product} {ergonomic}
     bool UseCompressedOops                        = true                           {product lp64_product} {ergonomic}
     bool UseLargePagesIndividualAllocation        = false                                  {pd product} {ergonomic}
     bool UseParallelGC                            = true                                      {product} {command line}

Logging:
Log output configuration:
 #0: stdout all=warning uptime,level,tags
 #1: stderr all=off uptime,level,tags

Environment Variables:
JAVA_HOME=C:\Program Files\Java\jdk-18.0.1
PATH=C:\Program Files\Common Files\Oracle\Java\javapath;C:\Program Files (x86)\Common Files\Oracle\Java\javapath;C:\Program Files (x86)\NVIDIA Corporation\PhysX\Common;C:\ProgramData\Oracle\Java\javapath;C:\WINDOWS\system32;C:\WINDOWS;C:\WINDOWS\System32\Wbem;C:\WINDOWS\System32\WindowsPowerShell\v1.0\;C:\Program Files (x86)\Skype\Phone\;C:\Program Files\WIDCOMM\Bluetooth Software\;C:\Program Files\WIDCOMM\Bluetooth Software\syswow64;C:\WINDOWS\System32\OpenSSH\;C:\Program Files\Git\cmd;C:\Program Files (x86)\nodejs\;C:\Program Files\apache-maven-3.8.5\bin;C:\Users\admin\AppData\Local\Microsoft\WindowsApps;C:\Program Files\Intel\WiFi\bin\;C:\Program Files\Common Files\Intel\WirelessCommon\;C:\Users\admin\AppData\Local\Programs\Microsoft VS Code\bin;C:\Users\admin\AppData\Roaming\npm;;C:\Program Files\apache-maven-3.8.5\bin;
USERNAME=admin
OS=Windows_NT
PROCESSOR_IDENTIFIER=Intel64 Family 6 Model 78 Stepping 3, GenuineIntel



---------------  S Y S T E M  ---------------

OS:
 Windows 10 , 64 bit Build 19041 (10.0.19041.1706)
OS uptime: 15 days 10:31 hours

CPU: total 4 (initial active 4) (2 cores per cpu, 2 threads per core) family 6 model 78 stepping 3 microcode 0xec, cx8, cmov, fxsr, ht, mmx, 3dnowpref, sse, sse2, sse3, ssse3, sse4.1, sse4.2, popcnt, lzcnt, tsc, tscinvbit, avx, avx2, aes, erms, clmul, bmi1, bmi2, rtm, adx, fma, vzeroupper, clflush, clflushopt

Memory: 4k page, system-wide physical 7856M (1219M free)
TotalPageFile size 11856M (AvailPageFile size 205M)
current process WorkingSet (physical memory assigned to process): 112M, peak: 112M
current process commit charge ("private bytes"): 209M, peak: 209M

vm_info: OpenJDK 64-Bit Server VM (17.0.2+8) for windows-amd64 JRE (17.0.2+8), built on Jan 20 2022 04:52:34 by "" with MS VC++ 16.7 (VS2019)

END.
